:: loading settings :: url = jar:file:/opt/spark/jars/ivy-2.5.1.jar!/org/apache/ivy/core/settings/ivysettings.xml
Ivy Default Cache set to: /root/.ivy2/cache
The jars for the packages stored in: /root/.ivy2/jars
org.apache.iceberg#iceberg-spark-runtime-3.5_2.12 added as a dependency
org.apache.hadoop#hadoop-aws added as a dependency
org.apache.spark#spark-sql-kafka-0-10_2.12 added as a dependency
:: resolving dependencies :: org.apache.spark#spark-submit-parent-1fdc8cb1-e175-4089-815f-02a6a97e02e6;1.0
	confs: [default]
	found org.apache.iceberg#iceberg-spark-runtime-3.5_2.12;1.4.2 in central
	found org.apache.hadoop#hadoop-aws;3.3.4 in central
	found com.amazonaws#aws-java-sdk-bundle;1.12.262 in central
	found org.wildfly.openssl#wildfly-openssl;1.0.7.Final in central
	found org.apache.spark#spark-sql-kafka-0-10_2.12;3.5.0 in central
	found org.apache.spark#spark-token-provider-kafka-0-10_2.12;3.5.0 in central
	found org.apache.kafka#kafka-clients;3.4.1 in central
	found org.lz4#lz4-java;1.8.0 in central
	found org.xerial.snappy#snappy-java;1.1.10.3 in central
	found org.slf4j#slf4j-api;2.0.7 in central
	found org.apache.hadoop#hadoop-client-runtime;3.3.4 in central
	found org.apache.hadoop#hadoop-client-api;3.3.4 in central
	found commons-logging#commons-logging;1.1.3 in central
	found com.google.code.findbugs#jsr305;3.0.0 in central
	found org.apache.commons#commons-pool2;2.11.1 in central
:: resolution report :: resolve 747ms :: artifacts dl 30ms
	:: modules in use:
	com.amazonaws#aws-java-sdk-bundle;1.12.262 from central in [default]
	com.google.code.findbugs#jsr305;3.0.0 from central in [default]
	commons-logging#commons-logging;1.1.3 from central in [default]
	org.apache.commons#commons-pool2;2.11.1 from central in [default]
	org.apache.hadoop#hadoop-aws;3.3.4 from central in [default]
	org.apache.hadoop#hadoop-client-api;3.3.4 from central in [default]
	org.apache.hadoop#hadoop-client-runtime;3.3.4 from central in [default]
	org.apache.iceberg#iceberg-spark-runtime-3.5_2.12;1.4.2 from central in [default]
	org.apache.kafka#kafka-clients;3.4.1 from central in [default]
	org.apache.spark#spark-sql-kafka-0-10_2.12;3.5.0 from central in [default]
	org.apache.spark#spark-token-provider-kafka-0-10_2.12;3.5.0 from central in [default]
	org.lz4#lz4-java;1.8.0 from central in [default]
	org.slf4j#slf4j-api;2.0.7 from central in [default]
	org.wildfly.openssl#wildfly-openssl;1.0.7.Final from central in [default]
	org.xerial.snappy#snappy-java;1.1.10.3 from central in [default]
	---------------------------------------------------------------------
	|                  |            modules            ||   artifacts   |
	|       conf       | number| search|dwnlded|evicted|| number|dwnlded|
	---------------------------------------------------------------------
	|      default     |   15  |   0   |   0   |   0   ||   15  |   0   |
	---------------------------------------------------------------------
:: retrieving :: org.apache.spark#spark-submit-parent-1fdc8cb1-e175-4089-815f-02a6a97e02e6
	confs: [default]
	0 artifacts copied, 15 already retrieved (0kB/23ms)
26/02/11 17:39:33 WARN NativeCodeLoader: Unable to load native-hadoop library for your platform... using builtin-java classes where applicable
26/02/11 17:39:39 INFO SparkContext: Running Spark version 3.5.0
26/02/11 17:39:39 INFO SparkContext: OS info Linux, 6.6.87.2-microsoft-standard-WSL2, amd64
26/02/11 17:39:39 INFO SparkContext: Java version 11.0.20.1
26/02/11 17:39:39 INFO ResourceUtils: ==============================================================
26/02/11 17:39:39 INFO ResourceUtils: No custom resources configured for spark.driver.
26/02/11 17:39:39 INFO ResourceUtils: ==============================================================
26/02/11 17:39:39 INFO SparkContext: Submitted application: CryptoLake-StreamToBronze
26/02/11 17:39:39 INFO ResourceProfile: Default ResourceProfile created, executor resources: Map(cores -> name: cores, amount: 1, script: , vendor: , memory -> name: memory, amount: 1024, script: , vendor: , offHeap -> name: offHeap, amount: 0, script: , vendor: ), task resources: Map(cpus -> name: cpus, amount: 1.0)
26/02/11 17:39:39 INFO ResourceProfile: Limiting resource is cpu
26/02/11 17:39:39 INFO ResourceProfileManager: Added ResourceProfile id: 0
26/02/11 17:39:39 INFO SecurityManager: Changing view acls to: root
26/02/11 17:39:39 INFO SecurityManager: Changing modify acls to: root
26/02/11 17:39:39 INFO SecurityManager: Changing view acls groups to: 
26/02/11 17:39:39 INFO SecurityManager: Changing modify acls groups to: 
26/02/11 17:39:39 INFO SecurityManager: SecurityManager: authentication disabled; ui acls disabled; users with view permissions: root; groups with view permissions: EMPTY; users with modify permissions: root; groups with modify permissions: EMPTY
26/02/11 17:39:40 INFO Utils: Successfully started service 'sparkDriver' on port 42317.
26/02/11 17:39:40 INFO SparkEnv: Registering MapOutputTracker
26/02/11 17:39:40 INFO SparkEnv: Registering BlockManagerMaster
26/02/11 17:39:40 INFO BlockManagerMasterEndpoint: Using org.apache.spark.storage.DefaultTopologyMapper for getting topology information
26/02/11 17:39:40 INFO BlockManagerMasterEndpoint: BlockManagerMasterEndpoint up
26/02/11 17:39:40 INFO SparkEnv: Registering BlockManagerMasterHeartbeat
26/02/11 17:39:40 INFO DiskBlockManager: Created local directory at /tmp/blockmgr-e8afb1b8-5b63-48e0-aaf2-c16e0ded26bd
26/02/11 17:39:40 INFO MemoryStore: MemoryStore started with capacity 434.4 MiB
26/02/11 17:39:40 INFO SparkEnv: Registering OutputCommitCoordinator
26/02/11 17:39:40 INFO JettyUtils: Start Jetty 0.0.0.0:4040 for SparkUI
26/02/11 17:39:40 INFO Utils: Successfully started service 'SparkUI' on port 4040.
26/02/11 17:39:40 INFO SparkContext: Added JAR file:///root/.ivy2/jars/org.apache.iceberg_iceberg-spark-runtime-3.5_2.12-1.4.2.jar at spark://a0cf84f032ea:42317/jars/org.apache.iceberg_iceberg-spark-runtime-3.5_2.12-1.4.2.jar with timestamp 1770831579277
26/02/11 17:39:40 INFO SparkContext: Added JAR file:///root/.ivy2/jars/org.apache.hadoop_hadoop-aws-3.3.4.jar at spark://a0cf84f032ea:42317/jars/org.apache.hadoop_hadoop-aws-3.3.4.jar with timestamp 1770831579277
26/02/11 17:39:40 INFO SparkContext: Added JAR file:///root/.ivy2/jars/org.apache.spark_spark-sql-kafka-0-10_2.12-3.5.0.jar at spark://a0cf84f032ea:42317/jars/org.apache.spark_spark-sql-kafka-0-10_2.12-3.5.0.jar with timestamp 1770831579277
26/02/11 17:39:40 INFO SparkContext: Added JAR file:///root/.ivy2/jars/com.amazonaws_aws-java-sdk-bundle-1.12.262.jar at spark://a0cf84f032ea:42317/jars/com.amazonaws_aws-java-sdk-bundle-1.12.262.jar with timestamp 1770831579277
26/02/11 17:39:40 INFO SparkContext: Added JAR file:///root/.ivy2/jars/org.wildfly.openssl_wildfly-openssl-1.0.7.Final.jar at spark://a0cf84f032ea:42317/jars/org.wildfly.openssl_wildfly-openssl-1.0.7.Final.jar with timestamp 1770831579277
26/02/11 17:39:40 INFO SparkContext: Added JAR file:///root/.ivy2/jars/org.apache.spark_spark-token-provider-kafka-0-10_2.12-3.5.0.jar at spark://a0cf84f032ea:42317/jars/org.apache.spark_spark-token-provider-kafka-0-10_2.12-3.5.0.jar with timestamp 1770831579277
26/02/11 17:39:40 INFO SparkContext: Added JAR file:///root/.ivy2/jars/org.apache.kafka_kafka-clients-3.4.1.jar at spark://a0cf84f032ea:42317/jars/org.apache.kafka_kafka-clients-3.4.1.jar with timestamp 1770831579277
26/02/11 17:39:40 INFO SparkContext: Added JAR file:///root/.ivy2/jars/com.google.code.findbugs_jsr305-3.0.0.jar at spark://a0cf84f032ea:42317/jars/com.google.code.findbugs_jsr305-3.0.0.jar with timestamp 1770831579277
26/02/11 17:39:40 INFO SparkContext: Added JAR file:///root/.ivy2/jars/org.apache.commons_commons-pool2-2.11.1.jar at spark://a0cf84f032ea:42317/jars/org.apache.commons_commons-pool2-2.11.1.jar with timestamp 1770831579277
26/02/11 17:39:40 INFO SparkContext: Added JAR file:///root/.ivy2/jars/org.apache.hadoop_hadoop-client-runtime-3.3.4.jar at spark://a0cf84f032ea:42317/jars/org.apache.hadoop_hadoop-client-runtime-3.3.4.jar with timestamp 1770831579277
26/02/11 17:39:40 INFO SparkContext: Added JAR file:///root/.ivy2/jars/org.lz4_lz4-java-1.8.0.jar at spark://a0cf84f032ea:42317/jars/org.lz4_lz4-java-1.8.0.jar with timestamp 1770831579277
26/02/11 17:39:40 INFO SparkContext: Added JAR file:///root/.ivy2/jars/org.xerial.snappy_snappy-java-1.1.10.3.jar at spark://a0cf84f032ea:42317/jars/org.xerial.snappy_snappy-java-1.1.10.3.jar with timestamp 1770831579277
26/02/11 17:39:40 INFO SparkContext: Added JAR file:///root/.ivy2/jars/org.slf4j_slf4j-api-2.0.7.jar at spark://a0cf84f032ea:42317/jars/org.slf4j_slf4j-api-2.0.7.jar with timestamp 1770831579277
26/02/11 17:39:40 INFO SparkContext: Added JAR file:///root/.ivy2/jars/org.apache.hadoop_hadoop-client-api-3.3.4.jar at spark://a0cf84f032ea:42317/jars/org.apache.hadoop_hadoop-client-api-3.3.4.jar with timestamp 1770831579277
26/02/11 17:39:40 INFO SparkContext: Added JAR file:///root/.ivy2/jars/commons-logging_commons-logging-1.1.3.jar at spark://a0cf84f032ea:42317/jars/commons-logging_commons-logging-1.1.3.jar with timestamp 1770831579277
26/02/11 17:39:40 INFO SparkContext: Added file file:///root/.ivy2/jars/org.apache.iceberg_iceberg-spark-runtime-3.5_2.12-1.4.2.jar at file:///root/.ivy2/jars/org.apache.iceberg_iceberg-spark-runtime-3.5_2.12-1.4.2.jar with timestamp 1770831579277
26/02/11 17:39:40 INFO Utils: Copying /root/.ivy2/jars/org.apache.iceberg_iceberg-spark-runtime-3.5_2.12-1.4.2.jar to /tmp/spark-2239919f-f434-412c-b6ae-ac30799b90b3/userFiles-7cb9d2fc-0e54-47eb-8dba-463a5484d3cb/org.apache.iceberg_iceberg-spark-runtime-3.5_2.12-1.4.2.jar
26/02/11 17:39:40 INFO SparkContext: Added file file:///root/.ivy2/jars/org.apache.hadoop_hadoop-aws-3.3.4.jar at file:///root/.ivy2/jars/org.apache.hadoop_hadoop-aws-3.3.4.jar with timestamp 1770831579277
26/02/11 17:39:40 INFO Utils: Copying /root/.ivy2/jars/org.apache.hadoop_hadoop-aws-3.3.4.jar to /tmp/spark-2239919f-f434-412c-b6ae-ac30799b90b3/userFiles-7cb9d2fc-0e54-47eb-8dba-463a5484d3cb/org.apache.hadoop_hadoop-aws-3.3.4.jar
26/02/11 17:39:40 INFO SparkContext: Added file file:///root/.ivy2/jars/org.apache.spark_spark-sql-kafka-0-10_2.12-3.5.0.jar at file:///root/.ivy2/jars/org.apache.spark_spark-sql-kafka-0-10_2.12-3.5.0.jar with timestamp 1770831579277
26/02/11 17:39:40 INFO Utils: Copying /root/.ivy2/jars/org.apache.spark_spark-sql-kafka-0-10_2.12-3.5.0.jar to /tmp/spark-2239919f-f434-412c-b6ae-ac30799b90b3/userFiles-7cb9d2fc-0e54-47eb-8dba-463a5484d3cb/org.apache.spark_spark-sql-kafka-0-10_2.12-3.5.0.jar
26/02/11 17:39:40 INFO SparkContext: Added file file:///root/.ivy2/jars/com.amazonaws_aws-java-sdk-bundle-1.12.262.jar at file:///root/.ivy2/jars/com.amazonaws_aws-java-sdk-bundle-1.12.262.jar with timestamp 1770831579277
26/02/11 17:39:40 INFO Utils: Copying /root/.ivy2/jars/com.amazonaws_aws-java-sdk-bundle-1.12.262.jar to /tmp/spark-2239919f-f434-412c-b6ae-ac30799b90b3/userFiles-7cb9d2fc-0e54-47eb-8dba-463a5484d3cb/com.amazonaws_aws-java-sdk-bundle-1.12.262.jar
26/02/11 17:39:41 INFO SparkContext: Added file file:///root/.ivy2/jars/org.wildfly.openssl_wildfly-openssl-1.0.7.Final.jar at file:///root/.ivy2/jars/org.wildfly.openssl_wildfly-openssl-1.0.7.Final.jar with timestamp 1770831579277
26/02/11 17:39:41 INFO Utils: Copying /root/.ivy2/jars/org.wildfly.openssl_wildfly-openssl-1.0.7.Final.jar to /tmp/spark-2239919f-f434-412c-b6ae-ac30799b90b3/userFiles-7cb9d2fc-0e54-47eb-8dba-463a5484d3cb/org.wildfly.openssl_wildfly-openssl-1.0.7.Final.jar
26/02/11 17:39:41 INFO SparkContext: Added file file:///root/.ivy2/jars/org.apache.spark_spark-token-provider-kafka-0-10_2.12-3.5.0.jar at file:///root/.ivy2/jars/org.apache.spark_spark-token-provider-kafka-0-10_2.12-3.5.0.jar with timestamp 1770831579277
26/02/11 17:39:41 INFO Utils: Copying /root/.ivy2/jars/org.apache.spark_spark-token-provider-kafka-0-10_2.12-3.5.0.jar to /tmp/spark-2239919f-f434-412c-b6ae-ac30799b90b3/userFiles-7cb9d2fc-0e54-47eb-8dba-463a5484d3cb/org.apache.spark_spark-token-provider-kafka-0-10_2.12-3.5.0.jar
26/02/11 17:39:41 INFO SparkContext: Added file file:///root/.ivy2/jars/org.apache.kafka_kafka-clients-3.4.1.jar at file:///root/.ivy2/jars/org.apache.kafka_kafka-clients-3.4.1.jar with timestamp 1770831579277
26/02/11 17:39:41 INFO Utils: Copying /root/.ivy2/jars/org.apache.kafka_kafka-clients-3.4.1.jar to /tmp/spark-2239919f-f434-412c-b6ae-ac30799b90b3/userFiles-7cb9d2fc-0e54-47eb-8dba-463a5484d3cb/org.apache.kafka_kafka-clients-3.4.1.jar
26/02/11 17:39:41 INFO SparkContext: Added file file:///root/.ivy2/jars/com.google.code.findbugs_jsr305-3.0.0.jar at file:///root/.ivy2/jars/com.google.code.findbugs_jsr305-3.0.0.jar with timestamp 1770831579277
26/02/11 17:39:41 INFO Utils: Copying /root/.ivy2/jars/com.google.code.findbugs_jsr305-3.0.0.jar to /tmp/spark-2239919f-f434-412c-b6ae-ac30799b90b3/userFiles-7cb9d2fc-0e54-47eb-8dba-463a5484d3cb/com.google.code.findbugs_jsr305-3.0.0.jar
26/02/11 17:39:41 INFO SparkContext: Added file file:///root/.ivy2/jars/org.apache.commons_commons-pool2-2.11.1.jar at file:///root/.ivy2/jars/org.apache.commons_commons-pool2-2.11.1.jar with timestamp 1770831579277
26/02/11 17:39:41 INFO Utils: Copying /root/.ivy2/jars/org.apache.commons_commons-pool2-2.11.1.jar to /tmp/spark-2239919f-f434-412c-b6ae-ac30799b90b3/userFiles-7cb9d2fc-0e54-47eb-8dba-463a5484d3cb/org.apache.commons_commons-pool2-2.11.1.jar
26/02/11 17:39:41 INFO SparkContext: Added file file:///root/.ivy2/jars/org.apache.hadoop_hadoop-client-runtime-3.3.4.jar at file:///root/.ivy2/jars/org.apache.hadoop_hadoop-client-runtime-3.3.4.jar with timestamp 1770831579277
26/02/11 17:39:41 INFO Utils: Copying /root/.ivy2/jars/org.apache.hadoop_hadoop-client-runtime-3.3.4.jar to /tmp/spark-2239919f-f434-412c-b6ae-ac30799b90b3/userFiles-7cb9d2fc-0e54-47eb-8dba-463a5484d3cb/org.apache.hadoop_hadoop-client-runtime-3.3.4.jar
26/02/11 17:39:41 INFO SparkContext: Added file file:///root/.ivy2/jars/org.lz4_lz4-java-1.8.0.jar at file:///root/.ivy2/jars/org.lz4_lz4-java-1.8.0.jar with timestamp 1770831579277
26/02/11 17:39:41 INFO Utils: Copying /root/.ivy2/jars/org.lz4_lz4-java-1.8.0.jar to /tmp/spark-2239919f-f434-412c-b6ae-ac30799b90b3/userFiles-7cb9d2fc-0e54-47eb-8dba-463a5484d3cb/org.lz4_lz4-java-1.8.0.jar
26/02/11 17:39:41 INFO SparkContext: Added file file:///root/.ivy2/jars/org.xerial.snappy_snappy-java-1.1.10.3.jar at file:///root/.ivy2/jars/org.xerial.snappy_snappy-java-1.1.10.3.jar with timestamp 1770831579277
26/02/11 17:39:41 INFO Utils: Copying /root/.ivy2/jars/org.xerial.snappy_snappy-java-1.1.10.3.jar to /tmp/spark-2239919f-f434-412c-b6ae-ac30799b90b3/userFiles-7cb9d2fc-0e54-47eb-8dba-463a5484d3cb/org.xerial.snappy_snappy-java-1.1.10.3.jar
26/02/11 17:39:41 INFO SparkContext: Added file file:///root/.ivy2/jars/org.slf4j_slf4j-api-2.0.7.jar at file:///root/.ivy2/jars/org.slf4j_slf4j-api-2.0.7.jar with timestamp 1770831579277
26/02/11 17:39:41 INFO Utils: Copying /root/.ivy2/jars/org.slf4j_slf4j-api-2.0.7.jar to /tmp/spark-2239919f-f434-412c-b6ae-ac30799b90b3/userFiles-7cb9d2fc-0e54-47eb-8dba-463a5484d3cb/org.slf4j_slf4j-api-2.0.7.jar
26/02/11 17:39:41 INFO SparkContext: Added file file:///root/.ivy2/jars/org.apache.hadoop_hadoop-client-api-3.3.4.jar at file:///root/.ivy2/jars/org.apache.hadoop_hadoop-client-api-3.3.4.jar with timestamp 1770831579277
26/02/11 17:39:41 INFO Utils: Copying /root/.ivy2/jars/org.apache.hadoop_hadoop-client-api-3.3.4.jar to /tmp/spark-2239919f-f434-412c-b6ae-ac30799b90b3/userFiles-7cb9d2fc-0e54-47eb-8dba-463a5484d3cb/org.apache.hadoop_hadoop-client-api-3.3.4.jar
26/02/11 17:39:41 INFO SparkContext: Added file file:///root/.ivy2/jars/commons-logging_commons-logging-1.1.3.jar at file:///root/.ivy2/jars/commons-logging_commons-logging-1.1.3.jar with timestamp 1770831579277
26/02/11 17:39:41 INFO Utils: Copying /root/.ivy2/jars/commons-logging_commons-logging-1.1.3.jar to /tmp/spark-2239919f-f434-412c-b6ae-ac30799b90b3/userFiles-7cb9d2fc-0e54-47eb-8dba-463a5484d3cb/commons-logging_commons-logging-1.1.3.jar
26/02/11 17:39:41 INFO Executor: Starting executor ID driver on host a0cf84f032ea
26/02/11 17:39:41 INFO Executor: OS info Linux, 6.6.87.2-microsoft-standard-WSL2, amd64
26/02/11 17:39:41 INFO Executor: Java version 11.0.20.1
26/02/11 17:39:41 INFO Executor: Starting executor with user classpath (userClassPathFirst = false): ''
26/02/11 17:39:41 INFO Executor: Created or updated repl class loader org.apache.spark.util.MutableURLClassLoader@469f7364 for default.
26/02/11 17:39:41 INFO Executor: Fetching file:///root/.ivy2/jars/org.apache.spark_spark-sql-kafka-0-10_2.12-3.5.0.jar with timestamp 1770831579277
26/02/11 17:39:41 INFO Utils: /root/.ivy2/jars/org.apache.spark_spark-sql-kafka-0-10_2.12-3.5.0.jar has been previously copied to /tmp/spark-2239919f-f434-412c-b6ae-ac30799b90b3/userFiles-7cb9d2fc-0e54-47eb-8dba-463a5484d3cb/org.apache.spark_spark-sql-kafka-0-10_2.12-3.5.0.jar
26/02/11 17:39:41 INFO Executor: Fetching file:///root/.ivy2/jars/org.apache.hadoop_hadoop-client-api-3.3.4.jar with timestamp 1770831579277
26/02/11 17:39:41 INFO Utils: /root/.ivy2/jars/org.apache.hadoop_hadoop-client-api-3.3.4.jar has been previously copied to /tmp/spark-2239919f-f434-412c-b6ae-ac30799b90b3/userFiles-7cb9d2fc-0e54-47eb-8dba-463a5484d3cb/org.apache.hadoop_hadoop-client-api-3.3.4.jar
26/02/11 17:39:41 INFO Executor: Fetching file:///root/.ivy2/jars/com.google.code.findbugs_jsr305-3.0.0.jar with timestamp 1770831579277
26/02/11 17:39:41 INFO Utils: /root/.ivy2/jars/com.google.code.findbugs_jsr305-3.0.0.jar has been previously copied to /tmp/spark-2239919f-f434-412c-b6ae-ac30799b90b3/userFiles-7cb9d2fc-0e54-47eb-8dba-463a5484d3cb/com.google.code.findbugs_jsr305-3.0.0.jar
26/02/11 17:39:41 INFO Executor: Fetching file:///root/.ivy2/jars/org.apache.hadoop_hadoop-client-runtime-3.3.4.jar with timestamp 1770831579277
26/02/11 17:39:41 INFO Utils: /root/.ivy2/jars/org.apache.hadoop_hadoop-client-runtime-3.3.4.jar has been previously copied to /tmp/spark-2239919f-f434-412c-b6ae-ac30799b90b3/userFiles-7cb9d2fc-0e54-47eb-8dba-463a5484d3cb/org.apache.hadoop_hadoop-client-runtime-3.3.4.jar
26/02/11 17:39:41 INFO Executor: Fetching file:///root/.ivy2/jars/org.xerial.snappy_snappy-java-1.1.10.3.jar with timestamp 1770831579277
26/02/11 17:39:41 INFO Utils: /root/.ivy2/jars/org.xerial.snappy_snappy-java-1.1.10.3.jar has been previously copied to /tmp/spark-2239919f-f434-412c-b6ae-ac30799b90b3/userFiles-7cb9d2fc-0e54-47eb-8dba-463a5484d3cb/org.xerial.snappy_snappy-java-1.1.10.3.jar
26/02/11 17:39:41 INFO Executor: Fetching file:///root/.ivy2/jars/org.apache.hadoop_hadoop-aws-3.3.4.jar with timestamp 1770831579277
26/02/11 17:39:41 INFO Utils: /root/.ivy2/jars/org.apache.hadoop_hadoop-aws-3.3.4.jar has been previously copied to /tmp/spark-2239919f-f434-412c-b6ae-ac30799b90b3/userFiles-7cb9d2fc-0e54-47eb-8dba-463a5484d3cb/org.apache.hadoop_hadoop-aws-3.3.4.jar
26/02/11 17:39:41 INFO Executor: Fetching file:///root/.ivy2/jars/org.apache.spark_spark-token-provider-kafka-0-10_2.12-3.5.0.jar with timestamp 1770831579277
26/02/11 17:39:41 INFO Utils: /root/.ivy2/jars/org.apache.spark_spark-token-provider-kafka-0-10_2.12-3.5.0.jar has been previously copied to /tmp/spark-2239919f-f434-412c-b6ae-ac30799b90b3/userFiles-7cb9d2fc-0e54-47eb-8dba-463a5484d3cb/org.apache.spark_spark-token-provider-kafka-0-10_2.12-3.5.0.jar
26/02/11 17:39:41 INFO Executor: Fetching file:///root/.ivy2/jars/org.slf4j_slf4j-api-2.0.7.jar with timestamp 1770831579277
26/02/11 17:39:41 INFO Utils: /root/.ivy2/jars/org.slf4j_slf4j-api-2.0.7.jar has been previously copied to /tmp/spark-2239919f-f434-412c-b6ae-ac30799b90b3/userFiles-7cb9d2fc-0e54-47eb-8dba-463a5484d3cb/org.slf4j_slf4j-api-2.0.7.jar
26/02/11 17:39:41 INFO Executor: Fetching file:///root/.ivy2/jars/com.amazonaws_aws-java-sdk-bundle-1.12.262.jar with timestamp 1770831579277
26/02/11 17:39:41 INFO Utils: /root/.ivy2/jars/com.amazonaws_aws-java-sdk-bundle-1.12.262.jar has been previously copied to /tmp/spark-2239919f-f434-412c-b6ae-ac30799b90b3/userFiles-7cb9d2fc-0e54-47eb-8dba-463a5484d3cb/com.amazonaws_aws-java-sdk-bundle-1.12.262.jar
26/02/11 17:39:41 INFO Executor: Fetching file:///root/.ivy2/jars/org.apache.iceberg_iceberg-spark-runtime-3.5_2.12-1.4.2.jar with timestamp 1770831579277
26/02/11 17:39:41 INFO Utils: /root/.ivy2/jars/org.apache.iceberg_iceberg-spark-runtime-3.5_2.12-1.4.2.jar has been previously copied to /tmp/spark-2239919f-f434-412c-b6ae-ac30799b90b3/userFiles-7cb9d2fc-0e54-47eb-8dba-463a5484d3cb/org.apache.iceberg_iceberg-spark-runtime-3.5_2.12-1.4.2.jar
26/02/11 17:39:41 INFO Executor: Fetching file:///root/.ivy2/jars/org.apache.commons_commons-pool2-2.11.1.jar with timestamp 1770831579277
26/02/11 17:39:41 INFO Utils: /root/.ivy2/jars/org.apache.commons_commons-pool2-2.11.1.jar has been previously copied to /tmp/spark-2239919f-f434-412c-b6ae-ac30799b90b3/userFiles-7cb9d2fc-0e54-47eb-8dba-463a5484d3cb/org.apache.commons_commons-pool2-2.11.1.jar
26/02/11 17:39:41 INFO Executor: Fetching file:///root/.ivy2/jars/commons-logging_commons-logging-1.1.3.jar with timestamp 1770831579277
26/02/11 17:39:41 INFO Utils: /root/.ivy2/jars/commons-logging_commons-logging-1.1.3.jar has been previously copied to /tmp/spark-2239919f-f434-412c-b6ae-ac30799b90b3/userFiles-7cb9d2fc-0e54-47eb-8dba-463a5484d3cb/commons-logging_commons-logging-1.1.3.jar
26/02/11 17:39:41 INFO Executor: Fetching file:///root/.ivy2/jars/org.lz4_lz4-java-1.8.0.jar with timestamp 1770831579277
26/02/11 17:39:41 INFO Utils: /root/.ivy2/jars/org.lz4_lz4-java-1.8.0.jar has been previously copied to /tmp/spark-2239919f-f434-412c-b6ae-ac30799b90b3/userFiles-7cb9d2fc-0e54-47eb-8dba-463a5484d3cb/org.lz4_lz4-java-1.8.0.jar
26/02/11 17:39:41 INFO Executor: Fetching file:///root/.ivy2/jars/org.apache.kafka_kafka-clients-3.4.1.jar with timestamp 1770831579277
26/02/11 17:39:41 INFO Utils: /root/.ivy2/jars/org.apache.kafka_kafka-clients-3.4.1.jar has been previously copied to /tmp/spark-2239919f-f434-412c-b6ae-ac30799b90b3/userFiles-7cb9d2fc-0e54-47eb-8dba-463a5484d3cb/org.apache.kafka_kafka-clients-3.4.1.jar
26/02/11 17:39:41 INFO Executor: Fetching file:///root/.ivy2/jars/org.wildfly.openssl_wildfly-openssl-1.0.7.Final.jar with timestamp 1770831579277
26/02/11 17:39:41 INFO Utils: /root/.ivy2/jars/org.wildfly.openssl_wildfly-openssl-1.0.7.Final.jar has been previously copied to /tmp/spark-2239919f-f434-412c-b6ae-ac30799b90b3/userFiles-7cb9d2fc-0e54-47eb-8dba-463a5484d3cb/org.wildfly.openssl_wildfly-openssl-1.0.7.Final.jar
26/02/11 17:39:41 INFO Executor: Fetching spark://a0cf84f032ea:42317/jars/org.apache.kafka_kafka-clients-3.4.1.jar with timestamp 1770831579277
26/02/11 17:39:41 INFO TransportClientFactory: Successfully created connection to a0cf84f032ea/172.22.0.3:42317 after 54 ms (0 ms spent in bootstraps)
26/02/11 17:39:41 INFO Utils: Fetching spark://a0cf84f032ea:42317/jars/org.apache.kafka_kafka-clients-3.4.1.jar to /tmp/spark-2239919f-f434-412c-b6ae-ac30799b90b3/userFiles-7cb9d2fc-0e54-47eb-8dba-463a5484d3cb/fetchFileTemp6357319310933566283.tmp
26/02/11 17:39:41 INFO Utils: /tmp/spark-2239919f-f434-412c-b6ae-ac30799b90b3/userFiles-7cb9d2fc-0e54-47eb-8dba-463a5484d3cb/fetchFileTemp6357319310933566283.tmp has been previously copied to /tmp/spark-2239919f-f434-412c-b6ae-ac30799b90b3/userFiles-7cb9d2fc-0e54-47eb-8dba-463a5484d3cb/org.apache.kafka_kafka-clients-3.4.1.jar
26/02/11 17:39:41 INFO Executor: Adding file:/tmp/spark-2239919f-f434-412c-b6ae-ac30799b90b3/userFiles-7cb9d2fc-0e54-47eb-8dba-463a5484d3cb/org.apache.kafka_kafka-clients-3.4.1.jar to class loader default
26/02/11 17:39:41 INFO Executor: Fetching spark://a0cf84f032ea:42317/jars/org.apache.hadoop_hadoop-aws-3.3.4.jar with timestamp 1770831579277
26/02/11 17:39:41 INFO Utils: Fetching spark://a0cf84f032ea:42317/jars/org.apache.hadoop_hadoop-aws-3.3.4.jar to /tmp/spark-2239919f-f434-412c-b6ae-ac30799b90b3/userFiles-7cb9d2fc-0e54-47eb-8dba-463a5484d3cb/fetchFileTemp11478088739179211071.tmp
26/02/11 17:39:41 INFO Utils: /tmp/spark-2239919f-f434-412c-b6ae-ac30799b90b3/userFiles-7cb9d2fc-0e54-47eb-8dba-463a5484d3cb/fetchFileTemp11478088739179211071.tmp has been previously copied to /tmp/spark-2239919f-f434-412c-b6ae-ac30799b90b3/userFiles-7cb9d2fc-0e54-47eb-8dba-463a5484d3cb/org.apache.hadoop_hadoop-aws-3.3.4.jar
26/02/11 17:39:41 INFO Executor: Adding file:/tmp/spark-2239919f-f434-412c-b6ae-ac30799b90b3/userFiles-7cb9d2fc-0e54-47eb-8dba-463a5484d3cb/org.apache.hadoop_hadoop-aws-3.3.4.jar to class loader default
26/02/11 17:39:41 INFO Executor: Fetching spark://a0cf84f032ea:42317/jars/org.lz4_lz4-java-1.8.0.jar with timestamp 1770831579277
26/02/11 17:39:41 INFO Utils: Fetching spark://a0cf84f032ea:42317/jars/org.lz4_lz4-java-1.8.0.jar to /tmp/spark-2239919f-f434-412c-b6ae-ac30799b90b3/userFiles-7cb9d2fc-0e54-47eb-8dba-463a5484d3cb/fetchFileTemp14029653748788379303.tmp
26/02/11 17:39:41 INFO Utils: /tmp/spark-2239919f-f434-412c-b6ae-ac30799b90b3/userFiles-7cb9d2fc-0e54-47eb-8dba-463a5484d3cb/fetchFileTemp14029653748788379303.tmp has been previously copied to /tmp/spark-2239919f-f434-412c-b6ae-ac30799b90b3/userFiles-7cb9d2fc-0e54-47eb-8dba-463a5484d3cb/org.lz4_lz4-java-1.8.0.jar
26/02/11 17:39:42 INFO Executor: Adding file:/tmp/spark-2239919f-f434-412c-b6ae-ac30799b90b3/userFiles-7cb9d2fc-0e54-47eb-8dba-463a5484d3cb/org.lz4_lz4-java-1.8.0.jar to class loader default
26/02/11 17:39:42 INFO Executor: Fetching spark://a0cf84f032ea:42317/jars/org.xerial.snappy_snappy-java-1.1.10.3.jar with timestamp 1770831579277
26/02/11 17:39:42 INFO Utils: Fetching spark://a0cf84f032ea:42317/jars/org.xerial.snappy_snappy-java-1.1.10.3.jar to /tmp/spark-2239919f-f434-412c-b6ae-ac30799b90b3/userFiles-7cb9d2fc-0e54-47eb-8dba-463a5484d3cb/fetchFileTemp10350588425153466285.tmp
26/02/11 17:39:42 INFO Utils: /tmp/spark-2239919f-f434-412c-b6ae-ac30799b90b3/userFiles-7cb9d2fc-0e54-47eb-8dba-463a5484d3cb/fetchFileTemp10350588425153466285.tmp has been previously copied to /tmp/spark-2239919f-f434-412c-b6ae-ac30799b90b3/userFiles-7cb9d2fc-0e54-47eb-8dba-463a5484d3cb/org.xerial.snappy_snappy-java-1.1.10.3.jar
26/02/11 17:39:42 INFO Executor: Adding file:/tmp/spark-2239919f-f434-412c-b6ae-ac30799b90b3/userFiles-7cb9d2fc-0e54-47eb-8dba-463a5484d3cb/org.xerial.snappy_snappy-java-1.1.10.3.jar to class loader default
26/02/11 17:39:42 INFO Executor: Fetching spark://a0cf84f032ea:42317/jars/org.wildfly.openssl_wildfly-openssl-1.0.7.Final.jar with timestamp 1770831579277
26/02/11 17:39:42 INFO Utils: Fetching spark://a0cf84f032ea:42317/jars/org.wildfly.openssl_wildfly-openssl-1.0.7.Final.jar to /tmp/spark-2239919f-f434-412c-b6ae-ac30799b90b3/userFiles-7cb9d2fc-0e54-47eb-8dba-463a5484d3cb/fetchFileTemp1759677304778721494.tmp
26/02/11 17:39:42 INFO Utils: /tmp/spark-2239919f-f434-412c-b6ae-ac30799b90b3/userFiles-7cb9d2fc-0e54-47eb-8dba-463a5484d3cb/fetchFileTemp1759677304778721494.tmp has been previously copied to /tmp/spark-2239919f-f434-412c-b6ae-ac30799b90b3/userFiles-7cb9d2fc-0e54-47eb-8dba-463a5484d3cb/org.wildfly.openssl_wildfly-openssl-1.0.7.Final.jar
26/02/11 17:39:42 INFO Executor: Adding file:/tmp/spark-2239919f-f434-412c-b6ae-ac30799b90b3/userFiles-7cb9d2fc-0e54-47eb-8dba-463a5484d3cb/org.wildfly.openssl_wildfly-openssl-1.0.7.Final.jar to class loader default
26/02/11 17:39:42 INFO Executor: Fetching spark://a0cf84f032ea:42317/jars/com.google.code.findbugs_jsr305-3.0.0.jar with timestamp 1770831579277
26/02/11 17:39:42 INFO Utils: Fetching spark://a0cf84f032ea:42317/jars/com.google.code.findbugs_jsr305-3.0.0.jar to /tmp/spark-2239919f-f434-412c-b6ae-ac30799b90b3/userFiles-7cb9d2fc-0e54-47eb-8dba-463a5484d3cb/fetchFileTemp685272261225577126.tmp
26/02/11 17:39:42 INFO Utils: /tmp/spark-2239919f-f434-412c-b6ae-ac30799b90b3/userFiles-7cb9d2fc-0e54-47eb-8dba-463a5484d3cb/fetchFileTemp685272261225577126.tmp has been previously copied to /tmp/spark-2239919f-f434-412c-b6ae-ac30799b90b3/userFiles-7cb9d2fc-0e54-47eb-8dba-463a5484d3cb/com.google.code.findbugs_jsr305-3.0.0.jar
26/02/11 17:39:42 INFO Executor: Adding file:/tmp/spark-2239919f-f434-412c-b6ae-ac30799b90b3/userFiles-7cb9d2fc-0e54-47eb-8dba-463a5484d3cb/com.google.code.findbugs_jsr305-3.0.0.jar to class loader default
26/02/11 17:39:42 INFO Executor: Fetching spark://a0cf84f032ea:42317/jars/org.apache.spark_spark-token-provider-kafka-0-10_2.12-3.5.0.jar with timestamp 1770831579277
26/02/11 17:39:42 INFO Utils: Fetching spark://a0cf84f032ea:42317/jars/org.apache.spark_spark-token-provider-kafka-0-10_2.12-3.5.0.jar to /tmp/spark-2239919f-f434-412c-b6ae-ac30799b90b3/userFiles-7cb9d2fc-0e54-47eb-8dba-463a5484d3cb/fetchFileTemp3210197160500477828.tmp
26/02/11 17:39:42 INFO Utils: /tmp/spark-2239919f-f434-412c-b6ae-ac30799b90b3/userFiles-7cb9d2fc-0e54-47eb-8dba-463a5484d3cb/fetchFileTemp3210197160500477828.tmp has been previously copied to /tmp/spark-2239919f-f434-412c-b6ae-ac30799b90b3/userFiles-7cb9d2fc-0e54-47eb-8dba-463a5484d3cb/org.apache.spark_spark-token-provider-kafka-0-10_2.12-3.5.0.jar
26/02/11 17:39:42 INFO Executor: Adding file:/tmp/spark-2239919f-f434-412c-b6ae-ac30799b90b3/userFiles-7cb9d2fc-0e54-47eb-8dba-463a5484d3cb/org.apache.spark_spark-token-provider-kafka-0-10_2.12-3.5.0.jar to class loader default
26/02/11 17:39:42 INFO Executor: Fetching spark://a0cf84f032ea:42317/jars/org.apache.iceberg_iceberg-spark-runtime-3.5_2.12-1.4.2.jar with timestamp 1770831579277
26/02/11 17:39:42 INFO Utils: Fetching spark://a0cf84f032ea:42317/jars/org.apache.iceberg_iceberg-spark-runtime-3.5_2.12-1.4.2.jar to /tmp/spark-2239919f-f434-412c-b6ae-ac30799b90b3/userFiles-7cb9d2fc-0e54-47eb-8dba-463a5484d3cb/fetchFileTemp12312754239922023292.tmp
26/02/11 17:39:42 INFO Utils: /tmp/spark-2239919f-f434-412c-b6ae-ac30799b90b3/userFiles-7cb9d2fc-0e54-47eb-8dba-463a5484d3cb/fetchFileTemp12312754239922023292.tmp has been previously copied to /tmp/spark-2239919f-f434-412c-b6ae-ac30799b90b3/userFiles-7cb9d2fc-0e54-47eb-8dba-463a5484d3cb/org.apache.iceberg_iceberg-spark-runtime-3.5_2.12-1.4.2.jar
26/02/11 17:39:42 INFO Executor: Adding file:/tmp/spark-2239919f-f434-412c-b6ae-ac30799b90b3/userFiles-7cb9d2fc-0e54-47eb-8dba-463a5484d3cb/org.apache.iceberg_iceberg-spark-runtime-3.5_2.12-1.4.2.jar to class loader default
26/02/11 17:39:42 INFO Executor: Fetching spark://a0cf84f032ea:42317/jars/org.apache.hadoop_hadoop-client-api-3.3.4.jar with timestamp 1770831579277
26/02/11 17:39:42 INFO Utils: Fetching spark://a0cf84f032ea:42317/jars/org.apache.hadoop_hadoop-client-api-3.3.4.jar to /tmp/spark-2239919f-f434-412c-b6ae-ac30799b90b3/userFiles-7cb9d2fc-0e54-47eb-8dba-463a5484d3cb/fetchFileTemp17823754322560721667.tmp
26/02/11 17:39:42 INFO Utils: /tmp/spark-2239919f-f434-412c-b6ae-ac30799b90b3/userFiles-7cb9d2fc-0e54-47eb-8dba-463a5484d3cb/fetchFileTemp17823754322560721667.tmp has been previously copied to /tmp/spark-2239919f-f434-412c-b6ae-ac30799b90b3/userFiles-7cb9d2fc-0e54-47eb-8dba-463a5484d3cb/org.apache.hadoop_hadoop-client-api-3.3.4.jar
26/02/11 17:39:42 INFO Executor: Adding file:/tmp/spark-2239919f-f434-412c-b6ae-ac30799b90b3/userFiles-7cb9d2fc-0e54-47eb-8dba-463a5484d3cb/org.apache.hadoop_hadoop-client-api-3.3.4.jar to class loader default
26/02/11 17:39:42 INFO Executor: Fetching spark://a0cf84f032ea:42317/jars/com.amazonaws_aws-java-sdk-bundle-1.12.262.jar with timestamp 1770831579277
26/02/11 17:39:42 INFO Utils: Fetching spark://a0cf84f032ea:42317/jars/com.amazonaws_aws-java-sdk-bundle-1.12.262.jar to /tmp/spark-2239919f-f434-412c-b6ae-ac30799b90b3/userFiles-7cb9d2fc-0e54-47eb-8dba-463a5484d3cb/fetchFileTemp14251825772358289600.tmp
26/02/11 17:39:44 INFO Utils: /tmp/spark-2239919f-f434-412c-b6ae-ac30799b90b3/userFiles-7cb9d2fc-0e54-47eb-8dba-463a5484d3cb/fetchFileTemp14251825772358289600.tmp has been previously copied to /tmp/spark-2239919f-f434-412c-b6ae-ac30799b90b3/userFiles-7cb9d2fc-0e54-47eb-8dba-463a5484d3cb/com.amazonaws_aws-java-sdk-bundle-1.12.262.jar
26/02/11 17:39:44 INFO Executor: Adding file:/tmp/spark-2239919f-f434-412c-b6ae-ac30799b90b3/userFiles-7cb9d2fc-0e54-47eb-8dba-463a5484d3cb/com.amazonaws_aws-java-sdk-bundle-1.12.262.jar to class loader default
26/02/11 17:39:44 INFO Executor: Fetching spark://a0cf84f032ea:42317/jars/org.apache.hadoop_hadoop-client-runtime-3.3.4.jar with timestamp 1770831579277
26/02/11 17:39:44 INFO Utils: Fetching spark://a0cf84f032ea:42317/jars/org.apache.hadoop_hadoop-client-runtime-3.3.4.jar to /tmp/spark-2239919f-f434-412c-b6ae-ac30799b90b3/userFiles-7cb9d2fc-0e54-47eb-8dba-463a5484d3cb/fetchFileTemp7877947474422689036.tmp
26/02/11 17:39:44 INFO Utils: /tmp/spark-2239919f-f434-412c-b6ae-ac30799b90b3/userFiles-7cb9d2fc-0e54-47eb-8dba-463a5484d3cb/fetchFileTemp7877947474422689036.tmp has been previously copied to /tmp/spark-2239919f-f434-412c-b6ae-ac30799b90b3/userFiles-7cb9d2fc-0e54-47eb-8dba-463a5484d3cb/org.apache.hadoop_hadoop-client-runtime-3.3.4.jar
26/02/11 17:39:44 INFO Executor: Adding file:/tmp/spark-2239919f-f434-412c-b6ae-ac30799b90b3/userFiles-7cb9d2fc-0e54-47eb-8dba-463a5484d3cb/org.apache.hadoop_hadoop-client-runtime-3.3.4.jar to class loader default
26/02/11 17:39:44 INFO Executor: Fetching spark://a0cf84f032ea:42317/jars/commons-logging_commons-logging-1.1.3.jar with timestamp 1770831579277
26/02/11 17:39:44 INFO Utils: Fetching spark://a0cf84f032ea:42317/jars/commons-logging_commons-logging-1.1.3.jar to /tmp/spark-2239919f-f434-412c-b6ae-ac30799b90b3/userFiles-7cb9d2fc-0e54-47eb-8dba-463a5484d3cb/fetchFileTemp17592621450689778965.tmp
26/02/11 17:39:44 INFO Utils: /tmp/spark-2239919f-f434-412c-b6ae-ac30799b90b3/userFiles-7cb9d2fc-0e54-47eb-8dba-463a5484d3cb/fetchFileTemp17592621450689778965.tmp has been previously copied to /tmp/spark-2239919f-f434-412c-b6ae-ac30799b90b3/userFiles-7cb9d2fc-0e54-47eb-8dba-463a5484d3cb/commons-logging_commons-logging-1.1.3.jar
26/02/11 17:39:44 INFO Executor: Adding file:/tmp/spark-2239919f-f434-412c-b6ae-ac30799b90b3/userFiles-7cb9d2fc-0e54-47eb-8dba-463a5484d3cb/commons-logging_commons-logging-1.1.3.jar to class loader default
26/02/11 17:39:44 INFO Executor: Fetching spark://a0cf84f032ea:42317/jars/org.apache.spark_spark-sql-kafka-0-10_2.12-3.5.0.jar with timestamp 1770831579277
26/02/11 17:39:44 INFO Utils: Fetching spark://a0cf84f032ea:42317/jars/org.apache.spark_spark-sql-kafka-0-10_2.12-3.5.0.jar to /tmp/spark-2239919f-f434-412c-b6ae-ac30799b90b3/userFiles-7cb9d2fc-0e54-47eb-8dba-463a5484d3cb/fetchFileTemp5785668946231426304.tmp
26/02/11 17:39:44 INFO Utils: /tmp/spark-2239919f-f434-412c-b6ae-ac30799b90b3/userFiles-7cb9d2fc-0e54-47eb-8dba-463a5484d3cb/fetchFileTemp5785668946231426304.tmp has been previously copied to /tmp/spark-2239919f-f434-412c-b6ae-ac30799b90b3/userFiles-7cb9d2fc-0e54-47eb-8dba-463a5484d3cb/org.apache.spark_spark-sql-kafka-0-10_2.12-3.5.0.jar
26/02/11 17:39:44 INFO Executor: Adding file:/tmp/spark-2239919f-f434-412c-b6ae-ac30799b90b3/userFiles-7cb9d2fc-0e54-47eb-8dba-463a5484d3cb/org.apache.spark_spark-sql-kafka-0-10_2.12-3.5.0.jar to class loader default
26/02/11 17:39:44 INFO Executor: Fetching spark://a0cf84f032ea:42317/jars/org.slf4j_slf4j-api-2.0.7.jar with timestamp 1770831579277
26/02/11 17:39:44 INFO Utils: Fetching spark://a0cf84f032ea:42317/jars/org.slf4j_slf4j-api-2.0.7.jar to /tmp/spark-2239919f-f434-412c-b6ae-ac30799b90b3/userFiles-7cb9d2fc-0e54-47eb-8dba-463a5484d3cb/fetchFileTemp11988833921985020984.tmp
26/02/11 17:39:44 INFO Utils: /tmp/spark-2239919f-f434-412c-b6ae-ac30799b90b3/userFiles-7cb9d2fc-0e54-47eb-8dba-463a5484d3cb/fetchFileTemp11988833921985020984.tmp has been previously copied to /tmp/spark-2239919f-f434-412c-b6ae-ac30799b90b3/userFiles-7cb9d2fc-0e54-47eb-8dba-463a5484d3cb/org.slf4j_slf4j-api-2.0.7.jar
26/02/11 17:39:44 INFO Executor: Adding file:/tmp/spark-2239919f-f434-412c-b6ae-ac30799b90b3/userFiles-7cb9d2fc-0e54-47eb-8dba-463a5484d3cb/org.slf4j_slf4j-api-2.0.7.jar to class loader default
26/02/11 17:39:44 INFO Executor: Fetching spark://a0cf84f032ea:42317/jars/org.apache.commons_commons-pool2-2.11.1.jar with timestamp 1770831579277
26/02/11 17:39:44 INFO Utils: Fetching spark://a0cf84f032ea:42317/jars/org.apache.commons_commons-pool2-2.11.1.jar to /tmp/spark-2239919f-f434-412c-b6ae-ac30799b90b3/userFiles-7cb9d2fc-0e54-47eb-8dba-463a5484d3cb/fetchFileTemp5179709011035715813.tmp
26/02/11 17:39:44 INFO Utils: /tmp/spark-2239919f-f434-412c-b6ae-ac30799b90b3/userFiles-7cb9d2fc-0e54-47eb-8dba-463a5484d3cb/fetchFileTemp5179709011035715813.tmp has been previously copied to /tmp/spark-2239919f-f434-412c-b6ae-ac30799b90b3/userFiles-7cb9d2fc-0e54-47eb-8dba-463a5484d3cb/org.apache.commons_commons-pool2-2.11.1.jar
26/02/11 17:39:44 INFO Executor: Adding file:/tmp/spark-2239919f-f434-412c-b6ae-ac30799b90b3/userFiles-7cb9d2fc-0e54-47eb-8dba-463a5484d3cb/org.apache.commons_commons-pool2-2.11.1.jar to class loader default
26/02/11 17:39:44 INFO Utils: Successfully started service 'org.apache.spark.network.netty.NettyBlockTransferService' on port 43677.
26/02/11 17:39:44 INFO NettyBlockTransferService: Server created on a0cf84f032ea:43677
26/02/11 17:39:44 INFO BlockManager: Using org.apache.spark.storage.RandomBlockReplicationPolicy for block replication policy
26/02/11 17:39:44 INFO BlockManagerMaster: Registering BlockManager BlockManagerId(driver, a0cf84f032ea, 43677, None)
26/02/11 17:39:44 INFO BlockManagerMasterEndpoint: Registering block manager a0cf84f032ea:43677 with 434.4 MiB RAM, BlockManagerId(driver, a0cf84f032ea, 43677, None)
26/02/11 17:39:44 INFO BlockManagerMaster: Registered BlockManager BlockManagerId(driver, a0cf84f032ea, 43677, None)
26/02/11 17:39:44 INFO BlockManager: Initialized BlockManager: BlockManagerId(driver, a0cf84f032ea, 43677, None)
INFO:__main__:Spark Session Created
26/02/11 17:39:45 INFO SharedState: Setting hive.metastore.warehouse.dir ('null') to the value of spark.sql.warehouse.dir.
26/02/11 17:39:45 INFO SharedState: Warehouse path is 'file:/opt/spark/work-dir/spark-warehouse'.
26/02/11 17:39:48 WARN MetricsConfig: Cannot locate configuration: tried hadoop-metrics2-s3a-file-system.properties,hadoop-metrics2.properties
26/02/11 17:39:48 INFO MetricsSystemImpl: Scheduled Metric snapshot period at 10 second(s).
26/02/11 17:39:48 INFO MetricsSystemImpl: s3a-file-system metrics system started
26/02/11 17:39:49 INFO CatalogUtil: Loading custom FileIO implementation: org.apache.iceberg.hadoop.HadoopFileIO
26/02/11 17:39:52 INFO BaseMetastoreCatalog: Table properties set at catalog level through catalog properties: {}
26/02/11 17:39:52 INFO BaseMetastoreCatalog: Table properties enforced at catalog level through catalog properties: {}
26/02/11 17:39:52 INFO HadoopTableOperations: Committed a new metadata file s3a://cryptolake-bronze/warehouse/bronze/realtime_prices/metadata/v1.metadata.json
26/02/11 17:39:53 INFO StateStoreCoordinatorRef: Registered StateStoreCoordinator endpoint
26/02/11 17:39:53 INFO ResolveWriteToStream: Checkpoint root s3a://cryptolake-bronze/checkpoints/bronze/binance_futures resolved to s3a://cryptolake-bronze/checkpoints/bronze/binance_futures.
26/02/11 17:39:53 WARN ResolveWriteToStream: spark.sql.adaptive.enabled is not supported in streaming DataFrames/Datasets and will be disabled.
26/02/11 17:39:53 INFO deprecation: org.apache.hadoop.shaded.io.bytes.per.checksum is deprecated. Instead, use dfs.bytes-per-checksum
26/02/11 17:39:53 INFO MicroBatchExecution: Starting [id = 3a08e7be-d562-4307-8d87-295d8d7f4856, runId = 61c74bf5-8b72-4187-b834-497164b8e090]. Use s3a://cryptolake-bronze/checkpoints/bronze/binance_futures to store the query checkpoint.
INFO:__main__:Streaming query started to table cryptolake.bronze.realtime_prices...
26/02/11 17:39:53 INFO MicroBatchExecution: Reading table [org.apache.spark.sql.kafka010.KafkaSourceProvider$KafkaTable@193b3ba] from DataSourceV2 named 'kafka' [org.apache.spark.sql.kafka010.KafkaSourceProvider@31e10fc5]
26/02/11 17:39:53 ERROR MicroBatchExecution: Query [id = 3a08e7be-d562-4307-8d87-295d8d7f4856, runId = 61c74bf5-8b72-4187-b834-497164b8e090] terminated with error
java.lang.NoClassDefFoundError: org/apache/spark/kafka010/KafkaConfigUpdater
	at org.apache.spark.sql.kafka010.KafkaSourceProvider$.kafkaParamsForDriver(KafkaSourceProvider.scala:645)
	at org.apache.spark.sql.kafka010.KafkaSourceProvider$KafkaScan.toMicroBatchStream(KafkaSourceProvider.scala:482)
	at org.apache.spark.sql.execution.streaming.MicroBatchExecution$$anonfun$1.$anonfun$applyOrElse$4(MicroBatchExecution.scala:107)
	at scala.collection.mutable.HashMap.getOrElseUpdate(HashMap.scala:86)
	at org.apache.spark.sql.execution.streaming.MicroBatchExecution$$anonfun$1.applyOrElse(MicroBatchExecution.scala:100)
	at org.apache.spark.sql.execution.streaming.MicroBatchExecution$$anonfun$1.applyOrElse(MicroBatchExecution.scala:84)
	at org.apache.spark.sql.catalyst.trees.TreeNode.$anonfun$transformDownWithPruning$1(TreeNode.scala:461)
	at org.apache.spark.sql.catalyst.trees.CurrentOrigin$.withOrigin(origin.scala:76)
	at org.apache.spark.sql.catalyst.trees.TreeNode.transformDownWithPruning(TreeNode.scala:461)
	at org.apache.spark.sql.catalyst.plans.logical.LogicalPlan.org$apache$spark$sql$catalyst$plans$logical$AnalysisHelper$$super$transformDownWithPruning(LogicalPlan.scala:32)
	at org.apache.spark.sql.catalyst.plans.logical.AnalysisHelper.transformDownWithPruning(AnalysisHelper.scala:267)
	at org.apache.spark.sql.catalyst.plans.logical.AnalysisHelper.transformDownWithPruning$(AnalysisHelper.scala:263)
	at org.apache.spark.sql.catalyst.plans.logical.LogicalPlan.transformDownWithPruning(LogicalPlan.scala:32)
	at org.apache.spark.sql.catalyst.plans.logical.LogicalPlan.transformDownWithPruning(LogicalPlan.scala:32)
	at org.apache.spark.sql.catalyst.trees.TreeNode.$anonfun$transformDownWithPruning$3(TreeNode.scala:466)
	at org.apache.spark.sql.catalyst.trees.UnaryLike.mapChildren(TreeNode.scala:1215)
	at org.apache.spark.sql.catalyst.trees.UnaryLike.mapChildren$(TreeNode.scala:1214)
	at org.apache.spark.sql.catalyst.plans.logical.Project.mapChildren(basicLogicalOperators.scala:71)
	at org.apache.spark.sql.catalyst.trees.TreeNode.transformDownWithPruning(TreeNode.scala:466)
	at org.apache.spark.sql.catalyst.plans.logical.LogicalPlan.org$apache$spark$sql$catalyst$plans$logical$AnalysisHelper$$super$transformDownWithPruning(LogicalPlan.scala:32)
	at org.apache.spark.sql.catalyst.plans.logical.AnalysisHelper.transformDownWithPruning(AnalysisHelper.scala:267)
	at org.apache.spark.sql.catalyst.plans.logical.AnalysisHelper.transformDownWithPruning$(AnalysisHelper.scala:263)
	at org.apache.spark.sql.catalyst.plans.logical.LogicalPlan.transformDownWithPruning(LogicalPlan.scala:32)
	at org.apache.spark.sql.catalyst.plans.logical.LogicalPlan.transformDownWithPruning(LogicalPlan.scala:32)
	at org.apache.spark.sql.catalyst.trees.TreeNode.$anonfun$transformDownWithPruning$3(TreeNode.scala:466)
	at org.apache.spark.sql.catalyst.trees.UnaryLike.mapChildren(TreeNode.scala:1215)
	at org.apache.spark.sql.catalyst.trees.UnaryLike.mapChildren$(TreeNode.scala:1214)
	at org.apache.spark.sql.catalyst.plans.logical.Project.mapChildren(basicLogicalOperators.scala:71)
	at org.apache.spark.sql.catalyst.trees.TreeNode.transformDownWithPruning(TreeNode.scala:466)
	at org.apache.spark.sql.catalyst.plans.logical.LogicalPlan.org$apache$spark$sql$catalyst$plans$logical$AnalysisHelper$$super$transformDownWithPruning(LogicalPlan.scala:32)
	at org.apache.spark.sql.catalyst.plans.logical.AnalysisHelper.transformDownWithPruning(AnalysisHelper.scala:267)
	at org.apache.spark.sql.catalyst.plans.logical.AnalysisHelper.transformDownWithPruning$(AnalysisHelper.scala:263)
	at org.apache.spark.sql.catalyst.plans.logical.LogicalPlan.transformDownWithPruning(LogicalPlan.scala:32)
	at org.apache.spark.sql.catalyst.plans.logical.LogicalPlan.transformDownWithPruning(LogicalPlan.scala:32)
	at org.apache.spark.sql.catalyst.trees.TreeNode.$anonfun$transformDownWithPruning$3(TreeNode.scala:466)
	at org.apache.spark.sql.catalyst.trees.UnaryLike.mapChildren(TreeNode.scala:1215)
	at org.apache.spark.sql.catalyst.trees.UnaryLike.mapChildren$(TreeNode.scala:1214)
	at org.apache.spark.sql.catalyst.plans.logical.Project.mapChildren(basicLogicalOperators.scala:71)
	at org.apache.spark.sql.catalyst.trees.TreeNode.transformDownWithPruning(TreeNode.scala:466)
	at org.apache.spark.sql.catalyst.plans.logical.LogicalPlan.org$apache$spark$sql$catalyst$plans$logical$AnalysisHelper$$super$transformDownWithPruning(LogicalPlan.scala:32)
	at org.apache.spark.sql.catalyst.plans.logical.AnalysisHelper.transformDownWithPruning(AnalysisHelper.scala:267)
	at org.apache.spark.sql.catalyst.plans.logical.AnalysisHelper.transformDownWithPruning$(AnalysisHelper.scala:263)
	at org.apache.spark.sql.catalyst.plans.logical.LogicalPlan.transformDownWithPruning(LogicalPlan.scala:32)
	at org.apache.spark.sql.catalyst.plans.logical.LogicalPlan.transformDownWithPruning(LogicalPlan.scala:32)
	at org.apache.spark.sql.catalyst.trees.TreeNode.transformDown(TreeNode.scala:437)
	at org.apache.spark.sql.catalyst.trees.TreeNode.transform(TreeNode.scala:405)
	at org.apache.spark.sql.execution.streaming.MicroBatchExecution.logicalPlan$lzycompute(MicroBatchExecution.scala:84)
	at org.apache.spark.sql.execution.streaming.MicroBatchExecution.logicalPlan(MicroBatchExecution.scala:64)
	at org.apache.spark.sql.execution.streaming.StreamExecution.$anonfun$runStream$1(StreamExecution.scala:303)
	at scala.runtime.java8.JFunction0$mcV$sp.apply(JFunction0$mcV$sp.java:23)
	at org.apache.spark.sql.SparkSession.withActive(SparkSession.scala:900)
	at org.apache.spark.sql.execution.streaming.StreamExecution.org$apache$spark$sql$execution$streaming$StreamExecution$$runStream(StreamExecution.scala:289)
	at org.apache.spark.sql.execution.streaming.StreamExecution$$anon$1.$anonfun$run$1(StreamExecution.scala:211)
	at scala.runtime.java8.JFunction0$mcV$sp.apply(JFunction0$mcV$sp.java:23)
	at org.apache.spark.JobArtifactSet$.withActiveJobArtifactState(JobArtifactSet.scala:94)
	at org.apache.spark.sql.execution.streaming.StreamExecution$$anon$1.run(StreamExecution.scala:211)
Caused by: java.lang.ClassNotFoundException: org.apache.spark.kafka010.KafkaConfigUpdater
	at java.base/jdk.internal.loader.BuiltinClassLoader.loadClass(Unknown Source)
	at java.base/jdk.internal.loader.ClassLoaders$AppClassLoader.loadClass(Unknown Source)
	at java.base/java.lang.ClassLoader.loadClass(Unknown Source)
	... 56 more
26/02/11 17:39:53 INFO MicroBatchExecution: Async log purge executor pool for query [id = 3a08e7be-d562-4307-8d87-295d8d7f4856, runId = 61c74bf5-8b72-4187-b834-497164b8e090] has been shutdown
Exception in thread "stream execution thread for [id = 3a08e7be-d562-4307-8d87-295d8d7f4856, runId = 61c74bf5-8b72-4187-b834-497164b8e090]" java.lang.NoClassDefFoundError: org/apache/spark/kafka010/KafkaConfigUpdater
	at org.apache.spark.sql.kafka010.KafkaSourceProvider$.kafkaParamsForDriver(KafkaSourceProvider.scala:645)
	at org.apache.spark.sql.kafka010.KafkaSourceProvider$KafkaScan.toMicroBatchStream(KafkaSourceProvider.scala:482)
	at org.apache.spark.sql.execution.streaming.MicroBatchExecution$$anonfun$1.$anonfun$applyOrElse$4(MicroBatchExecution.scala:107)
	at scala.collection.mutable.HashMap.getOrElseUpdate(HashMap.scala:86)
	at org.apache.spark.sql.execution.streaming.MicroBatchExecution$$anonfun$1.applyOrElse(MicroBatchExecution.scala:100)
	at org.apache.spark.sql.execution.streaming.MicroBatchExecution$$anonfun$1.applyOrElse(MicroBatchExecution.scala:84)
	at org.apache.spark.sql.catalyst.trees.TreeNode.$anonfun$transformDownWithPruning$1(TreeNode.scala:461)
	at org.apache.spark.sql.catalyst.trees.CurrentOrigin$.withOrigin(origin.scala:76)
	at org.apache.spark.sql.catalyst.trees.TreeNode.transformDownWithPruning(TreeNode.scala:461)
	at org.apache.spark.sql.catalyst.plans.logical.LogicalPlan.org$apache$spark$sql$catalyst$plans$logical$AnalysisHelper$$super$transformDownWithPruning(LogicalPlan.scala:32)
	at org.apache.spark.sql.catalyst.plans.logical.AnalysisHelper.transformDownWithPruning(AnalysisHelper.scala:267)
	at org.apache.spark.sql.catalyst.plans.logical.AnalysisHelper.transformDownWithPruning$(AnalysisHelper.scala:263)
	at org.apache.spark.sql.catalyst.plans.logical.LogicalPlan.transformDownWithPruning(LogicalPlan.scala:32)
	at org.apache.spark.sql.catalyst.plans.logical.LogicalPlan.transformDownWithPruning(LogicalPlan.scala:32)
	at org.apache.spark.sql.catalyst.trees.TreeNode.$anonfun$transformDownWithPruning$3(TreeNode.scala:466)
	at org.apache.spark.sql.catalyst.trees.UnaryLike.mapChildren(TreeNode.scala:1215)
	at org.apache.spark.sql.catalyst.trees.UnaryLike.mapChildren$(TreeNode.scala:1214)
	at org.apache.spark.sql.catalyst.plans.logical.Project.mapChildren(basicLogicalOperators.scala:71)
	at org.apache.spark.sql.catalyst.trees.TreeNode.transformDownWithPruning(TreeNode.scala:466)
	at org.apache.spark.sql.catalyst.plans.logical.LogicalPlan.org$apache$spark$sql$catalyst$plans$logical$AnalysisHelper$$super$transformDownWithPruning(LogicalPlan.scala:32)
	at org.apache.spark.sql.catalyst.plans.logical.AnalysisHelper.transformDownWithPruning(AnalysisHelper.scala:267)
	at org.apache.spark.sql.catalyst.plans.logical.AnalysisHelper.transformDownWithPruning$(AnalysisHelper.scala:263)
	at org.apache.spark.sql.catalyst.plans.logical.LogicalPlan.transformDownWithPruning(LogicalPlan.scala:32)
	at org.apache.spark.sql.catalyst.plans.logical.LogicalPlan.transformDownWithPruning(LogicalPlan.scala:32)
	at org.apache.spark.sql.catalyst.trees.TreeNode.$anonfun$transformDownWithPruning$3(TreeNode.scala:466)
	at org.apache.spark.sql.catalyst.trees.UnaryLike.mapChildren(TreeNode.scala:1215)
	at org.apache.spark.sql.catalyst.trees.UnaryLike.mapChildren$(TreeNode.scala:1214)
	at org.apache.spark.sql.catalyst.plans.logical.Project.mapChildren(basicLogicalOperators.scala:71)
	at org.apache.spark.sql.catalyst.trees.TreeNode.transformDownWithPruning(TreeNode.scala:466)
	at org.apache.spark.sql.catalyst.plans.logical.LogicalPlan.org$apache$spark$sql$catalyst$plans$logical$AnalysisHelper$$super$transformDownWithPruning(LogicalPlan.scala:32)
	at org.apache.spark.sql.catalyst.plans.logical.AnalysisHelper.transformDownWithPruning(AnalysisHelper.scala:267)
	at org.apache.spark.sql.catalyst.plans.logical.AnalysisHelper.transformDownWithPruning$(AnalysisHelper.scala:263)
	at org.apache.spark.sql.catalyst.plans.logical.LogicalPlan.transformDownWithPruning(LogicalPlan.scala:32)
	at org.apache.spark.sql.catalyst.plans.logical.LogicalPlan.transformDownWithPruning(LogicalPlan.scala:32)
	at org.apache.spark.sql.catalyst.trees.TreeNode.$anonfun$transformDownWithPruning$3(TreeNode.scala:466)
	at org.apache.spark.sql.catalyst.trees.UnaryLike.mapChildren(TreeNode.scala:1215)
	at org.apache.spark.sql.catalyst.trees.UnaryLike.mapChildren$(TreeNode.scala:1214)
	at org.apache.spark.sql.catalyst.plans.logical.Project.mapChildren(basicLogicalOperators.scala:71)
	at org.apache.spark.sql.catalyst.trees.TreeNode.transformDownWithPruning(TreeNode.scala:466)
	at org.apache.spark.sql.catalyst.plans.logical.LogicalPlan.org$apache$spark$sql$catalyst$plans$logical$AnalysisHelper$$super$transformDownWithPruning(LogicalPlan.scala:32)
	at org.apache.spark.sql.catalyst.plans.logical.AnalysisHelper.transformDownWithPruning(AnalysisHelper.scala:267)
	at org.apache.spark.sql.catalyst.plans.logical.AnalysisHelper.transformDownWithPruning$(AnalysisHelper.scala:263)
	at org.apache.spark.sql.catalyst.plans.logical.LogicalPlan.transformDownWithPruning(LogicalPlan.scala:32)
	at org.apache.spark.sql.catalyst.plans.logical.LogicalPlan.transformDownWithPruning(LogicalPlan.scala:32)
	at org.apache.spark.sql.catalyst.trees.TreeNode.transformDown(TreeNode.scala:437)
	at org.apache.spark.sql.catalyst.trees.TreeNode.transform(TreeNode.scala:405)
	at org.apache.spark.sql.execution.streaming.MicroBatchExecution.logicalPlan$lzycompute(MicroBatchExecution.scala:84)
	at org.apache.spark.sql.execution.streaming.MicroBatchExecution.logicalPlan(MicroBatchExecution.scala:64)
	at org.apache.spark.sql.execution.streaming.StreamExecution.$anonfun$runStream$1(StreamExecution.scala:303)
	at scala.runtime.java8.JFunction0$mcV$sp.apply(JFunction0$mcV$sp.java:23)
	at org.apache.spark.sql.SparkSession.withActive(SparkSession.scala:900)
	at org.apache.spark.sql.execution.streaming.StreamExecution.org$apache$spark$sql$execution$streaming$StreamExecution$$runStream(StreamExecution.scala:289)
	at org.apache.spark.sql.execution.streaming.StreamExecution$$anon$1.$anonfun$run$1(StreamExecution.scala:211)
	at scala.runtime.java8.JFunction0$mcV$sp.apply(JFunction0$mcV$sp.java:23)
	at org.apache.spark.JobArtifactSet$.withActiveJobArtifactState(JobArtifactSet.scala:94)
	at org.apache.spark.sql.execution.streaming.StreamExecution$$anon$1.run(StreamExecution.scala:211)
Caused by: java.lang.ClassNotFoundException: org.apache.spark.kafka010.KafkaConfigUpdater
	at java.base/jdk.internal.loader.BuiltinClassLoader.loadClass(Unknown Source)
	at java.base/jdk.internal.loader.ClassLoaders$AppClassLoader.loadClass(Unknown Source)
	at java.base/java.lang.ClassLoader.loadClass(Unknown Source)
	... 56 more
Traceback (most recent call last):
  File "/opt/spark/work-dir/src/processing/streaming/stream_to_bronze.py", line 61, in <module>
    main()
  File "/opt/spark/work-dir/src/processing/streaming/stream_to_bronze.py", line 58, in main
    query.awaitTermination()
  File "/opt/spark/python/lib/pyspark.zip/pyspark/sql/streaming/query.py", line 221, in awaitTermination
  File "/opt/spark/python/lib/py4j-0.10.9.7-src.zip/py4j/java_gateway.py", line 1322, in __call__
  File "/opt/spark/python/lib/pyspark.zip/pyspark/errors/exceptions/captured.py", line 185, in deco
pyspark.errors.exceptions.captured.StreamingQueryException: [STREAM_FAILED] Query [id = 3a08e7be-d562-4307-8d87-295d8d7f4856, runId = 61c74bf5-8b72-4187-b834-497164b8e090] terminated with exception: org/apache/spark/kafka010/KafkaConfigUpdater
26/02/11 17:39:53 INFO SparkContext: Invoking stop() from shutdown hook
26/02/11 17:39:53 INFO SparkContext: SparkContext is stopping with exitCode 0.
26/02/11 17:39:53 INFO SparkUI: Stopped Spark web UI at http://a0cf84f032ea:4040
26/02/11 17:39:53 INFO MapOutputTrackerMasterEndpoint: MapOutputTrackerMasterEndpoint stopped!
26/02/11 17:39:53 INFO MemoryStore: MemoryStore cleared
26/02/11 17:39:53 INFO BlockManager: BlockManager stopped
26/02/11 17:39:53 INFO BlockManagerMaster: BlockManagerMaster stopped
26/02/11 17:39:53 INFO OutputCommitCoordinator$OutputCommitCoordinatorEndpoint: OutputCommitCoordinator stopped!
26/02/11 17:39:53 INFO SparkContext: Successfully stopped SparkContext
26/02/11 17:39:53 INFO ShutdownHookManager: Shutdown hook called
26/02/11 17:39:53 INFO ShutdownHookManager: Deleting directory /tmp/spark-63c10f56-9d0d-4072-ac9a-71430110b17e
26/02/11 17:39:53 INFO ShutdownHookManager: Deleting directory /tmp/spark-2239919f-f434-412c-b6ae-ac30799b90b3
26/02/11 17:39:53 INFO ShutdownHookManager: Deleting directory /tmp/spark-2239919f-f434-412c-b6ae-ac30799b90b3/pyspark-193b2aaa-bbc1-449e-b4a8-4ac864dbf00e
