:: loading settings :: url = jar:file:/opt/spark/jars/ivy-2.5.1.jar!/org/apache/ivy/core/settings/ivysettings.xml
Ivy Default Cache set to: /root/.ivy2/cache
The jars for the packages stored in: /root/.ivy2/jars
org.apache.spark#spark-sql-kafka-0-10_2.12 added as a dependency
:: resolving dependencies :: org.apache.spark#spark-submit-parent-2ff1a9fd-1590-4da5-af2e-1c3e7592c940;1.0
	confs: [default]
	found org.apache.spark#spark-sql-kafka-0-10_2.12;3.5.0 in central
	found org.apache.spark#spark-token-provider-kafka-0-10_2.12;3.5.0 in central
	found org.apache.kafka#kafka-clients;3.4.1 in central
	found org.lz4#lz4-java;1.8.0 in central
	found org.xerial.snappy#snappy-java;1.1.10.3 in central
	found com.google.code.findbugs#jsr305;3.0.0 in central
	found org.apache.commons#commons-pool2;2.11.1 in central
:: resolution report :: resolve 604ms :: artifacts dl 17ms
	:: modules in use:
	com.google.code.findbugs#jsr305;3.0.0 from central in [default]
	org.apache.commons#commons-pool2;2.11.1 from central in [default]
	org.apache.kafka#kafka-clients;3.4.1 from central in [default]
	org.apache.spark#spark-sql-kafka-0-10_2.12;3.5.0 from central in [default]
	org.apache.spark#spark-token-provider-kafka-0-10_2.12;3.5.0 from central in [default]
	org.lz4#lz4-java;1.8.0 from central in [default]
	org.xerial.snappy#snappy-java;1.1.10.3 from central in [default]
	---------------------------------------------------------------------
	|                  |            modules            ||   artifacts   |
	|       conf       | number| search|dwnlded|evicted|| number|dwnlded|
	---------------------------------------------------------------------
	|      default     |   7   |   0   |   0   |   0   ||   7   |   0   |
	---------------------------------------------------------------------
:: retrieving :: org.apache.spark#spark-submit-parent-2ff1a9fd-1590-4da5-af2e-1c3e7592c940
	confs: [default]
	0 artifacts copied, 7 already retrieved (0kB/9ms)
26/02/11 17:45:14 WARN NativeCodeLoader: Unable to load native-hadoop library for your platform... using builtin-java classes where applicable
26/02/11 17:45:16 INFO SparkContext: Running Spark version 3.5.0
26/02/11 17:45:16 INFO SparkContext: OS info Linux, 6.6.87.2-microsoft-standard-WSL2, amd64
26/02/11 17:45:16 INFO SparkContext: Java version 11.0.20.1
26/02/11 17:45:16 INFO ResourceUtils: ==============================================================
26/02/11 17:45:16 INFO ResourceUtils: No custom resources configured for spark.driver.
26/02/11 17:45:16 INFO ResourceUtils: ==============================================================
26/02/11 17:45:16 INFO SparkContext: Submitted application: CryptoLake-StreamToBronze
26/02/11 17:45:16 INFO ResourceProfile: Default ResourceProfile created, executor resources: Map(cores -> name: cores, amount: 1, script: , vendor: , memory -> name: memory, amount: 1024, script: , vendor: , offHeap -> name: offHeap, amount: 0, script: , vendor: ), task resources: Map(cpus -> name: cpus, amount: 1.0)
26/02/11 17:45:16 INFO ResourceProfile: Limiting resource is cpu
26/02/11 17:45:16 INFO ResourceProfileManager: Added ResourceProfile id: 0
26/02/11 17:45:16 INFO SecurityManager: Changing view acls to: root
26/02/11 17:45:16 INFO SecurityManager: Changing modify acls to: root
26/02/11 17:45:16 INFO SecurityManager: Changing view acls groups to: 
26/02/11 17:45:16 INFO SecurityManager: Changing modify acls groups to: 
26/02/11 17:45:16 INFO SecurityManager: SecurityManager: authentication disabled; ui acls disabled; users with view permissions: root; groups with view permissions: EMPTY; users with modify permissions: root; groups with modify permissions: EMPTY
26/02/11 17:45:16 INFO Utils: Successfully started service 'sparkDriver' on port 38151.
26/02/11 17:45:17 INFO SparkEnv: Registering MapOutputTracker
26/02/11 17:45:17 INFO SparkEnv: Registering BlockManagerMaster
26/02/11 17:45:17 INFO BlockManagerMasterEndpoint: Using org.apache.spark.storage.DefaultTopologyMapper for getting topology information
26/02/11 17:45:17 INFO BlockManagerMasterEndpoint: BlockManagerMasterEndpoint up
26/02/11 17:45:17 INFO SparkEnv: Registering BlockManagerMasterHeartbeat
26/02/11 17:45:17 INFO DiskBlockManager: Created local directory at /tmp/blockmgr-aad99a71-2bca-4ec4-986c-0a7dc869bc26
26/02/11 17:45:17 INFO MemoryStore: MemoryStore started with capacity 434.4 MiB
26/02/11 17:45:17 INFO SparkEnv: Registering OutputCommitCoordinator
26/02/11 17:45:17 INFO JettyUtils: Start Jetty 0.0.0.0:4040 for SparkUI
26/02/11 17:45:17 INFO Utils: Successfully started service 'SparkUI' on port 4040.
26/02/11 17:45:17 INFO SparkContext: Added JAR file:///root/.ivy2/jars/org.apache.spark_spark-sql-kafka-0-10_2.12-3.5.0.jar at spark://a0cf84f032ea:38151/jars/org.apache.spark_spark-sql-kafka-0-10_2.12-3.5.0.jar with timestamp 1770831916355
26/02/11 17:45:17 INFO SparkContext: Added JAR file:///root/.ivy2/jars/org.apache.spark_spark-token-provider-kafka-0-10_2.12-3.5.0.jar at spark://a0cf84f032ea:38151/jars/org.apache.spark_spark-token-provider-kafka-0-10_2.12-3.5.0.jar with timestamp 1770831916355
26/02/11 17:45:17 INFO SparkContext: Added JAR file:///root/.ivy2/jars/org.apache.kafka_kafka-clients-3.4.1.jar at spark://a0cf84f032ea:38151/jars/org.apache.kafka_kafka-clients-3.4.1.jar with timestamp 1770831916355
26/02/11 17:45:17 INFO SparkContext: Added JAR file:///root/.ivy2/jars/com.google.code.findbugs_jsr305-3.0.0.jar at spark://a0cf84f032ea:38151/jars/com.google.code.findbugs_jsr305-3.0.0.jar with timestamp 1770831916355
26/02/11 17:45:17 INFO SparkContext: Added JAR file:///root/.ivy2/jars/org.apache.commons_commons-pool2-2.11.1.jar at spark://a0cf84f032ea:38151/jars/org.apache.commons_commons-pool2-2.11.1.jar with timestamp 1770831916355
26/02/11 17:45:17 INFO SparkContext: Added JAR file:///root/.ivy2/jars/org.lz4_lz4-java-1.8.0.jar at spark://a0cf84f032ea:38151/jars/org.lz4_lz4-java-1.8.0.jar with timestamp 1770831916355
26/02/11 17:45:17 INFO SparkContext: Added JAR file:///root/.ivy2/jars/org.xerial.snappy_snappy-java-1.1.10.3.jar at spark://a0cf84f032ea:38151/jars/org.xerial.snappy_snappy-java-1.1.10.3.jar with timestamp 1770831916355
26/02/11 17:45:17 INFO SparkContext: Added file file:///root/.ivy2/jars/org.apache.spark_spark-sql-kafka-0-10_2.12-3.5.0.jar at file:///root/.ivy2/jars/org.apache.spark_spark-sql-kafka-0-10_2.12-3.5.0.jar with timestamp 1770831916355
26/02/11 17:45:17 INFO Utils: Copying /root/.ivy2/jars/org.apache.spark_spark-sql-kafka-0-10_2.12-3.5.0.jar to /tmp/spark-d59b9126-847c-48f2-8802-a0c1a6594f96/userFiles-0291c843-bb79-449a-9096-731162d2f170/org.apache.spark_spark-sql-kafka-0-10_2.12-3.5.0.jar
26/02/11 17:45:17 INFO SparkContext: Added file file:///root/.ivy2/jars/org.apache.spark_spark-token-provider-kafka-0-10_2.12-3.5.0.jar at file:///root/.ivy2/jars/org.apache.spark_spark-token-provider-kafka-0-10_2.12-3.5.0.jar with timestamp 1770831916355
26/02/11 17:45:17 INFO Utils: Copying /root/.ivy2/jars/org.apache.spark_spark-token-provider-kafka-0-10_2.12-3.5.0.jar to /tmp/spark-d59b9126-847c-48f2-8802-a0c1a6594f96/userFiles-0291c843-bb79-449a-9096-731162d2f170/org.apache.spark_spark-token-provider-kafka-0-10_2.12-3.5.0.jar
26/02/11 17:45:17 INFO SparkContext: Added file file:///root/.ivy2/jars/org.apache.kafka_kafka-clients-3.4.1.jar at file:///root/.ivy2/jars/org.apache.kafka_kafka-clients-3.4.1.jar with timestamp 1770831916355
26/02/11 17:45:17 INFO Utils: Copying /root/.ivy2/jars/org.apache.kafka_kafka-clients-3.4.1.jar to /tmp/spark-d59b9126-847c-48f2-8802-a0c1a6594f96/userFiles-0291c843-bb79-449a-9096-731162d2f170/org.apache.kafka_kafka-clients-3.4.1.jar
26/02/11 17:45:17 INFO SparkContext: Added file file:///root/.ivy2/jars/com.google.code.findbugs_jsr305-3.0.0.jar at file:///root/.ivy2/jars/com.google.code.findbugs_jsr305-3.0.0.jar with timestamp 1770831916355
26/02/11 17:45:17 INFO Utils: Copying /root/.ivy2/jars/com.google.code.findbugs_jsr305-3.0.0.jar to /tmp/spark-d59b9126-847c-48f2-8802-a0c1a6594f96/userFiles-0291c843-bb79-449a-9096-731162d2f170/com.google.code.findbugs_jsr305-3.0.0.jar
26/02/11 17:45:17 INFO SparkContext: Added file file:///root/.ivy2/jars/org.apache.commons_commons-pool2-2.11.1.jar at file:///root/.ivy2/jars/org.apache.commons_commons-pool2-2.11.1.jar with timestamp 1770831916355
26/02/11 17:45:17 INFO Utils: Copying /root/.ivy2/jars/org.apache.commons_commons-pool2-2.11.1.jar to /tmp/spark-d59b9126-847c-48f2-8802-a0c1a6594f96/userFiles-0291c843-bb79-449a-9096-731162d2f170/org.apache.commons_commons-pool2-2.11.1.jar
26/02/11 17:45:17 INFO SparkContext: Added file file:///root/.ivy2/jars/org.lz4_lz4-java-1.8.0.jar at file:///root/.ivy2/jars/org.lz4_lz4-java-1.8.0.jar with timestamp 1770831916355
26/02/11 17:45:17 INFO Utils: Copying /root/.ivy2/jars/org.lz4_lz4-java-1.8.0.jar to /tmp/spark-d59b9126-847c-48f2-8802-a0c1a6594f96/userFiles-0291c843-bb79-449a-9096-731162d2f170/org.lz4_lz4-java-1.8.0.jar
26/02/11 17:45:17 INFO SparkContext: Added file file:///root/.ivy2/jars/org.xerial.snappy_snappy-java-1.1.10.3.jar at file:///root/.ivy2/jars/org.xerial.snappy_snappy-java-1.1.10.3.jar with timestamp 1770831916355
26/02/11 17:45:17 INFO Utils: Copying /root/.ivy2/jars/org.xerial.snappy_snappy-java-1.1.10.3.jar to /tmp/spark-d59b9126-847c-48f2-8802-a0c1a6594f96/userFiles-0291c843-bb79-449a-9096-731162d2f170/org.xerial.snappy_snappy-java-1.1.10.3.jar
26/02/11 17:45:18 INFO Executor: Starting executor ID driver on host a0cf84f032ea
26/02/11 17:45:18 INFO Executor: OS info Linux, 6.6.87.2-microsoft-standard-WSL2, amd64
26/02/11 17:45:18 INFO Executor: Java version 11.0.20.1
26/02/11 17:45:18 INFO Executor: Starting executor with user classpath (userClassPathFirst = true): ''
26/02/11 17:45:18 INFO Executor: Created or updated repl class loader org.apache.spark.util.ChildFirstURLClassLoader@6e25ddb5 for default.
26/02/11 17:45:18 INFO Executor: Fetching file:///root/.ivy2/jars/org.apache.spark_spark-sql-kafka-0-10_2.12-3.5.0.jar with timestamp 1770831916355
26/02/11 17:45:18 INFO Utils: /root/.ivy2/jars/org.apache.spark_spark-sql-kafka-0-10_2.12-3.5.0.jar has been previously copied to /tmp/spark-d59b9126-847c-48f2-8802-a0c1a6594f96/userFiles-0291c843-bb79-449a-9096-731162d2f170/org.apache.spark_spark-sql-kafka-0-10_2.12-3.5.0.jar
26/02/11 17:45:18 INFO Executor: Fetching file:///root/.ivy2/jars/com.google.code.findbugs_jsr305-3.0.0.jar with timestamp 1770831916355
26/02/11 17:45:18 INFO Utils: /root/.ivy2/jars/com.google.code.findbugs_jsr305-3.0.0.jar has been previously copied to /tmp/spark-d59b9126-847c-48f2-8802-a0c1a6594f96/userFiles-0291c843-bb79-449a-9096-731162d2f170/com.google.code.findbugs_jsr305-3.0.0.jar
26/02/11 17:45:18 INFO Executor: Fetching file:///root/.ivy2/jars/org.xerial.snappy_snappy-java-1.1.10.3.jar with timestamp 1770831916355
26/02/11 17:45:18 INFO Utils: /root/.ivy2/jars/org.xerial.snappy_snappy-java-1.1.10.3.jar has been previously copied to /tmp/spark-d59b9126-847c-48f2-8802-a0c1a6594f96/userFiles-0291c843-bb79-449a-9096-731162d2f170/org.xerial.snappy_snappy-java-1.1.10.3.jar
26/02/11 17:45:18 INFO Executor: Fetching file:///root/.ivy2/jars/org.apache.spark_spark-token-provider-kafka-0-10_2.12-3.5.0.jar with timestamp 1770831916355
26/02/11 17:45:18 INFO Utils: /root/.ivy2/jars/org.apache.spark_spark-token-provider-kafka-0-10_2.12-3.5.0.jar has been previously copied to /tmp/spark-d59b9126-847c-48f2-8802-a0c1a6594f96/userFiles-0291c843-bb79-449a-9096-731162d2f170/org.apache.spark_spark-token-provider-kafka-0-10_2.12-3.5.0.jar
26/02/11 17:45:18 INFO Executor: Fetching file:///root/.ivy2/jars/org.apache.commons_commons-pool2-2.11.1.jar with timestamp 1770831916355
26/02/11 17:45:18 INFO Utils: /root/.ivy2/jars/org.apache.commons_commons-pool2-2.11.1.jar has been previously copied to /tmp/spark-d59b9126-847c-48f2-8802-a0c1a6594f96/userFiles-0291c843-bb79-449a-9096-731162d2f170/org.apache.commons_commons-pool2-2.11.1.jar
26/02/11 17:45:18 INFO Executor: Fetching file:///root/.ivy2/jars/org.lz4_lz4-java-1.8.0.jar with timestamp 1770831916355
26/02/11 17:45:18 INFO Utils: /root/.ivy2/jars/org.lz4_lz4-java-1.8.0.jar has been previously copied to /tmp/spark-d59b9126-847c-48f2-8802-a0c1a6594f96/userFiles-0291c843-bb79-449a-9096-731162d2f170/org.lz4_lz4-java-1.8.0.jar
26/02/11 17:45:18 INFO Executor: Fetching file:///root/.ivy2/jars/org.apache.kafka_kafka-clients-3.4.1.jar with timestamp 1770831916355
26/02/11 17:45:18 INFO Utils: /root/.ivy2/jars/org.apache.kafka_kafka-clients-3.4.1.jar has been previously copied to /tmp/spark-d59b9126-847c-48f2-8802-a0c1a6594f96/userFiles-0291c843-bb79-449a-9096-731162d2f170/org.apache.kafka_kafka-clients-3.4.1.jar
26/02/11 17:45:18 INFO Executor: Fetching spark://a0cf84f032ea:38151/jars/org.apache.kafka_kafka-clients-3.4.1.jar with timestamp 1770831916355
26/02/11 17:45:18 INFO TransportClientFactory: Successfully created connection to a0cf84f032ea/172.22.0.3:38151 after 70 ms (0 ms spent in bootstraps)
26/02/11 17:45:18 INFO Utils: Fetching spark://a0cf84f032ea:38151/jars/org.apache.kafka_kafka-clients-3.4.1.jar to /tmp/spark-d59b9126-847c-48f2-8802-a0c1a6594f96/userFiles-0291c843-bb79-449a-9096-731162d2f170/fetchFileTemp6224599453657263173.tmp
26/02/11 17:45:18 INFO Utils: /tmp/spark-d59b9126-847c-48f2-8802-a0c1a6594f96/userFiles-0291c843-bb79-449a-9096-731162d2f170/fetchFileTemp6224599453657263173.tmp has been previously copied to /tmp/spark-d59b9126-847c-48f2-8802-a0c1a6594f96/userFiles-0291c843-bb79-449a-9096-731162d2f170/org.apache.kafka_kafka-clients-3.4.1.jar
26/02/11 17:45:18 INFO Executor: Adding file:/tmp/spark-d59b9126-847c-48f2-8802-a0c1a6594f96/userFiles-0291c843-bb79-449a-9096-731162d2f170/org.apache.kafka_kafka-clients-3.4.1.jar to class loader default
26/02/11 17:45:18 INFO Executor: Fetching spark://a0cf84f032ea:38151/jars/org.apache.commons_commons-pool2-2.11.1.jar with timestamp 1770831916355
26/02/11 17:45:18 INFO Utils: Fetching spark://a0cf84f032ea:38151/jars/org.apache.commons_commons-pool2-2.11.1.jar to /tmp/spark-d59b9126-847c-48f2-8802-a0c1a6594f96/userFiles-0291c843-bb79-449a-9096-731162d2f170/fetchFileTemp9335514604452061674.tmp
26/02/11 17:45:18 INFO Utils: /tmp/spark-d59b9126-847c-48f2-8802-a0c1a6594f96/userFiles-0291c843-bb79-449a-9096-731162d2f170/fetchFileTemp9335514604452061674.tmp has been previously copied to /tmp/spark-d59b9126-847c-48f2-8802-a0c1a6594f96/userFiles-0291c843-bb79-449a-9096-731162d2f170/org.apache.commons_commons-pool2-2.11.1.jar
26/02/11 17:45:18 INFO Executor: Adding file:/tmp/spark-d59b9126-847c-48f2-8802-a0c1a6594f96/userFiles-0291c843-bb79-449a-9096-731162d2f170/org.apache.commons_commons-pool2-2.11.1.jar to class loader default
26/02/11 17:45:18 INFO Executor: Fetching spark://a0cf84f032ea:38151/jars/org.apache.spark_spark-token-provider-kafka-0-10_2.12-3.5.0.jar with timestamp 1770831916355
26/02/11 17:45:18 INFO Utils: Fetching spark://a0cf84f032ea:38151/jars/org.apache.spark_spark-token-provider-kafka-0-10_2.12-3.5.0.jar to /tmp/spark-d59b9126-847c-48f2-8802-a0c1a6594f96/userFiles-0291c843-bb79-449a-9096-731162d2f170/fetchFileTemp10313664312106242125.tmp
26/02/11 17:45:18 INFO Utils: /tmp/spark-d59b9126-847c-48f2-8802-a0c1a6594f96/userFiles-0291c843-bb79-449a-9096-731162d2f170/fetchFileTemp10313664312106242125.tmp has been previously copied to /tmp/spark-d59b9126-847c-48f2-8802-a0c1a6594f96/userFiles-0291c843-bb79-449a-9096-731162d2f170/org.apache.spark_spark-token-provider-kafka-0-10_2.12-3.5.0.jar
26/02/11 17:45:18 INFO Executor: Adding file:/tmp/spark-d59b9126-847c-48f2-8802-a0c1a6594f96/userFiles-0291c843-bb79-449a-9096-731162d2f170/org.apache.spark_spark-token-provider-kafka-0-10_2.12-3.5.0.jar to class loader default
26/02/11 17:45:18 INFO Executor: Fetching spark://a0cf84f032ea:38151/jars/org.apache.spark_spark-sql-kafka-0-10_2.12-3.5.0.jar with timestamp 1770831916355
26/02/11 17:45:18 INFO Utils: Fetching spark://a0cf84f032ea:38151/jars/org.apache.spark_spark-sql-kafka-0-10_2.12-3.5.0.jar to /tmp/spark-d59b9126-847c-48f2-8802-a0c1a6594f96/userFiles-0291c843-bb79-449a-9096-731162d2f170/fetchFileTemp7067461019581105383.tmp
26/02/11 17:45:18 INFO Utils: /tmp/spark-d59b9126-847c-48f2-8802-a0c1a6594f96/userFiles-0291c843-bb79-449a-9096-731162d2f170/fetchFileTemp7067461019581105383.tmp has been previously copied to /tmp/spark-d59b9126-847c-48f2-8802-a0c1a6594f96/userFiles-0291c843-bb79-449a-9096-731162d2f170/org.apache.spark_spark-sql-kafka-0-10_2.12-3.5.0.jar
26/02/11 17:45:18 INFO Executor: Adding file:/tmp/spark-d59b9126-847c-48f2-8802-a0c1a6594f96/userFiles-0291c843-bb79-449a-9096-731162d2f170/org.apache.spark_spark-sql-kafka-0-10_2.12-3.5.0.jar to class loader default
26/02/11 17:45:18 INFO Executor: Fetching spark://a0cf84f032ea:38151/jars/com.google.code.findbugs_jsr305-3.0.0.jar with timestamp 1770831916355
26/02/11 17:45:18 INFO Utils: Fetching spark://a0cf84f032ea:38151/jars/com.google.code.findbugs_jsr305-3.0.0.jar to /tmp/spark-d59b9126-847c-48f2-8802-a0c1a6594f96/userFiles-0291c843-bb79-449a-9096-731162d2f170/fetchFileTemp13961993542834245482.tmp
26/02/11 17:45:18 INFO Utils: /tmp/spark-d59b9126-847c-48f2-8802-a0c1a6594f96/userFiles-0291c843-bb79-449a-9096-731162d2f170/fetchFileTemp13961993542834245482.tmp has been previously copied to /tmp/spark-d59b9126-847c-48f2-8802-a0c1a6594f96/userFiles-0291c843-bb79-449a-9096-731162d2f170/com.google.code.findbugs_jsr305-3.0.0.jar
26/02/11 17:45:18 INFO Executor: Adding file:/tmp/spark-d59b9126-847c-48f2-8802-a0c1a6594f96/userFiles-0291c843-bb79-449a-9096-731162d2f170/com.google.code.findbugs_jsr305-3.0.0.jar to class loader default
26/02/11 17:45:18 INFO Executor: Fetching spark://a0cf84f032ea:38151/jars/org.xerial.snappy_snappy-java-1.1.10.3.jar with timestamp 1770831916355
26/02/11 17:45:18 INFO Utils: Fetching spark://a0cf84f032ea:38151/jars/org.xerial.snappy_snappy-java-1.1.10.3.jar to /tmp/spark-d59b9126-847c-48f2-8802-a0c1a6594f96/userFiles-0291c843-bb79-449a-9096-731162d2f170/fetchFileTemp9337678288264171853.tmp
26/02/11 17:45:18 INFO Utils: /tmp/spark-d59b9126-847c-48f2-8802-a0c1a6594f96/userFiles-0291c843-bb79-449a-9096-731162d2f170/fetchFileTemp9337678288264171853.tmp has been previously copied to /tmp/spark-d59b9126-847c-48f2-8802-a0c1a6594f96/userFiles-0291c843-bb79-449a-9096-731162d2f170/org.xerial.snappy_snappy-java-1.1.10.3.jar
26/02/11 17:45:18 INFO Executor: Adding file:/tmp/spark-d59b9126-847c-48f2-8802-a0c1a6594f96/userFiles-0291c843-bb79-449a-9096-731162d2f170/org.xerial.snappy_snappy-java-1.1.10.3.jar to class loader default
26/02/11 17:45:18 INFO Executor: Fetching spark://a0cf84f032ea:38151/jars/org.lz4_lz4-java-1.8.0.jar with timestamp 1770831916355
26/02/11 17:45:18 INFO Utils: Fetching spark://a0cf84f032ea:38151/jars/org.lz4_lz4-java-1.8.0.jar to /tmp/spark-d59b9126-847c-48f2-8802-a0c1a6594f96/userFiles-0291c843-bb79-449a-9096-731162d2f170/fetchFileTemp5989028357037544692.tmp
26/02/11 17:45:18 INFO Utils: /tmp/spark-d59b9126-847c-48f2-8802-a0c1a6594f96/userFiles-0291c843-bb79-449a-9096-731162d2f170/fetchFileTemp5989028357037544692.tmp has been previously copied to /tmp/spark-d59b9126-847c-48f2-8802-a0c1a6594f96/userFiles-0291c843-bb79-449a-9096-731162d2f170/org.lz4_lz4-java-1.8.0.jar
26/02/11 17:45:18 INFO Executor: Adding file:/tmp/spark-d59b9126-847c-48f2-8802-a0c1a6594f96/userFiles-0291c843-bb79-449a-9096-731162d2f170/org.lz4_lz4-java-1.8.0.jar to class loader default
26/02/11 17:45:18 INFO Utils: Successfully started service 'org.apache.spark.network.netty.NettyBlockTransferService' on port 34587.
26/02/11 17:45:18 INFO NettyBlockTransferService: Server created on a0cf84f032ea:34587
26/02/11 17:45:18 INFO BlockManager: Using org.apache.spark.storage.RandomBlockReplicationPolicy for block replication policy
26/02/11 17:45:18 INFO BlockManagerMaster: Registering BlockManager BlockManagerId(driver, a0cf84f032ea, 34587, None)
26/02/11 17:45:18 INFO BlockManagerMasterEndpoint: Registering block manager a0cf84f032ea:34587 with 434.4 MiB RAM, BlockManagerId(driver, a0cf84f032ea, 34587, None)
26/02/11 17:45:18 INFO BlockManagerMaster: Registered BlockManager BlockManagerId(driver, a0cf84f032ea, 34587, None)
26/02/11 17:45:18 INFO BlockManager: Initialized BlockManager: BlockManagerId(driver, a0cf84f032ea, 34587, None)
INFO:__main__:Spark Session Created
26/02/11 17:45:19 INFO SharedState: Setting hive.metastore.warehouse.dir ('null') to the value of spark.sql.warehouse.dir.
26/02/11 17:45:19 INFO SharedState: Warehouse path is 'file:/opt/spark/work-dir/spark-warehouse'.
26/02/11 17:45:22 WARN MetricsConfig: Cannot locate configuration: tried hadoop-metrics2-s3a-file-system.properties,hadoop-metrics2.properties
26/02/11 17:45:22 INFO MetricsSystemImpl: Scheduled Metric snapshot period at 10 second(s).
26/02/11 17:45:22 INFO MetricsSystemImpl: s3a-file-system metrics system started
26/02/11 17:45:23 INFO CatalogUtil: Loading custom FileIO implementation: org.apache.iceberg.hadoop.HadoopFileIO
26/02/11 17:45:25 INFO BaseMetastoreCatalog: Table loaded by catalog: cryptolake.bronze.realtime_prices
26/02/11 17:45:25 INFO StateStoreCoordinatorRef: Registered StateStoreCoordinator endpoint
26/02/11 17:45:25 INFO ResolveWriteToStream: Checkpoint root s3a://cryptolake-bronze/checkpoints/bronze/binance_futures resolved to s3a://cryptolake-bronze/checkpoints/bronze/binance_futures.
26/02/11 17:45:25 WARN ResolveWriteToStream: spark.sql.adaptive.enabled is not supported in streaming DataFrames/Datasets and will be disabled.
26/02/11 17:45:25 INFO deprecation: org.apache.hadoop.shaded.io.bytes.per.checksum is deprecated. Instead, use dfs.bytes-per-checksum
26/02/11 17:45:25 INFO MicroBatchExecution: Starting [id = 3a08e7be-d562-4307-8d87-295d8d7f4856, runId = 8c2b5398-cb5c-4de4-afae-78aa74a5116e]. Use s3a://cryptolake-bronze/checkpoints/bronze/binance_futures to store the query checkpoint.
INFO:__main__:Streaming query started to table cryptolake.bronze.realtime_prices...
26/02/11 17:45:25 INFO MicroBatchExecution: Reading table [org.apache.spark.sql.kafka010.KafkaSourceProvider$KafkaTable@4f352219] from DataSourceV2 named 'kafka' [org.apache.spark.sql.kafka010.KafkaSourceProvider@5a767424]
26/02/11 17:45:25 INFO OffsetSeqLog: BatchIds found from listing: 
26/02/11 17:45:25 INFO OffsetSeqLog: BatchIds found from listing: 
26/02/11 17:45:25 INFO MicroBatchExecution: Starting new streaming query.
26/02/11 17:45:25 INFO MicroBatchExecution: Stream started from {}
26/02/11 17:45:27 INFO CheckpointFileManager: Writing atomically to s3a://cryptolake-bronze/checkpoints/bronze/binance_futures/sources/0/0 using temp file s3a://cryptolake-bronze/checkpoints/bronze/binance_futures/sources/0/.0.ec3619d8-cd4a-424b-92e3-35c22aadff76.tmp
26/02/11 17:45:27 INFO CheckpointFileManager: Renamed temp file s3a://cryptolake-bronze/checkpoints/bronze/binance_futures/sources/0/.0.ec3619d8-cd4a-424b-92e3-35c22aadff76.tmp to s3a://cryptolake-bronze/checkpoints/bronze/binance_futures/sources/0/0
26/02/11 17:45:27 INFO KafkaMicroBatchStream: Initial offsets: {"prices.realtime":{"0":0}}
26/02/11 17:45:27 INFO CheckpointFileManager: Writing atomically to s3a://cryptolake-bronze/checkpoints/bronze/binance_futures/offsets/0 using temp file s3a://cryptolake-bronze/checkpoints/bronze/binance_futures/offsets/.0.174745a1-2818-4703-aed4-250cca6bb710.tmp
26/02/11 17:45:27 INFO CheckpointFileManager: Renamed temp file s3a://cryptolake-bronze/checkpoints/bronze/binance_futures/offsets/.0.174745a1-2818-4703-aed4-250cca6bb710.tmp to s3a://cryptolake-bronze/checkpoints/bronze/binance_futures/offsets/0
26/02/11 17:45:27 INFO MicroBatchExecution: Committed offsets for batch 0. Metadata OffsetSeqMetadata(0,1770831927374,Map(spark.sql.streaming.stateStore.providerClass -> org.apache.spark.sql.execution.streaming.state.HDFSBackedStateStoreProvider, spark.sql.streaming.join.stateFormatVersion -> 2, spark.sql.streaming.stateStore.compression.codec -> lz4, spark.sql.streaming.stateStore.rocksdb.formatVersion -> 5, spark.sql.streaming.statefulOperator.useStrictDistribution -> true, spark.sql.streaming.flatMapGroupsWithState.stateFormatVersion -> 2, spark.sql.streaming.multipleWatermarkPolicy -> min, spark.sql.streaming.aggregation.stateFormatVersion -> 2, spark.sql.shuffle.partitions -> 200))
26/02/11 17:45:27 INFO SparkWrite: Requesting 0 bytes advisory partition size for table cryptolake.bronze.realtime_prices
26/02/11 17:45:27 INFO SparkWrite: Requesting UnspecifiedDistribution as write distribution for table cryptolake.bronze.realtime_prices
26/02/11 17:45:27 INFO SparkWrite: Requesting [] as write ordering for table cryptolake.bronze.realtime_prices
26/02/11 17:45:27 INFO IncrementalExecution: Current batch timestamp = 1770831927374
26/02/11 17:45:28 INFO KafkaOffsetReaderAdmin: Partitions added: Map()
26/02/11 17:45:28 INFO KafkaOffsetReaderAdmin: Partitions added: Map()
26/02/11 17:45:28 INFO SparkWrite: Requesting 0 bytes advisory partition size for table cryptolake.bronze.realtime_prices
26/02/11 17:45:28 INFO SparkWrite: Requesting UnspecifiedDistribution as write distribution for table cryptolake.bronze.realtime_prices
26/02/11 17:45:28 INFO SparkWrite: Requesting [] as write ordering for table cryptolake.bronze.realtime_prices
26/02/11 17:45:28 INFO IncrementalExecution: Current batch timestamp = 1770831927374
26/02/11 17:45:28 INFO KafkaOffsetReaderAdmin: Partitions added: Map()
26/02/11 17:45:28 INFO KafkaOffsetReaderAdmin: Partitions added: Map()
26/02/11 17:45:28 INFO SparkWrite: Requesting 0 bytes advisory partition size for table cryptolake.bronze.realtime_prices
26/02/11 17:45:28 INFO SparkWrite: Requesting UnspecifiedDistribution as write distribution for table cryptolake.bronze.realtime_prices
26/02/11 17:45:28 INFO SparkWrite: Requesting [] as write ordering for table cryptolake.bronze.realtime_prices
26/02/11 17:45:28 INFO IncrementalExecution: Current batch timestamp = 1770831927374
26/02/11 17:45:28 INFO KafkaOffsetReaderAdmin: Partitions added: Map()
26/02/11 17:45:28 INFO KafkaOffsetReaderAdmin: Partitions added: Map()
26/02/11 17:45:28 INFO CodeGenerator: Code generated in 376.414278 ms
26/02/11 17:45:29 INFO MemoryStore: Block broadcast_0 stored as values in memory (estimated size 32.0 KiB, free 434.4 MiB)
26/02/11 17:45:29 INFO MemoryStore: Block broadcast_0_piece0 stored as bytes in memory (estimated size 30.4 KiB, free 434.3 MiB)
26/02/11 17:45:29 INFO BlockManagerInfo: Added broadcast_0_piece0 in memory on a0cf84f032ea:34587 (size: 30.4 KiB, free: 434.4 MiB)
26/02/11 17:45:29 INFO SparkContext: Created broadcast 0 from toTable at <unknown>:0
26/02/11 17:45:29 INFO WriteToDataSourceV2Exec: Start processing data source write support: MicroBatchWrite[epoch: 0, writer: IcebergStreamingWrite(table=cryptolake.bronze.realtime_prices, format=PARQUET)]. The input RDD has 1 partitions.
26/02/11 17:45:29 INFO SparkContext: Starting job: toTable at <unknown>:0
26/02/11 17:45:29 INFO DAGScheduler: Got job 0 (toTable at <unknown>:0) with 1 output partitions
26/02/11 17:45:29 INFO DAGScheduler: Final stage: ResultStage 0 (toTable at <unknown>:0)
26/02/11 17:45:29 INFO DAGScheduler: Parents of final stage: List()
26/02/11 17:45:29 INFO DAGScheduler: Missing parents: List()
26/02/11 17:45:29 INFO DAGScheduler: Submitting ResultStage 0 (MapPartitionsRDD[3] at toTable at <unknown>:0), which has no missing parents
26/02/11 17:45:29 INFO MemoryStore: Block broadcast_1 stored as values in memory (estimated size 28.2 KiB, free 434.3 MiB)
26/02/11 17:45:29 INFO MemoryStore: Block broadcast_1_piece0 stored as bytes in memory (estimated size 12.3 KiB, free 434.3 MiB)
26/02/11 17:45:29 INFO BlockManagerInfo: Added broadcast_1_piece0 in memory on a0cf84f032ea:34587 (size: 12.3 KiB, free: 434.4 MiB)
26/02/11 17:45:29 INFO SparkContext: Created broadcast 1 from broadcast at DAGScheduler.scala:1580
26/02/11 17:45:29 INFO DAGScheduler: Submitting 1 missing tasks from ResultStage 0 (MapPartitionsRDD[3] at toTable at <unknown>:0) (first 15 tasks are for partitions Vector(0))
26/02/11 17:45:29 INFO TaskSchedulerImpl: Adding task set 0.0 with 1 tasks resource profile 0
26/02/11 17:45:29 INFO TaskSetManager: Starting task 0.0 in stage 0.0 (TID 0) (a0cf84f032ea, executor driver, partition 0, PROCESS_LOCAL, 9920 bytes) 
26/02/11 17:45:29 INFO Executor: Running task 0.0 in stage 0.0 (TID 0)
26/02/11 17:45:29 INFO CodeGenerator: Code generated in 61.571997 ms
26/02/11 17:45:29 INFO CodeGenerator: Code generated in 44.686438 ms
26/02/11 17:45:30 INFO CodecPool: Got brand-new compressor [.zstd]
26/02/11 17:45:30 INFO KafkaBatchReaderFactory: Creating Kafka reader topicPartition=prices.realtime-0 fromOffset=0 untilOffset=418875, for query queryId=3a08e7be-d562-4307-8d87-295d8d7f4856 batchId=0 taskId=0 partitionId=0
26/02/11 17:45:30 INFO CodeGenerator: Code generated in 39.535845 ms
26/02/11 17:45:30 INFO CodeGenerator: Code generated in 37.487029 ms
