:: loading settings :: url = jar:file:/opt/spark/jars/ivy-2.5.1.jar!/org/apache/ivy/core/settings/ivysettings.xml
Ivy Default Cache set to: /root/.ivy2/cache
The jars for the packages stored in: /root/.ivy2/jars
org.apache.iceberg#iceberg-spark-runtime-3.5_2.12 added as a dependency
org.apache.hadoop#hadoop-aws added as a dependency
org.apache.spark#spark-sql-kafka-0-10_2.12 added as a dependency
:: resolving dependencies :: org.apache.spark#spark-submit-parent-8061f990-8915-457a-b154-51fe6c547c90;1.0
	confs: [default]
	found org.apache.iceberg#iceberg-spark-runtime-3.5_2.12;1.4.2 in central
	found org.apache.hadoop#hadoop-aws;3.3.4 in central
	found com.amazonaws#aws-java-sdk-bundle;1.12.262 in central
	found org.wildfly.openssl#wildfly-openssl;1.0.7.Final in central
	found org.apache.spark#spark-sql-kafka-0-10_2.12;3.5.0 in central
	found org.apache.spark#spark-token-provider-kafka-0-10_2.12;3.5.0 in central
	found org.apache.kafka#kafka-clients;3.4.1 in central
	found org.lz4#lz4-java;1.8.0 in central
	found org.xerial.snappy#snappy-java;1.1.10.3 in central
	found org.slf4j#slf4j-api;2.0.7 in central
	found org.apache.hadoop#hadoop-client-runtime;3.3.4 in central
	found org.apache.hadoop#hadoop-client-api;3.3.4 in central
	found commons-logging#commons-logging;1.1.3 in central
	found com.google.code.findbugs#jsr305;3.0.0 in central
	found org.apache.commons#commons-pool2;2.11.1 in central
:: resolution report :: resolve 928ms :: artifacts dl 78ms
	:: modules in use:
	com.amazonaws#aws-java-sdk-bundle;1.12.262 from central in [default]
	com.google.code.findbugs#jsr305;3.0.0 from central in [default]
	commons-logging#commons-logging;1.1.3 from central in [default]
	org.apache.commons#commons-pool2;2.11.1 from central in [default]
	org.apache.hadoop#hadoop-aws;3.3.4 from central in [default]
	org.apache.hadoop#hadoop-client-api;3.3.4 from central in [default]
	org.apache.hadoop#hadoop-client-runtime;3.3.4 from central in [default]
	org.apache.iceberg#iceberg-spark-runtime-3.5_2.12;1.4.2 from central in [default]
	org.apache.kafka#kafka-clients;3.4.1 from central in [default]
	org.apache.spark#spark-sql-kafka-0-10_2.12;3.5.0 from central in [default]
	org.apache.spark#spark-token-provider-kafka-0-10_2.12;3.5.0 from central in [default]
	org.lz4#lz4-java;1.8.0 from central in [default]
	org.slf4j#slf4j-api;2.0.7 from central in [default]
	org.wildfly.openssl#wildfly-openssl;1.0.7.Final from central in [default]
	org.xerial.snappy#snappy-java;1.1.10.3 from central in [default]
	---------------------------------------------------------------------
	|                  |            modules            ||   artifacts   |
	|       conf       | number| search|dwnlded|evicted|| number|dwnlded|
	---------------------------------------------------------------------
	|      default     |   15  |   0   |   0   |   0   ||   15  |   0   |
	---------------------------------------------------------------------
:: retrieving :: org.apache.spark#spark-submit-parent-8061f990-8915-457a-b154-51fe6c547c90
	confs: [default]
	0 artifacts copied, 15 already retrieved (0kB/32ms)
26/02/11 17:38:06 WARN NativeCodeLoader: Unable to load native-hadoop library for your platform... using builtin-java classes where applicable
26/02/11 17:38:12 INFO SparkContext: Running Spark version 3.5.0
26/02/11 17:38:12 INFO SparkContext: OS info Linux, 6.6.87.2-microsoft-standard-WSL2, amd64
26/02/11 17:38:12 INFO SparkContext: Java version 11.0.20.1
26/02/11 17:38:12 INFO ResourceUtils: ==============================================================
26/02/11 17:38:12 INFO ResourceUtils: No custom resources configured for spark.driver.
26/02/11 17:38:12 INFO ResourceUtils: ==============================================================
26/02/11 17:38:12 INFO SparkContext: Submitted application: CryptoLake-StreamToBronze
26/02/11 17:38:12 INFO ResourceProfile: Default ResourceProfile created, executor resources: Map(cores -> name: cores, amount: 1, script: , vendor: , memory -> name: memory, amount: 1024, script: , vendor: , offHeap -> name: offHeap, amount: 0, script: , vendor: ), task resources: Map(cpus -> name: cpus, amount: 1.0)
26/02/11 17:38:12 INFO ResourceProfile: Limiting resource is cpu
26/02/11 17:38:12 INFO ResourceProfileManager: Added ResourceProfile id: 0
26/02/11 17:38:12 INFO SecurityManager: Changing view acls to: root
26/02/11 17:38:12 INFO SecurityManager: Changing modify acls to: root
26/02/11 17:38:12 INFO SecurityManager: Changing view acls groups to: 
26/02/11 17:38:12 INFO SecurityManager: Changing modify acls groups to: 
26/02/11 17:38:12 INFO SecurityManager: SecurityManager: authentication disabled; ui acls disabled; users with view permissions: root; groups with view permissions: EMPTY; users with modify permissions: root; groups with modify permissions: EMPTY
26/02/11 17:38:13 INFO Utils: Successfully started service 'sparkDriver' on port 46195.
26/02/11 17:38:13 INFO SparkEnv: Registering MapOutputTracker
26/02/11 17:38:13 INFO SparkEnv: Registering BlockManagerMaster
26/02/11 17:38:13 INFO BlockManagerMasterEndpoint: Using org.apache.spark.storage.DefaultTopologyMapper for getting topology information
26/02/11 17:38:13 INFO BlockManagerMasterEndpoint: BlockManagerMasterEndpoint up
26/02/11 17:38:13 INFO SparkEnv: Registering BlockManagerMasterHeartbeat
26/02/11 17:38:13 INFO DiskBlockManager: Created local directory at /tmp/blockmgr-b28e525b-6baa-49b5-839a-8f0c8635abb9
26/02/11 17:38:13 INFO MemoryStore: MemoryStore started with capacity 434.4 MiB
26/02/11 17:38:13 INFO SparkEnv: Registering OutputCommitCoordinator
26/02/11 17:38:13 INFO JettyUtils: Start Jetty 0.0.0.0:4040 for SparkUI
26/02/11 17:38:13 INFO Utils: Successfully started service 'SparkUI' on port 4040.
26/02/11 17:38:13 INFO SparkContext: Added JAR file:///root/.ivy2/jars/org.apache.iceberg_iceberg-spark-runtime-3.5_2.12-1.4.2.jar at spark://a0cf84f032ea:46195/jars/org.apache.iceberg_iceberg-spark-runtime-3.5_2.12-1.4.2.jar with timestamp 1770831492574
26/02/11 17:38:13 INFO SparkContext: Added JAR file:///root/.ivy2/jars/org.apache.hadoop_hadoop-aws-3.3.4.jar at spark://a0cf84f032ea:46195/jars/org.apache.hadoop_hadoop-aws-3.3.4.jar with timestamp 1770831492574
26/02/11 17:38:13 INFO SparkContext: Added JAR file:///root/.ivy2/jars/org.apache.spark_spark-sql-kafka-0-10_2.12-3.5.0.jar at spark://a0cf84f032ea:46195/jars/org.apache.spark_spark-sql-kafka-0-10_2.12-3.5.0.jar with timestamp 1770831492574
26/02/11 17:38:13 INFO SparkContext: Added JAR file:///root/.ivy2/jars/com.amazonaws_aws-java-sdk-bundle-1.12.262.jar at spark://a0cf84f032ea:46195/jars/com.amazonaws_aws-java-sdk-bundle-1.12.262.jar with timestamp 1770831492574
26/02/11 17:38:13 INFO SparkContext: Added JAR file:///root/.ivy2/jars/org.wildfly.openssl_wildfly-openssl-1.0.7.Final.jar at spark://a0cf84f032ea:46195/jars/org.wildfly.openssl_wildfly-openssl-1.0.7.Final.jar with timestamp 1770831492574
26/02/11 17:38:13 INFO SparkContext: Added JAR file:///root/.ivy2/jars/org.apache.spark_spark-token-provider-kafka-0-10_2.12-3.5.0.jar at spark://a0cf84f032ea:46195/jars/org.apache.spark_spark-token-provider-kafka-0-10_2.12-3.5.0.jar with timestamp 1770831492574
26/02/11 17:38:13 INFO SparkContext: Added JAR file:///root/.ivy2/jars/org.apache.kafka_kafka-clients-3.4.1.jar at spark://a0cf84f032ea:46195/jars/org.apache.kafka_kafka-clients-3.4.1.jar with timestamp 1770831492574
26/02/11 17:38:13 INFO SparkContext: Added JAR file:///root/.ivy2/jars/com.google.code.findbugs_jsr305-3.0.0.jar at spark://a0cf84f032ea:46195/jars/com.google.code.findbugs_jsr305-3.0.0.jar with timestamp 1770831492574
26/02/11 17:38:13 INFO SparkContext: Added JAR file:///root/.ivy2/jars/org.apache.commons_commons-pool2-2.11.1.jar at spark://a0cf84f032ea:46195/jars/org.apache.commons_commons-pool2-2.11.1.jar with timestamp 1770831492574
26/02/11 17:38:13 INFO SparkContext: Added JAR file:///root/.ivy2/jars/org.apache.hadoop_hadoop-client-runtime-3.3.4.jar at spark://a0cf84f032ea:46195/jars/org.apache.hadoop_hadoop-client-runtime-3.3.4.jar with timestamp 1770831492574
26/02/11 17:38:13 INFO SparkContext: Added JAR file:///root/.ivy2/jars/org.lz4_lz4-java-1.8.0.jar at spark://a0cf84f032ea:46195/jars/org.lz4_lz4-java-1.8.0.jar with timestamp 1770831492574
26/02/11 17:38:13 INFO SparkContext: Added JAR file:///root/.ivy2/jars/org.xerial.snappy_snappy-java-1.1.10.3.jar at spark://a0cf84f032ea:46195/jars/org.xerial.snappy_snappy-java-1.1.10.3.jar with timestamp 1770831492574
26/02/11 17:38:13 INFO SparkContext: Added JAR file:///root/.ivy2/jars/org.slf4j_slf4j-api-2.0.7.jar at spark://a0cf84f032ea:46195/jars/org.slf4j_slf4j-api-2.0.7.jar with timestamp 1770831492574
26/02/11 17:38:13 INFO SparkContext: Added JAR file:///root/.ivy2/jars/org.apache.hadoop_hadoop-client-api-3.3.4.jar at spark://a0cf84f032ea:46195/jars/org.apache.hadoop_hadoop-client-api-3.3.4.jar with timestamp 1770831492574
26/02/11 17:38:13 INFO SparkContext: Added JAR file:///root/.ivy2/jars/commons-logging_commons-logging-1.1.3.jar at spark://a0cf84f032ea:46195/jars/commons-logging_commons-logging-1.1.3.jar with timestamp 1770831492574
26/02/11 17:38:13 INFO SparkContext: Added file file:///root/.ivy2/jars/org.apache.iceberg_iceberg-spark-runtime-3.5_2.12-1.4.2.jar at file:///root/.ivy2/jars/org.apache.iceberg_iceberg-spark-runtime-3.5_2.12-1.4.2.jar with timestamp 1770831492574
26/02/11 17:38:13 INFO Utils: Copying /root/.ivy2/jars/org.apache.iceberg_iceberg-spark-runtime-3.5_2.12-1.4.2.jar to /tmp/spark-4027b187-d942-49a9-96da-bbb070f3fe75/userFiles-02c2d7b4-5469-493b-be1f-39b2b546096c/org.apache.iceberg_iceberg-spark-runtime-3.5_2.12-1.4.2.jar
26/02/11 17:38:13 INFO SparkContext: Added file file:///root/.ivy2/jars/org.apache.hadoop_hadoop-aws-3.3.4.jar at file:///root/.ivy2/jars/org.apache.hadoop_hadoop-aws-3.3.4.jar with timestamp 1770831492574
26/02/11 17:38:13 INFO Utils: Copying /root/.ivy2/jars/org.apache.hadoop_hadoop-aws-3.3.4.jar to /tmp/spark-4027b187-d942-49a9-96da-bbb070f3fe75/userFiles-02c2d7b4-5469-493b-be1f-39b2b546096c/org.apache.hadoop_hadoop-aws-3.3.4.jar
26/02/11 17:38:13 INFO SparkContext: Added file file:///root/.ivy2/jars/org.apache.spark_spark-sql-kafka-0-10_2.12-3.5.0.jar at file:///root/.ivy2/jars/org.apache.spark_spark-sql-kafka-0-10_2.12-3.5.0.jar with timestamp 1770831492574
26/02/11 17:38:13 INFO Utils: Copying /root/.ivy2/jars/org.apache.spark_spark-sql-kafka-0-10_2.12-3.5.0.jar to /tmp/spark-4027b187-d942-49a9-96da-bbb070f3fe75/userFiles-02c2d7b4-5469-493b-be1f-39b2b546096c/org.apache.spark_spark-sql-kafka-0-10_2.12-3.5.0.jar
26/02/11 17:38:13 INFO SparkContext: Added file file:///root/.ivy2/jars/com.amazonaws_aws-java-sdk-bundle-1.12.262.jar at file:///root/.ivy2/jars/com.amazonaws_aws-java-sdk-bundle-1.12.262.jar with timestamp 1770831492574
26/02/11 17:38:13 INFO Utils: Copying /root/.ivy2/jars/com.amazonaws_aws-java-sdk-bundle-1.12.262.jar to /tmp/spark-4027b187-d942-49a9-96da-bbb070f3fe75/userFiles-02c2d7b4-5469-493b-be1f-39b2b546096c/com.amazonaws_aws-java-sdk-bundle-1.12.262.jar
26/02/11 17:38:14 INFO SparkContext: Added file file:///root/.ivy2/jars/org.wildfly.openssl_wildfly-openssl-1.0.7.Final.jar at file:///root/.ivy2/jars/org.wildfly.openssl_wildfly-openssl-1.0.7.Final.jar with timestamp 1770831492574
26/02/11 17:38:14 INFO Utils: Copying /root/.ivy2/jars/org.wildfly.openssl_wildfly-openssl-1.0.7.Final.jar to /tmp/spark-4027b187-d942-49a9-96da-bbb070f3fe75/userFiles-02c2d7b4-5469-493b-be1f-39b2b546096c/org.wildfly.openssl_wildfly-openssl-1.0.7.Final.jar
26/02/11 17:38:14 INFO SparkContext: Added file file:///root/.ivy2/jars/org.apache.spark_spark-token-provider-kafka-0-10_2.12-3.5.0.jar at file:///root/.ivy2/jars/org.apache.spark_spark-token-provider-kafka-0-10_2.12-3.5.0.jar with timestamp 1770831492574
26/02/11 17:38:14 INFO Utils: Copying /root/.ivy2/jars/org.apache.spark_spark-token-provider-kafka-0-10_2.12-3.5.0.jar to /tmp/spark-4027b187-d942-49a9-96da-bbb070f3fe75/userFiles-02c2d7b4-5469-493b-be1f-39b2b546096c/org.apache.spark_spark-token-provider-kafka-0-10_2.12-3.5.0.jar
26/02/11 17:38:14 INFO SparkContext: Added file file:///root/.ivy2/jars/org.apache.kafka_kafka-clients-3.4.1.jar at file:///root/.ivy2/jars/org.apache.kafka_kafka-clients-3.4.1.jar with timestamp 1770831492574
26/02/11 17:38:14 INFO Utils: Copying /root/.ivy2/jars/org.apache.kafka_kafka-clients-3.4.1.jar to /tmp/spark-4027b187-d942-49a9-96da-bbb070f3fe75/userFiles-02c2d7b4-5469-493b-be1f-39b2b546096c/org.apache.kafka_kafka-clients-3.4.1.jar
26/02/11 17:38:14 INFO SparkContext: Added file file:///root/.ivy2/jars/com.google.code.findbugs_jsr305-3.0.0.jar at file:///root/.ivy2/jars/com.google.code.findbugs_jsr305-3.0.0.jar with timestamp 1770831492574
26/02/11 17:38:14 INFO Utils: Copying /root/.ivy2/jars/com.google.code.findbugs_jsr305-3.0.0.jar to /tmp/spark-4027b187-d942-49a9-96da-bbb070f3fe75/userFiles-02c2d7b4-5469-493b-be1f-39b2b546096c/com.google.code.findbugs_jsr305-3.0.0.jar
26/02/11 17:38:14 INFO SparkContext: Added file file:///root/.ivy2/jars/org.apache.commons_commons-pool2-2.11.1.jar at file:///root/.ivy2/jars/org.apache.commons_commons-pool2-2.11.1.jar with timestamp 1770831492574
26/02/11 17:38:14 INFO Utils: Copying /root/.ivy2/jars/org.apache.commons_commons-pool2-2.11.1.jar to /tmp/spark-4027b187-d942-49a9-96da-bbb070f3fe75/userFiles-02c2d7b4-5469-493b-be1f-39b2b546096c/org.apache.commons_commons-pool2-2.11.1.jar
26/02/11 17:38:14 INFO SparkContext: Added file file:///root/.ivy2/jars/org.apache.hadoop_hadoop-client-runtime-3.3.4.jar at file:///root/.ivy2/jars/org.apache.hadoop_hadoop-client-runtime-3.3.4.jar with timestamp 1770831492574
26/02/11 17:38:14 INFO Utils: Copying /root/.ivy2/jars/org.apache.hadoop_hadoop-client-runtime-3.3.4.jar to /tmp/spark-4027b187-d942-49a9-96da-bbb070f3fe75/userFiles-02c2d7b4-5469-493b-be1f-39b2b546096c/org.apache.hadoop_hadoop-client-runtime-3.3.4.jar
26/02/11 17:38:14 INFO SparkContext: Added file file:///root/.ivy2/jars/org.lz4_lz4-java-1.8.0.jar at file:///root/.ivy2/jars/org.lz4_lz4-java-1.8.0.jar with timestamp 1770831492574
26/02/11 17:38:14 INFO Utils: Copying /root/.ivy2/jars/org.lz4_lz4-java-1.8.0.jar to /tmp/spark-4027b187-d942-49a9-96da-bbb070f3fe75/userFiles-02c2d7b4-5469-493b-be1f-39b2b546096c/org.lz4_lz4-java-1.8.0.jar
26/02/11 17:38:14 INFO SparkContext: Added file file:///root/.ivy2/jars/org.xerial.snappy_snappy-java-1.1.10.3.jar at file:///root/.ivy2/jars/org.xerial.snappy_snappy-java-1.1.10.3.jar with timestamp 1770831492574
26/02/11 17:38:14 INFO Utils: Copying /root/.ivy2/jars/org.xerial.snappy_snappy-java-1.1.10.3.jar to /tmp/spark-4027b187-d942-49a9-96da-bbb070f3fe75/userFiles-02c2d7b4-5469-493b-be1f-39b2b546096c/org.xerial.snappy_snappy-java-1.1.10.3.jar
26/02/11 17:38:14 INFO SparkContext: Added file file:///root/.ivy2/jars/org.slf4j_slf4j-api-2.0.7.jar at file:///root/.ivy2/jars/org.slf4j_slf4j-api-2.0.7.jar with timestamp 1770831492574
26/02/11 17:38:14 INFO Utils: Copying /root/.ivy2/jars/org.slf4j_slf4j-api-2.0.7.jar to /tmp/spark-4027b187-d942-49a9-96da-bbb070f3fe75/userFiles-02c2d7b4-5469-493b-be1f-39b2b546096c/org.slf4j_slf4j-api-2.0.7.jar
26/02/11 17:38:14 INFO SparkContext: Added file file:///root/.ivy2/jars/org.apache.hadoop_hadoop-client-api-3.3.4.jar at file:///root/.ivy2/jars/org.apache.hadoop_hadoop-client-api-3.3.4.jar with timestamp 1770831492574
26/02/11 17:38:14 INFO Utils: Copying /root/.ivy2/jars/org.apache.hadoop_hadoop-client-api-3.3.4.jar to /tmp/spark-4027b187-d942-49a9-96da-bbb070f3fe75/userFiles-02c2d7b4-5469-493b-be1f-39b2b546096c/org.apache.hadoop_hadoop-client-api-3.3.4.jar
26/02/11 17:38:14 INFO SparkContext: Added file file:///root/.ivy2/jars/commons-logging_commons-logging-1.1.3.jar at file:///root/.ivy2/jars/commons-logging_commons-logging-1.1.3.jar with timestamp 1770831492574
26/02/11 17:38:14 INFO Utils: Copying /root/.ivy2/jars/commons-logging_commons-logging-1.1.3.jar to /tmp/spark-4027b187-d942-49a9-96da-bbb070f3fe75/userFiles-02c2d7b4-5469-493b-be1f-39b2b546096c/commons-logging_commons-logging-1.1.3.jar
26/02/11 17:38:14 INFO Executor: Starting executor ID driver on host a0cf84f032ea
26/02/11 17:38:14 INFO Executor: OS info Linux, 6.6.87.2-microsoft-standard-WSL2, amd64
26/02/11 17:38:14 INFO Executor: Java version 11.0.20.1
26/02/11 17:38:14 INFO Executor: Starting executor with user classpath (userClassPathFirst = false): ''
26/02/11 17:38:14 INFO Executor: Created or updated repl class loader org.apache.spark.util.MutableURLClassLoader@5d74ce2d for default.
26/02/11 17:38:14 INFO Executor: Fetching file:///root/.ivy2/jars/org.apache.spark_spark-sql-kafka-0-10_2.12-3.5.0.jar with timestamp 1770831492574
26/02/11 17:38:14 INFO Utils: /root/.ivy2/jars/org.apache.spark_spark-sql-kafka-0-10_2.12-3.5.0.jar has been previously copied to /tmp/spark-4027b187-d942-49a9-96da-bbb070f3fe75/userFiles-02c2d7b4-5469-493b-be1f-39b2b546096c/org.apache.spark_spark-sql-kafka-0-10_2.12-3.5.0.jar
26/02/11 17:38:14 INFO Executor: Fetching file:///root/.ivy2/jars/org.apache.hadoop_hadoop-client-api-3.3.4.jar with timestamp 1770831492574
26/02/11 17:38:14 INFO Utils: /root/.ivy2/jars/org.apache.hadoop_hadoop-client-api-3.3.4.jar has been previously copied to /tmp/spark-4027b187-d942-49a9-96da-bbb070f3fe75/userFiles-02c2d7b4-5469-493b-be1f-39b2b546096c/org.apache.hadoop_hadoop-client-api-3.3.4.jar
26/02/11 17:38:14 INFO Executor: Fetching file:///root/.ivy2/jars/com.google.code.findbugs_jsr305-3.0.0.jar with timestamp 1770831492574
26/02/11 17:38:14 INFO Utils: /root/.ivy2/jars/com.google.code.findbugs_jsr305-3.0.0.jar has been previously copied to /tmp/spark-4027b187-d942-49a9-96da-bbb070f3fe75/userFiles-02c2d7b4-5469-493b-be1f-39b2b546096c/com.google.code.findbugs_jsr305-3.0.0.jar
26/02/11 17:38:14 INFO Executor: Fetching file:///root/.ivy2/jars/org.apache.hadoop_hadoop-client-runtime-3.3.4.jar with timestamp 1770831492574
26/02/11 17:38:14 INFO Utils: /root/.ivy2/jars/org.apache.hadoop_hadoop-client-runtime-3.3.4.jar has been previously copied to /tmp/spark-4027b187-d942-49a9-96da-bbb070f3fe75/userFiles-02c2d7b4-5469-493b-be1f-39b2b546096c/org.apache.hadoop_hadoop-client-runtime-3.3.4.jar
26/02/11 17:38:14 INFO Executor: Fetching file:///root/.ivy2/jars/org.xerial.snappy_snappy-java-1.1.10.3.jar with timestamp 1770831492574
26/02/11 17:38:14 INFO Utils: /root/.ivy2/jars/org.xerial.snappy_snappy-java-1.1.10.3.jar has been previously copied to /tmp/spark-4027b187-d942-49a9-96da-bbb070f3fe75/userFiles-02c2d7b4-5469-493b-be1f-39b2b546096c/org.xerial.snappy_snappy-java-1.1.10.3.jar
26/02/11 17:38:14 INFO Executor: Fetching file:///root/.ivy2/jars/org.apache.hadoop_hadoop-aws-3.3.4.jar with timestamp 1770831492574
26/02/11 17:38:14 INFO Utils: /root/.ivy2/jars/org.apache.hadoop_hadoop-aws-3.3.4.jar has been previously copied to /tmp/spark-4027b187-d942-49a9-96da-bbb070f3fe75/userFiles-02c2d7b4-5469-493b-be1f-39b2b546096c/org.apache.hadoop_hadoop-aws-3.3.4.jar
26/02/11 17:38:14 INFO Executor: Fetching file:///root/.ivy2/jars/org.apache.spark_spark-token-provider-kafka-0-10_2.12-3.5.0.jar with timestamp 1770831492574
26/02/11 17:38:14 INFO Utils: /root/.ivy2/jars/org.apache.spark_spark-token-provider-kafka-0-10_2.12-3.5.0.jar has been previously copied to /tmp/spark-4027b187-d942-49a9-96da-bbb070f3fe75/userFiles-02c2d7b4-5469-493b-be1f-39b2b546096c/org.apache.spark_spark-token-provider-kafka-0-10_2.12-3.5.0.jar
26/02/11 17:38:14 INFO Executor: Fetching file:///root/.ivy2/jars/org.slf4j_slf4j-api-2.0.7.jar with timestamp 1770831492574
26/02/11 17:38:14 INFO Utils: /root/.ivy2/jars/org.slf4j_slf4j-api-2.0.7.jar has been previously copied to /tmp/spark-4027b187-d942-49a9-96da-bbb070f3fe75/userFiles-02c2d7b4-5469-493b-be1f-39b2b546096c/org.slf4j_slf4j-api-2.0.7.jar
26/02/11 17:38:14 INFO Executor: Fetching file:///root/.ivy2/jars/com.amazonaws_aws-java-sdk-bundle-1.12.262.jar with timestamp 1770831492574
26/02/11 17:38:14 INFO Utils: /root/.ivy2/jars/com.amazonaws_aws-java-sdk-bundle-1.12.262.jar has been previously copied to /tmp/spark-4027b187-d942-49a9-96da-bbb070f3fe75/userFiles-02c2d7b4-5469-493b-be1f-39b2b546096c/com.amazonaws_aws-java-sdk-bundle-1.12.262.jar
26/02/11 17:38:14 INFO Executor: Fetching file:///root/.ivy2/jars/org.apache.iceberg_iceberg-spark-runtime-3.5_2.12-1.4.2.jar with timestamp 1770831492574
26/02/11 17:38:14 INFO Utils: /root/.ivy2/jars/org.apache.iceberg_iceberg-spark-runtime-3.5_2.12-1.4.2.jar has been previously copied to /tmp/spark-4027b187-d942-49a9-96da-bbb070f3fe75/userFiles-02c2d7b4-5469-493b-be1f-39b2b546096c/org.apache.iceberg_iceberg-spark-runtime-3.5_2.12-1.4.2.jar
26/02/11 17:38:14 INFO Executor: Fetching file:///root/.ivy2/jars/org.apache.commons_commons-pool2-2.11.1.jar with timestamp 1770831492574
26/02/11 17:38:14 INFO Utils: /root/.ivy2/jars/org.apache.commons_commons-pool2-2.11.1.jar has been previously copied to /tmp/spark-4027b187-d942-49a9-96da-bbb070f3fe75/userFiles-02c2d7b4-5469-493b-be1f-39b2b546096c/org.apache.commons_commons-pool2-2.11.1.jar
26/02/11 17:38:14 INFO Executor: Fetching file:///root/.ivy2/jars/commons-logging_commons-logging-1.1.3.jar with timestamp 1770831492574
26/02/11 17:38:14 INFO Utils: /root/.ivy2/jars/commons-logging_commons-logging-1.1.3.jar has been previously copied to /tmp/spark-4027b187-d942-49a9-96da-bbb070f3fe75/userFiles-02c2d7b4-5469-493b-be1f-39b2b546096c/commons-logging_commons-logging-1.1.3.jar
26/02/11 17:38:14 INFO Executor: Fetching file:///root/.ivy2/jars/org.lz4_lz4-java-1.8.0.jar with timestamp 1770831492574
26/02/11 17:38:14 INFO Utils: /root/.ivy2/jars/org.lz4_lz4-java-1.8.0.jar has been previously copied to /tmp/spark-4027b187-d942-49a9-96da-bbb070f3fe75/userFiles-02c2d7b4-5469-493b-be1f-39b2b546096c/org.lz4_lz4-java-1.8.0.jar
26/02/11 17:38:14 INFO Executor: Fetching file:///root/.ivy2/jars/org.apache.kafka_kafka-clients-3.4.1.jar with timestamp 1770831492574
26/02/11 17:38:14 INFO Utils: /root/.ivy2/jars/org.apache.kafka_kafka-clients-3.4.1.jar has been previously copied to /tmp/spark-4027b187-d942-49a9-96da-bbb070f3fe75/userFiles-02c2d7b4-5469-493b-be1f-39b2b546096c/org.apache.kafka_kafka-clients-3.4.1.jar
26/02/11 17:38:14 INFO Executor: Fetching file:///root/.ivy2/jars/org.wildfly.openssl_wildfly-openssl-1.0.7.Final.jar with timestamp 1770831492574
26/02/11 17:38:14 INFO Utils: /root/.ivy2/jars/org.wildfly.openssl_wildfly-openssl-1.0.7.Final.jar has been previously copied to /tmp/spark-4027b187-d942-49a9-96da-bbb070f3fe75/userFiles-02c2d7b4-5469-493b-be1f-39b2b546096c/org.wildfly.openssl_wildfly-openssl-1.0.7.Final.jar
26/02/11 17:38:14 INFO Executor: Fetching spark://a0cf84f032ea:46195/jars/commons-logging_commons-logging-1.1.3.jar with timestamp 1770831492574
26/02/11 17:38:14 INFO TransportClientFactory: Successfully created connection to a0cf84f032ea/172.22.0.3:46195 after 44 ms (0 ms spent in bootstraps)
26/02/11 17:38:14 INFO Utils: Fetching spark://a0cf84f032ea:46195/jars/commons-logging_commons-logging-1.1.3.jar to /tmp/spark-4027b187-d942-49a9-96da-bbb070f3fe75/userFiles-02c2d7b4-5469-493b-be1f-39b2b546096c/fetchFileTemp1974446910742345738.tmp
26/02/11 17:38:14 INFO Utils: /tmp/spark-4027b187-d942-49a9-96da-bbb070f3fe75/userFiles-02c2d7b4-5469-493b-be1f-39b2b546096c/fetchFileTemp1974446910742345738.tmp has been previously copied to /tmp/spark-4027b187-d942-49a9-96da-bbb070f3fe75/userFiles-02c2d7b4-5469-493b-be1f-39b2b546096c/commons-logging_commons-logging-1.1.3.jar
26/02/11 17:38:14 INFO Executor: Adding file:/tmp/spark-4027b187-d942-49a9-96da-bbb070f3fe75/userFiles-02c2d7b4-5469-493b-be1f-39b2b546096c/commons-logging_commons-logging-1.1.3.jar to class loader default
26/02/11 17:38:14 INFO Executor: Fetching spark://a0cf84f032ea:46195/jars/org.apache.spark_spark-sql-kafka-0-10_2.12-3.5.0.jar with timestamp 1770831492574
26/02/11 17:38:14 INFO Utils: Fetching spark://a0cf84f032ea:46195/jars/org.apache.spark_spark-sql-kafka-0-10_2.12-3.5.0.jar to /tmp/spark-4027b187-d942-49a9-96da-bbb070f3fe75/userFiles-02c2d7b4-5469-493b-be1f-39b2b546096c/fetchFileTemp6094451021062765412.tmp
26/02/11 17:38:14 INFO Utils: /tmp/spark-4027b187-d942-49a9-96da-bbb070f3fe75/userFiles-02c2d7b4-5469-493b-be1f-39b2b546096c/fetchFileTemp6094451021062765412.tmp has been previously copied to /tmp/spark-4027b187-d942-49a9-96da-bbb070f3fe75/userFiles-02c2d7b4-5469-493b-be1f-39b2b546096c/org.apache.spark_spark-sql-kafka-0-10_2.12-3.5.0.jar
26/02/11 17:38:14 INFO Executor: Adding file:/tmp/spark-4027b187-d942-49a9-96da-bbb070f3fe75/userFiles-02c2d7b4-5469-493b-be1f-39b2b546096c/org.apache.spark_spark-sql-kafka-0-10_2.12-3.5.0.jar to class loader default
26/02/11 17:38:14 INFO Executor: Fetching spark://a0cf84f032ea:46195/jars/org.apache.kafka_kafka-clients-3.4.1.jar with timestamp 1770831492574
26/02/11 17:38:14 INFO Utils: Fetching spark://a0cf84f032ea:46195/jars/org.apache.kafka_kafka-clients-3.4.1.jar to /tmp/spark-4027b187-d942-49a9-96da-bbb070f3fe75/userFiles-02c2d7b4-5469-493b-be1f-39b2b546096c/fetchFileTemp9398751331468767875.tmp
26/02/11 17:38:14 INFO Utils: /tmp/spark-4027b187-d942-49a9-96da-bbb070f3fe75/userFiles-02c2d7b4-5469-493b-be1f-39b2b546096c/fetchFileTemp9398751331468767875.tmp has been previously copied to /tmp/spark-4027b187-d942-49a9-96da-bbb070f3fe75/userFiles-02c2d7b4-5469-493b-be1f-39b2b546096c/org.apache.kafka_kafka-clients-3.4.1.jar
26/02/11 17:38:15 INFO Executor: Adding file:/tmp/spark-4027b187-d942-49a9-96da-bbb070f3fe75/userFiles-02c2d7b4-5469-493b-be1f-39b2b546096c/org.apache.kafka_kafka-clients-3.4.1.jar to class loader default
26/02/11 17:38:15 INFO Executor: Fetching spark://a0cf84f032ea:46195/jars/org.slf4j_slf4j-api-2.0.7.jar with timestamp 1770831492574
26/02/11 17:38:15 INFO Utils: Fetching spark://a0cf84f032ea:46195/jars/org.slf4j_slf4j-api-2.0.7.jar to /tmp/spark-4027b187-d942-49a9-96da-bbb070f3fe75/userFiles-02c2d7b4-5469-493b-be1f-39b2b546096c/fetchFileTemp18286419449947005874.tmp
26/02/11 17:38:15 INFO Utils: /tmp/spark-4027b187-d942-49a9-96da-bbb070f3fe75/userFiles-02c2d7b4-5469-493b-be1f-39b2b546096c/fetchFileTemp18286419449947005874.tmp has been previously copied to /tmp/spark-4027b187-d942-49a9-96da-bbb070f3fe75/userFiles-02c2d7b4-5469-493b-be1f-39b2b546096c/org.slf4j_slf4j-api-2.0.7.jar
26/02/11 17:38:15 INFO Executor: Adding file:/tmp/spark-4027b187-d942-49a9-96da-bbb070f3fe75/userFiles-02c2d7b4-5469-493b-be1f-39b2b546096c/org.slf4j_slf4j-api-2.0.7.jar to class loader default
26/02/11 17:38:15 INFO Executor: Fetching spark://a0cf84f032ea:46195/jars/org.lz4_lz4-java-1.8.0.jar with timestamp 1770831492574
26/02/11 17:38:15 INFO Utils: Fetching spark://a0cf84f032ea:46195/jars/org.lz4_lz4-java-1.8.0.jar to /tmp/spark-4027b187-d942-49a9-96da-bbb070f3fe75/userFiles-02c2d7b4-5469-493b-be1f-39b2b546096c/fetchFileTemp14753475389065987296.tmp
26/02/11 17:38:15 INFO Utils: /tmp/spark-4027b187-d942-49a9-96da-bbb070f3fe75/userFiles-02c2d7b4-5469-493b-be1f-39b2b546096c/fetchFileTemp14753475389065987296.tmp has been previously copied to /tmp/spark-4027b187-d942-49a9-96da-bbb070f3fe75/userFiles-02c2d7b4-5469-493b-be1f-39b2b546096c/org.lz4_lz4-java-1.8.0.jar
26/02/11 17:38:15 INFO Executor: Adding file:/tmp/spark-4027b187-d942-49a9-96da-bbb070f3fe75/userFiles-02c2d7b4-5469-493b-be1f-39b2b546096c/org.lz4_lz4-java-1.8.0.jar to class loader default
26/02/11 17:38:15 INFO Executor: Fetching spark://a0cf84f032ea:46195/jars/com.google.code.findbugs_jsr305-3.0.0.jar with timestamp 1770831492574
26/02/11 17:38:15 INFO Utils: Fetching spark://a0cf84f032ea:46195/jars/com.google.code.findbugs_jsr305-3.0.0.jar to /tmp/spark-4027b187-d942-49a9-96da-bbb070f3fe75/userFiles-02c2d7b4-5469-493b-be1f-39b2b546096c/fetchFileTemp5212711702771023443.tmp
26/02/11 17:38:15 INFO Utils: /tmp/spark-4027b187-d942-49a9-96da-bbb070f3fe75/userFiles-02c2d7b4-5469-493b-be1f-39b2b546096c/fetchFileTemp5212711702771023443.tmp has been previously copied to /tmp/spark-4027b187-d942-49a9-96da-bbb070f3fe75/userFiles-02c2d7b4-5469-493b-be1f-39b2b546096c/com.google.code.findbugs_jsr305-3.0.0.jar
26/02/11 17:38:15 INFO Executor: Adding file:/tmp/spark-4027b187-d942-49a9-96da-bbb070f3fe75/userFiles-02c2d7b4-5469-493b-be1f-39b2b546096c/com.google.code.findbugs_jsr305-3.0.0.jar to class loader default
26/02/11 17:38:15 INFO Executor: Fetching spark://a0cf84f032ea:46195/jars/org.apache.hadoop_hadoop-client-runtime-3.3.4.jar with timestamp 1770831492574
26/02/11 17:38:15 INFO Utils: Fetching spark://a0cf84f032ea:46195/jars/org.apache.hadoop_hadoop-client-runtime-3.3.4.jar to /tmp/spark-4027b187-d942-49a9-96da-bbb070f3fe75/userFiles-02c2d7b4-5469-493b-be1f-39b2b546096c/fetchFileTemp17747839573695182239.tmp
26/02/11 17:38:15 INFO Utils: /tmp/spark-4027b187-d942-49a9-96da-bbb070f3fe75/userFiles-02c2d7b4-5469-493b-be1f-39b2b546096c/fetchFileTemp17747839573695182239.tmp has been previously copied to /tmp/spark-4027b187-d942-49a9-96da-bbb070f3fe75/userFiles-02c2d7b4-5469-493b-be1f-39b2b546096c/org.apache.hadoop_hadoop-client-runtime-3.3.4.jar
26/02/11 17:38:15 INFO Executor: Adding file:/tmp/spark-4027b187-d942-49a9-96da-bbb070f3fe75/userFiles-02c2d7b4-5469-493b-be1f-39b2b546096c/org.apache.hadoop_hadoop-client-runtime-3.3.4.jar to class loader default
26/02/11 17:38:15 INFO Executor: Fetching spark://a0cf84f032ea:46195/jars/com.amazonaws_aws-java-sdk-bundle-1.12.262.jar with timestamp 1770831492574
26/02/11 17:38:15 INFO Utils: Fetching spark://a0cf84f032ea:46195/jars/com.amazonaws_aws-java-sdk-bundle-1.12.262.jar to /tmp/spark-4027b187-d942-49a9-96da-bbb070f3fe75/userFiles-02c2d7b4-5469-493b-be1f-39b2b546096c/fetchFileTemp7924010258925666379.tmp
26/02/11 17:38:16 INFO Utils: /tmp/spark-4027b187-d942-49a9-96da-bbb070f3fe75/userFiles-02c2d7b4-5469-493b-be1f-39b2b546096c/fetchFileTemp7924010258925666379.tmp has been previously copied to /tmp/spark-4027b187-d942-49a9-96da-bbb070f3fe75/userFiles-02c2d7b4-5469-493b-be1f-39b2b546096c/com.amazonaws_aws-java-sdk-bundle-1.12.262.jar
26/02/11 17:38:17 INFO Executor: Adding file:/tmp/spark-4027b187-d942-49a9-96da-bbb070f3fe75/userFiles-02c2d7b4-5469-493b-be1f-39b2b546096c/com.amazonaws_aws-java-sdk-bundle-1.12.262.jar to class loader default
26/02/11 17:38:17 INFO Executor: Fetching spark://a0cf84f032ea:46195/jars/org.apache.iceberg_iceberg-spark-runtime-3.5_2.12-1.4.2.jar with timestamp 1770831492574
26/02/11 17:38:17 INFO Utils: Fetching spark://a0cf84f032ea:46195/jars/org.apache.iceberg_iceberg-spark-runtime-3.5_2.12-1.4.2.jar to /tmp/spark-4027b187-d942-49a9-96da-bbb070f3fe75/userFiles-02c2d7b4-5469-493b-be1f-39b2b546096c/fetchFileTemp2830934936897773940.tmp
26/02/11 17:38:17 INFO Utils: /tmp/spark-4027b187-d942-49a9-96da-bbb070f3fe75/userFiles-02c2d7b4-5469-493b-be1f-39b2b546096c/fetchFileTemp2830934936897773940.tmp has been previously copied to /tmp/spark-4027b187-d942-49a9-96da-bbb070f3fe75/userFiles-02c2d7b4-5469-493b-be1f-39b2b546096c/org.apache.iceberg_iceberg-spark-runtime-3.5_2.12-1.4.2.jar
26/02/11 17:38:17 INFO Executor: Adding file:/tmp/spark-4027b187-d942-49a9-96da-bbb070f3fe75/userFiles-02c2d7b4-5469-493b-be1f-39b2b546096c/org.apache.iceberg_iceberg-spark-runtime-3.5_2.12-1.4.2.jar to class loader default
26/02/11 17:38:17 INFO Executor: Fetching spark://a0cf84f032ea:46195/jars/org.apache.hadoop_hadoop-aws-3.3.4.jar with timestamp 1770831492574
26/02/11 17:38:17 INFO Utils: Fetching spark://a0cf84f032ea:46195/jars/org.apache.hadoop_hadoop-aws-3.3.4.jar to /tmp/spark-4027b187-d942-49a9-96da-bbb070f3fe75/userFiles-02c2d7b4-5469-493b-be1f-39b2b546096c/fetchFileTemp9361695112995184390.tmp
26/02/11 17:38:17 INFO Utils: /tmp/spark-4027b187-d942-49a9-96da-bbb070f3fe75/userFiles-02c2d7b4-5469-493b-be1f-39b2b546096c/fetchFileTemp9361695112995184390.tmp has been previously copied to /tmp/spark-4027b187-d942-49a9-96da-bbb070f3fe75/userFiles-02c2d7b4-5469-493b-be1f-39b2b546096c/org.apache.hadoop_hadoop-aws-3.3.4.jar
26/02/11 17:38:17 INFO Executor: Adding file:/tmp/spark-4027b187-d942-49a9-96da-bbb070f3fe75/userFiles-02c2d7b4-5469-493b-be1f-39b2b546096c/org.apache.hadoop_hadoop-aws-3.3.4.jar to class loader default
26/02/11 17:38:17 INFO Executor: Fetching spark://a0cf84f032ea:46195/jars/org.xerial.snappy_snappy-java-1.1.10.3.jar with timestamp 1770831492574
26/02/11 17:38:17 INFO Utils: Fetching spark://a0cf84f032ea:46195/jars/org.xerial.snappy_snappy-java-1.1.10.3.jar to /tmp/spark-4027b187-d942-49a9-96da-bbb070f3fe75/userFiles-02c2d7b4-5469-493b-be1f-39b2b546096c/fetchFileTemp13485092496354892798.tmp
26/02/11 17:38:17 INFO Utils: /tmp/spark-4027b187-d942-49a9-96da-bbb070f3fe75/userFiles-02c2d7b4-5469-493b-be1f-39b2b546096c/fetchFileTemp13485092496354892798.tmp has been previously copied to /tmp/spark-4027b187-d942-49a9-96da-bbb070f3fe75/userFiles-02c2d7b4-5469-493b-be1f-39b2b546096c/org.xerial.snappy_snappy-java-1.1.10.3.jar
26/02/11 17:38:17 INFO Executor: Adding file:/tmp/spark-4027b187-d942-49a9-96da-bbb070f3fe75/userFiles-02c2d7b4-5469-493b-be1f-39b2b546096c/org.xerial.snappy_snappy-java-1.1.10.3.jar to class loader default
26/02/11 17:38:17 INFO Executor: Fetching spark://a0cf84f032ea:46195/jars/org.wildfly.openssl_wildfly-openssl-1.0.7.Final.jar with timestamp 1770831492574
26/02/11 17:38:17 INFO Utils: Fetching spark://a0cf84f032ea:46195/jars/org.wildfly.openssl_wildfly-openssl-1.0.7.Final.jar to /tmp/spark-4027b187-d942-49a9-96da-bbb070f3fe75/userFiles-02c2d7b4-5469-493b-be1f-39b2b546096c/fetchFileTemp14552199977032234590.tmp
26/02/11 17:38:17 INFO Utils: /tmp/spark-4027b187-d942-49a9-96da-bbb070f3fe75/userFiles-02c2d7b4-5469-493b-be1f-39b2b546096c/fetchFileTemp14552199977032234590.tmp has been previously copied to /tmp/spark-4027b187-d942-49a9-96da-bbb070f3fe75/userFiles-02c2d7b4-5469-493b-be1f-39b2b546096c/org.wildfly.openssl_wildfly-openssl-1.0.7.Final.jar
26/02/11 17:38:17 INFO Executor: Adding file:/tmp/spark-4027b187-d942-49a9-96da-bbb070f3fe75/userFiles-02c2d7b4-5469-493b-be1f-39b2b546096c/org.wildfly.openssl_wildfly-openssl-1.0.7.Final.jar to class loader default
26/02/11 17:38:17 INFO Executor: Fetching spark://a0cf84f032ea:46195/jars/org.apache.commons_commons-pool2-2.11.1.jar with timestamp 1770831492574
26/02/11 17:38:17 INFO Utils: Fetching spark://a0cf84f032ea:46195/jars/org.apache.commons_commons-pool2-2.11.1.jar to /tmp/spark-4027b187-d942-49a9-96da-bbb070f3fe75/userFiles-02c2d7b4-5469-493b-be1f-39b2b546096c/fetchFileTemp1234622938825557751.tmp
26/02/11 17:38:17 INFO Utils: /tmp/spark-4027b187-d942-49a9-96da-bbb070f3fe75/userFiles-02c2d7b4-5469-493b-be1f-39b2b546096c/fetchFileTemp1234622938825557751.tmp has been previously copied to /tmp/spark-4027b187-d942-49a9-96da-bbb070f3fe75/userFiles-02c2d7b4-5469-493b-be1f-39b2b546096c/org.apache.commons_commons-pool2-2.11.1.jar
26/02/11 17:38:17 INFO Executor: Adding file:/tmp/spark-4027b187-d942-49a9-96da-bbb070f3fe75/userFiles-02c2d7b4-5469-493b-be1f-39b2b546096c/org.apache.commons_commons-pool2-2.11.1.jar to class loader default
26/02/11 17:38:17 INFO Executor: Fetching spark://a0cf84f032ea:46195/jars/org.apache.hadoop_hadoop-client-api-3.3.4.jar with timestamp 1770831492574
26/02/11 17:38:17 INFO Utils: Fetching spark://a0cf84f032ea:46195/jars/org.apache.hadoop_hadoop-client-api-3.3.4.jar to /tmp/spark-4027b187-d942-49a9-96da-bbb070f3fe75/userFiles-02c2d7b4-5469-493b-be1f-39b2b546096c/fetchFileTemp10980447301168333073.tmp
26/02/11 17:38:17 INFO Utils: /tmp/spark-4027b187-d942-49a9-96da-bbb070f3fe75/userFiles-02c2d7b4-5469-493b-be1f-39b2b546096c/fetchFileTemp10980447301168333073.tmp has been previously copied to /tmp/spark-4027b187-d942-49a9-96da-bbb070f3fe75/userFiles-02c2d7b4-5469-493b-be1f-39b2b546096c/org.apache.hadoop_hadoop-client-api-3.3.4.jar
26/02/11 17:38:17 INFO Executor: Adding file:/tmp/spark-4027b187-d942-49a9-96da-bbb070f3fe75/userFiles-02c2d7b4-5469-493b-be1f-39b2b546096c/org.apache.hadoop_hadoop-client-api-3.3.4.jar to class loader default
26/02/11 17:38:17 INFO Executor: Fetching spark://a0cf84f032ea:46195/jars/org.apache.spark_spark-token-provider-kafka-0-10_2.12-3.5.0.jar with timestamp 1770831492574
26/02/11 17:38:17 INFO Utils: Fetching spark://a0cf84f032ea:46195/jars/org.apache.spark_spark-token-provider-kafka-0-10_2.12-3.5.0.jar to /tmp/spark-4027b187-d942-49a9-96da-bbb070f3fe75/userFiles-02c2d7b4-5469-493b-be1f-39b2b546096c/fetchFileTemp2490923162578913968.tmp
26/02/11 17:38:17 INFO Utils: /tmp/spark-4027b187-d942-49a9-96da-bbb070f3fe75/userFiles-02c2d7b4-5469-493b-be1f-39b2b546096c/fetchFileTemp2490923162578913968.tmp has been previously copied to /tmp/spark-4027b187-d942-49a9-96da-bbb070f3fe75/userFiles-02c2d7b4-5469-493b-be1f-39b2b546096c/org.apache.spark_spark-token-provider-kafka-0-10_2.12-3.5.0.jar
26/02/11 17:38:17 INFO Executor: Adding file:/tmp/spark-4027b187-d942-49a9-96da-bbb070f3fe75/userFiles-02c2d7b4-5469-493b-be1f-39b2b546096c/org.apache.spark_spark-token-provider-kafka-0-10_2.12-3.5.0.jar to class loader default
26/02/11 17:38:17 INFO Utils: Successfully started service 'org.apache.spark.network.netty.NettyBlockTransferService' on port 35407.
26/02/11 17:38:17 INFO NettyBlockTransferService: Server created on a0cf84f032ea:35407
26/02/11 17:38:17 INFO BlockManager: Using org.apache.spark.storage.RandomBlockReplicationPolicy for block replication policy
26/02/11 17:38:17 INFO BlockManagerMaster: Registering BlockManager BlockManagerId(driver, a0cf84f032ea, 35407, None)
26/02/11 17:38:17 INFO BlockManagerMasterEndpoint: Registering block manager a0cf84f032ea:35407 with 434.4 MiB RAM, BlockManagerId(driver, a0cf84f032ea, 35407, None)
26/02/11 17:38:17 INFO BlockManagerMaster: Registered BlockManager BlockManagerId(driver, a0cf84f032ea, 35407, None)
26/02/11 17:38:17 INFO BlockManager: Initialized BlockManager: BlockManagerId(driver, a0cf84f032ea, 35407, None)
INFO:__main__:Spark Session Created
26/02/11 17:38:18 INFO SharedState: Setting hive.metastore.warehouse.dir ('null') to the value of spark.sql.warehouse.dir.
26/02/11 17:38:18 INFO SharedState: Warehouse path is 'file:/opt/spark/work-dir/spark-warehouse'.
26/02/11 17:38:21 WARN MetricsConfig: Cannot locate configuration: tried hadoop-metrics2-s3a-file-system.properties,hadoop-metrics2.properties
26/02/11 17:38:21 INFO MetricsSystemImpl: Scheduled Metric snapshot period at 10 second(s).
26/02/11 17:38:21 INFO MetricsSystemImpl: s3a-file-system metrics system started
26/02/11 17:38:22 INFO CatalogUtil: Loading custom FileIO implementation: org.apache.iceberg.hadoop.HadoopFileIO
Traceback (most recent call last):
  File "/opt/spark/work-dir/src/processing/streaming/stream_to_bronze.py", line 61, in <module>
    main()
  File "/opt/spark/work-dir/src/processing/streaming/stream_to_bronze.py", line 47, in main
    spark.sql("CREATE DATABASE IF NOT EXISTS cryptolake.bronze")
  File "/opt/spark/python/lib/pyspark.zip/pyspark/sql/session.py", line 1631, in sql
  File "/opt/spark/python/lib/py4j-0.10.9.7-src.zip/py4j/java_gateway.py", line 1322, in __call__
  File "/opt/spark/python/lib/pyspark.zip/pyspark/errors/exceptions/captured.py", line 185, in deco
pyspark.errors.exceptions.captured.IllegalArgumentException: java.net.URISyntaxException: Relative path in absolute URI: s3a://cryptolake-bronzebronze
26/02/11 17:38:23 INFO SparkContext: Invoking stop() from shutdown hook
26/02/11 17:38:23 INFO SparkContext: SparkContext is stopping with exitCode 0.
26/02/11 17:38:23 INFO SparkUI: Stopped Spark web UI at http://a0cf84f032ea:4040
26/02/11 17:38:23 INFO MapOutputTrackerMasterEndpoint: MapOutputTrackerMasterEndpoint stopped!
26/02/11 17:38:23 INFO MemoryStore: MemoryStore cleared
26/02/11 17:38:23 INFO BlockManager: BlockManager stopped
26/02/11 17:38:23 INFO BlockManagerMaster: BlockManagerMaster stopped
26/02/11 17:38:23 INFO OutputCommitCoordinator$OutputCommitCoordinatorEndpoint: OutputCommitCoordinator stopped!
26/02/11 17:38:23 INFO SparkContext: Successfully stopped SparkContext
26/02/11 17:38:23 INFO ShutdownHookManager: Shutdown hook called
26/02/11 17:38:23 INFO ShutdownHookManager: Deleting directory /tmp/spark-4027b187-d942-49a9-96da-bbb070f3fe75/pyspark-da093dd9-ff4c-4659-aa28-81d94f9c380d
26/02/11 17:38:23 INFO ShutdownHookManager: Deleting directory /tmp/spark-5e6951e2-a548-439c-9c45-9e44d989077f
26/02/11 17:38:23 INFO ShutdownHookManager: Deleting directory /tmp/spark-4027b187-d942-49a9-96da-bbb070f3fe75
26/02/11 17:38:23 INFO MetricsSystemImpl: Stopping s3a-file-system metrics system...
26/02/11 17:38:23 INFO MetricsSystemImpl: s3a-file-system metrics system stopped.
26/02/11 17:38:23 INFO MetricsSystemImpl: s3a-file-system metrics system shutdown complete.
