:: loading settings :: url = jar:file:/opt/spark/jars/ivy-2.5.1.jar!/org/apache/ivy/core/settings/ivysettings.xml
Ivy Default Cache set to: /root/.ivy2/cache
The jars for the packages stored in: /root/.ivy2/jars
org.apache.iceberg#iceberg-spark-runtime-3.5_2.12 added as a dependency
org.apache.hadoop#hadoop-aws added as a dependency
org.apache.spark#spark-sql-kafka-0-10_2.12 added as a dependency
:: resolving dependencies :: org.apache.spark#spark-submit-parent-d6cec43e-5e11-42d2-87d8-f826b6d721ce;1.0
	confs: [default]
	found org.apache.iceberg#iceberg-spark-runtime-3.5_2.12;1.4.2 in central
	found org.apache.hadoop#hadoop-aws;3.3.4 in central
	found com.amazonaws#aws-java-sdk-bundle;1.12.262 in central
	found org.wildfly.openssl#wildfly-openssl;1.0.7.Final in central
	found org.apache.spark#spark-sql-kafka-0-10_2.12;3.5.0 in central
	found org.apache.spark#spark-token-provider-kafka-0-10_2.12;3.5.0 in central
	found org.apache.kafka#kafka-clients;3.4.1 in central
	found org.lz4#lz4-java;1.8.0 in central
	found org.xerial.snappy#snappy-java;1.1.10.3 in central
	found org.slf4j#slf4j-api;2.0.7 in central
	found org.apache.hadoop#hadoop-client-runtime;3.3.4 in central
	found org.apache.hadoop#hadoop-client-api;3.3.4 in central
	found commons-logging#commons-logging;1.1.3 in central
	found com.google.code.findbugs#jsr305;3.0.0 in central
	found org.apache.commons#commons-pool2;2.11.1 in central
:: resolution report :: resolve 742ms :: artifacts dl 38ms
	:: modules in use:
	com.amazonaws#aws-java-sdk-bundle;1.12.262 from central in [default]
	com.google.code.findbugs#jsr305;3.0.0 from central in [default]
	commons-logging#commons-logging;1.1.3 from central in [default]
	org.apache.commons#commons-pool2;2.11.1 from central in [default]
	org.apache.hadoop#hadoop-aws;3.3.4 from central in [default]
	org.apache.hadoop#hadoop-client-api;3.3.4 from central in [default]
	org.apache.hadoop#hadoop-client-runtime;3.3.4 from central in [default]
	org.apache.iceberg#iceberg-spark-runtime-3.5_2.12;1.4.2 from central in [default]
	org.apache.kafka#kafka-clients;3.4.1 from central in [default]
	org.apache.spark#spark-sql-kafka-0-10_2.12;3.5.0 from central in [default]
	org.apache.spark#spark-token-provider-kafka-0-10_2.12;3.5.0 from central in [default]
	org.lz4#lz4-java;1.8.0 from central in [default]
	org.slf4j#slf4j-api;2.0.7 from central in [default]
	org.wildfly.openssl#wildfly-openssl;1.0.7.Final from central in [default]
	org.xerial.snappy#snappy-java;1.1.10.3 from central in [default]
	---------------------------------------------------------------------
	|                  |            modules            ||   artifacts   |
	|       conf       | number| search|dwnlded|evicted|| number|dwnlded|
	---------------------------------------------------------------------
	|      default     |   15  |   0   |   0   |   0   ||   15  |   0   |
	---------------------------------------------------------------------
:: retrieving :: org.apache.spark#spark-submit-parent-d6cec43e-5e11-42d2-87d8-f826b6d721ce
	confs: [default]
	0 artifacts copied, 15 already retrieved (0kB/19ms)
26/02/11 17:17:50 WARN NativeCodeLoader: Unable to load native-hadoop library for your platform... using builtin-java classes where applicable
26/02/11 17:17:56 INFO SparkContext: Running Spark version 3.5.0
26/02/11 17:17:56 INFO SparkContext: OS info Linux, 6.6.87.2-microsoft-standard-WSL2, amd64
26/02/11 17:17:56 INFO SparkContext: Java version 11.0.20.1
26/02/11 17:17:56 INFO ResourceUtils: ==============================================================
26/02/11 17:17:56 INFO ResourceUtils: No custom resources configured for spark.driver.
26/02/11 17:17:56 INFO ResourceUtils: ==============================================================
26/02/11 17:17:56 INFO SparkContext: Submitted application: CryptoLake-StreamToBronze
26/02/11 17:17:56 INFO ResourceProfile: Default ResourceProfile created, executor resources: Map(cores -> name: cores, amount: 1, script: , vendor: , memory -> name: memory, amount: 1024, script: , vendor: , offHeap -> name: offHeap, amount: 0, script: , vendor: ), task resources: Map(cpus -> name: cpus, amount: 1.0)
26/02/11 17:17:56 INFO ResourceProfile: Limiting resource is cpu
26/02/11 17:17:56 INFO ResourceProfileManager: Added ResourceProfile id: 0
26/02/11 17:17:56 INFO SecurityManager: Changing view acls to: root
26/02/11 17:17:56 INFO SecurityManager: Changing modify acls to: root
26/02/11 17:17:56 INFO SecurityManager: Changing view acls groups to: 
26/02/11 17:17:56 INFO SecurityManager: Changing modify acls groups to: 
26/02/11 17:17:56 INFO SecurityManager: SecurityManager: authentication disabled; ui acls disabled; users with view permissions: root; groups with view permissions: EMPTY; users with modify permissions: root; groups with modify permissions: EMPTY
26/02/11 17:17:56 INFO Utils: Successfully started service 'sparkDriver' on port 39429.
26/02/11 17:17:56 INFO SparkEnv: Registering MapOutputTracker
26/02/11 17:17:56 INFO SparkEnv: Registering BlockManagerMaster
26/02/11 17:17:56 INFO BlockManagerMasterEndpoint: Using org.apache.spark.storage.DefaultTopologyMapper for getting topology information
26/02/11 17:17:56 INFO BlockManagerMasterEndpoint: BlockManagerMasterEndpoint up
26/02/11 17:17:56 INFO SparkEnv: Registering BlockManagerMasterHeartbeat
26/02/11 17:17:56 INFO DiskBlockManager: Created local directory at /tmp/blockmgr-dec68232-281c-4dbd-8860-e9d15f7c4162
26/02/11 17:17:56 INFO MemoryStore: MemoryStore started with capacity 434.4 MiB
26/02/11 17:17:57 INFO SparkEnv: Registering OutputCommitCoordinator
26/02/11 17:17:57 INFO JettyUtils: Start Jetty 0.0.0.0:4040 for SparkUI
26/02/11 17:17:57 INFO Utils: Successfully started service 'SparkUI' on port 4040.
26/02/11 17:17:57 INFO SparkContext: Added JAR file:///root/.ivy2/jars/org.apache.iceberg_iceberg-spark-runtime-3.5_2.12-1.4.2.jar at spark://a0cf84f032ea:39429/jars/org.apache.iceberg_iceberg-spark-runtime-3.5_2.12-1.4.2.jar with timestamp 1770830276230
26/02/11 17:17:57 INFO SparkContext: Added JAR file:///root/.ivy2/jars/org.apache.hadoop_hadoop-aws-3.3.4.jar at spark://a0cf84f032ea:39429/jars/org.apache.hadoop_hadoop-aws-3.3.4.jar with timestamp 1770830276230
26/02/11 17:17:57 INFO SparkContext: Added JAR file:///root/.ivy2/jars/org.apache.spark_spark-sql-kafka-0-10_2.12-3.5.0.jar at spark://a0cf84f032ea:39429/jars/org.apache.spark_spark-sql-kafka-0-10_2.12-3.5.0.jar with timestamp 1770830276230
26/02/11 17:17:57 INFO SparkContext: Added JAR file:///root/.ivy2/jars/com.amazonaws_aws-java-sdk-bundle-1.12.262.jar at spark://a0cf84f032ea:39429/jars/com.amazonaws_aws-java-sdk-bundle-1.12.262.jar with timestamp 1770830276230
26/02/11 17:17:57 INFO SparkContext: Added JAR file:///root/.ivy2/jars/org.wildfly.openssl_wildfly-openssl-1.0.7.Final.jar at spark://a0cf84f032ea:39429/jars/org.wildfly.openssl_wildfly-openssl-1.0.7.Final.jar with timestamp 1770830276230
26/02/11 17:17:57 INFO SparkContext: Added JAR file:///root/.ivy2/jars/org.apache.spark_spark-token-provider-kafka-0-10_2.12-3.5.0.jar at spark://a0cf84f032ea:39429/jars/org.apache.spark_spark-token-provider-kafka-0-10_2.12-3.5.0.jar with timestamp 1770830276230
26/02/11 17:17:57 INFO SparkContext: Added JAR file:///root/.ivy2/jars/org.apache.kafka_kafka-clients-3.4.1.jar at spark://a0cf84f032ea:39429/jars/org.apache.kafka_kafka-clients-3.4.1.jar with timestamp 1770830276230
26/02/11 17:17:57 INFO SparkContext: Added JAR file:///root/.ivy2/jars/com.google.code.findbugs_jsr305-3.0.0.jar at spark://a0cf84f032ea:39429/jars/com.google.code.findbugs_jsr305-3.0.0.jar with timestamp 1770830276230
26/02/11 17:17:57 INFO SparkContext: Added JAR file:///root/.ivy2/jars/org.apache.commons_commons-pool2-2.11.1.jar at spark://a0cf84f032ea:39429/jars/org.apache.commons_commons-pool2-2.11.1.jar with timestamp 1770830276230
26/02/11 17:17:57 INFO SparkContext: Added JAR file:///root/.ivy2/jars/org.apache.hadoop_hadoop-client-runtime-3.3.4.jar at spark://a0cf84f032ea:39429/jars/org.apache.hadoop_hadoop-client-runtime-3.3.4.jar with timestamp 1770830276230
26/02/11 17:17:57 INFO SparkContext: Added JAR file:///root/.ivy2/jars/org.lz4_lz4-java-1.8.0.jar at spark://a0cf84f032ea:39429/jars/org.lz4_lz4-java-1.8.0.jar with timestamp 1770830276230
26/02/11 17:17:57 INFO SparkContext: Added JAR file:///root/.ivy2/jars/org.xerial.snappy_snappy-java-1.1.10.3.jar at spark://a0cf84f032ea:39429/jars/org.xerial.snappy_snappy-java-1.1.10.3.jar with timestamp 1770830276230
26/02/11 17:17:57 INFO SparkContext: Added JAR file:///root/.ivy2/jars/org.slf4j_slf4j-api-2.0.7.jar at spark://a0cf84f032ea:39429/jars/org.slf4j_slf4j-api-2.0.7.jar with timestamp 1770830276230
26/02/11 17:17:57 INFO SparkContext: Added JAR file:///root/.ivy2/jars/org.apache.hadoop_hadoop-client-api-3.3.4.jar at spark://a0cf84f032ea:39429/jars/org.apache.hadoop_hadoop-client-api-3.3.4.jar with timestamp 1770830276230
26/02/11 17:17:57 INFO SparkContext: Added JAR file:///root/.ivy2/jars/commons-logging_commons-logging-1.1.3.jar at spark://a0cf84f032ea:39429/jars/commons-logging_commons-logging-1.1.3.jar with timestamp 1770830276230
26/02/11 17:17:57 INFO SparkContext: Added file file:///root/.ivy2/jars/org.apache.iceberg_iceberg-spark-runtime-3.5_2.12-1.4.2.jar at file:///root/.ivy2/jars/org.apache.iceberg_iceberg-spark-runtime-3.5_2.12-1.4.2.jar with timestamp 1770830276230
26/02/11 17:17:57 INFO Utils: Copying /root/.ivy2/jars/org.apache.iceberg_iceberg-spark-runtime-3.5_2.12-1.4.2.jar to /tmp/spark-35beab93-11b7-43c9-adcf-a99ad09825cb/userFiles-a2135cab-4874-4b30-bd66-f17156a99746/org.apache.iceberg_iceberg-spark-runtime-3.5_2.12-1.4.2.jar
26/02/11 17:17:57 INFO SparkContext: Added file file:///root/.ivy2/jars/org.apache.hadoop_hadoop-aws-3.3.4.jar at file:///root/.ivy2/jars/org.apache.hadoop_hadoop-aws-3.3.4.jar with timestamp 1770830276230
26/02/11 17:17:57 INFO Utils: Copying /root/.ivy2/jars/org.apache.hadoop_hadoop-aws-3.3.4.jar to /tmp/spark-35beab93-11b7-43c9-adcf-a99ad09825cb/userFiles-a2135cab-4874-4b30-bd66-f17156a99746/org.apache.hadoop_hadoop-aws-3.3.4.jar
26/02/11 17:17:57 INFO SparkContext: Added file file:///root/.ivy2/jars/org.apache.spark_spark-sql-kafka-0-10_2.12-3.5.0.jar at file:///root/.ivy2/jars/org.apache.spark_spark-sql-kafka-0-10_2.12-3.5.0.jar with timestamp 1770830276230
26/02/11 17:17:57 INFO Utils: Copying /root/.ivy2/jars/org.apache.spark_spark-sql-kafka-0-10_2.12-3.5.0.jar to /tmp/spark-35beab93-11b7-43c9-adcf-a99ad09825cb/userFiles-a2135cab-4874-4b30-bd66-f17156a99746/org.apache.spark_spark-sql-kafka-0-10_2.12-3.5.0.jar
26/02/11 17:17:57 INFO SparkContext: Added file file:///root/.ivy2/jars/com.amazonaws_aws-java-sdk-bundle-1.12.262.jar at file:///root/.ivy2/jars/com.amazonaws_aws-java-sdk-bundle-1.12.262.jar with timestamp 1770830276230
26/02/11 17:17:57 INFO Utils: Copying /root/.ivy2/jars/com.amazonaws_aws-java-sdk-bundle-1.12.262.jar to /tmp/spark-35beab93-11b7-43c9-adcf-a99ad09825cb/userFiles-a2135cab-4874-4b30-bd66-f17156a99746/com.amazonaws_aws-java-sdk-bundle-1.12.262.jar
26/02/11 17:17:57 INFO SparkContext: Added file file:///root/.ivy2/jars/org.wildfly.openssl_wildfly-openssl-1.0.7.Final.jar at file:///root/.ivy2/jars/org.wildfly.openssl_wildfly-openssl-1.0.7.Final.jar with timestamp 1770830276230
26/02/11 17:17:57 INFO Utils: Copying /root/.ivy2/jars/org.wildfly.openssl_wildfly-openssl-1.0.7.Final.jar to /tmp/spark-35beab93-11b7-43c9-adcf-a99ad09825cb/userFiles-a2135cab-4874-4b30-bd66-f17156a99746/org.wildfly.openssl_wildfly-openssl-1.0.7.Final.jar
26/02/11 17:17:57 INFO SparkContext: Added file file:///root/.ivy2/jars/org.apache.spark_spark-token-provider-kafka-0-10_2.12-3.5.0.jar at file:///root/.ivy2/jars/org.apache.spark_spark-token-provider-kafka-0-10_2.12-3.5.0.jar with timestamp 1770830276230
26/02/11 17:17:57 INFO Utils: Copying /root/.ivy2/jars/org.apache.spark_spark-token-provider-kafka-0-10_2.12-3.5.0.jar to /tmp/spark-35beab93-11b7-43c9-adcf-a99ad09825cb/userFiles-a2135cab-4874-4b30-bd66-f17156a99746/org.apache.spark_spark-token-provider-kafka-0-10_2.12-3.5.0.jar
26/02/11 17:17:57 INFO SparkContext: Added file file:///root/.ivy2/jars/org.apache.kafka_kafka-clients-3.4.1.jar at file:///root/.ivy2/jars/org.apache.kafka_kafka-clients-3.4.1.jar with timestamp 1770830276230
26/02/11 17:17:57 INFO Utils: Copying /root/.ivy2/jars/org.apache.kafka_kafka-clients-3.4.1.jar to /tmp/spark-35beab93-11b7-43c9-adcf-a99ad09825cb/userFiles-a2135cab-4874-4b30-bd66-f17156a99746/org.apache.kafka_kafka-clients-3.4.1.jar
26/02/11 17:17:57 INFO SparkContext: Added file file:///root/.ivy2/jars/com.google.code.findbugs_jsr305-3.0.0.jar at file:///root/.ivy2/jars/com.google.code.findbugs_jsr305-3.0.0.jar with timestamp 1770830276230
26/02/11 17:17:57 INFO Utils: Copying /root/.ivy2/jars/com.google.code.findbugs_jsr305-3.0.0.jar to /tmp/spark-35beab93-11b7-43c9-adcf-a99ad09825cb/userFiles-a2135cab-4874-4b30-bd66-f17156a99746/com.google.code.findbugs_jsr305-3.0.0.jar
26/02/11 17:17:58 INFO SparkContext: Added file file:///root/.ivy2/jars/org.apache.commons_commons-pool2-2.11.1.jar at file:///root/.ivy2/jars/org.apache.commons_commons-pool2-2.11.1.jar with timestamp 1770830276230
26/02/11 17:17:58 INFO Utils: Copying /root/.ivy2/jars/org.apache.commons_commons-pool2-2.11.1.jar to /tmp/spark-35beab93-11b7-43c9-adcf-a99ad09825cb/userFiles-a2135cab-4874-4b30-bd66-f17156a99746/org.apache.commons_commons-pool2-2.11.1.jar
26/02/11 17:17:58 INFO SparkContext: Added file file:///root/.ivy2/jars/org.apache.hadoop_hadoop-client-runtime-3.3.4.jar at file:///root/.ivy2/jars/org.apache.hadoop_hadoop-client-runtime-3.3.4.jar with timestamp 1770830276230
26/02/11 17:17:58 INFO Utils: Copying /root/.ivy2/jars/org.apache.hadoop_hadoop-client-runtime-3.3.4.jar to /tmp/spark-35beab93-11b7-43c9-adcf-a99ad09825cb/userFiles-a2135cab-4874-4b30-bd66-f17156a99746/org.apache.hadoop_hadoop-client-runtime-3.3.4.jar
26/02/11 17:17:58 INFO SparkContext: Added file file:///root/.ivy2/jars/org.lz4_lz4-java-1.8.0.jar at file:///root/.ivy2/jars/org.lz4_lz4-java-1.8.0.jar with timestamp 1770830276230
26/02/11 17:17:58 INFO Utils: Copying /root/.ivy2/jars/org.lz4_lz4-java-1.8.0.jar to /tmp/spark-35beab93-11b7-43c9-adcf-a99ad09825cb/userFiles-a2135cab-4874-4b30-bd66-f17156a99746/org.lz4_lz4-java-1.8.0.jar
26/02/11 17:17:58 INFO SparkContext: Added file file:///root/.ivy2/jars/org.xerial.snappy_snappy-java-1.1.10.3.jar at file:///root/.ivy2/jars/org.xerial.snappy_snappy-java-1.1.10.3.jar with timestamp 1770830276230
26/02/11 17:17:58 INFO Utils: Copying /root/.ivy2/jars/org.xerial.snappy_snappy-java-1.1.10.3.jar to /tmp/spark-35beab93-11b7-43c9-adcf-a99ad09825cb/userFiles-a2135cab-4874-4b30-bd66-f17156a99746/org.xerial.snappy_snappy-java-1.1.10.3.jar
26/02/11 17:17:58 INFO SparkContext: Added file file:///root/.ivy2/jars/org.slf4j_slf4j-api-2.0.7.jar at file:///root/.ivy2/jars/org.slf4j_slf4j-api-2.0.7.jar with timestamp 1770830276230
26/02/11 17:17:58 INFO Utils: Copying /root/.ivy2/jars/org.slf4j_slf4j-api-2.0.7.jar to /tmp/spark-35beab93-11b7-43c9-adcf-a99ad09825cb/userFiles-a2135cab-4874-4b30-bd66-f17156a99746/org.slf4j_slf4j-api-2.0.7.jar
26/02/11 17:17:58 INFO SparkContext: Added file file:///root/.ivy2/jars/org.apache.hadoop_hadoop-client-api-3.3.4.jar at file:///root/.ivy2/jars/org.apache.hadoop_hadoop-client-api-3.3.4.jar with timestamp 1770830276230
26/02/11 17:17:58 INFO Utils: Copying /root/.ivy2/jars/org.apache.hadoop_hadoop-client-api-3.3.4.jar to /tmp/spark-35beab93-11b7-43c9-adcf-a99ad09825cb/userFiles-a2135cab-4874-4b30-bd66-f17156a99746/org.apache.hadoop_hadoop-client-api-3.3.4.jar
26/02/11 17:17:58 INFO SparkContext: Added file file:///root/.ivy2/jars/commons-logging_commons-logging-1.1.3.jar at file:///root/.ivy2/jars/commons-logging_commons-logging-1.1.3.jar with timestamp 1770830276230
26/02/11 17:17:58 INFO Utils: Copying /root/.ivy2/jars/commons-logging_commons-logging-1.1.3.jar to /tmp/spark-35beab93-11b7-43c9-adcf-a99ad09825cb/userFiles-a2135cab-4874-4b30-bd66-f17156a99746/commons-logging_commons-logging-1.1.3.jar
26/02/11 17:17:58 INFO Executor: Starting executor ID driver on host a0cf84f032ea
26/02/11 17:17:58 INFO Executor: OS info Linux, 6.6.87.2-microsoft-standard-WSL2, amd64
26/02/11 17:17:58 INFO Executor: Java version 11.0.20.1
26/02/11 17:17:58 INFO Executor: Starting executor with user classpath (userClassPathFirst = false): ''
26/02/11 17:17:58 INFO Executor: Created or updated repl class loader org.apache.spark.util.MutableURLClassLoader@1b574e91 for default.
26/02/11 17:17:58 INFO Executor: Fetching file:///root/.ivy2/jars/org.apache.spark_spark-sql-kafka-0-10_2.12-3.5.0.jar with timestamp 1770830276230
26/02/11 17:17:58 INFO Utils: /root/.ivy2/jars/org.apache.spark_spark-sql-kafka-0-10_2.12-3.5.0.jar has been previously copied to /tmp/spark-35beab93-11b7-43c9-adcf-a99ad09825cb/userFiles-a2135cab-4874-4b30-bd66-f17156a99746/org.apache.spark_spark-sql-kafka-0-10_2.12-3.5.0.jar
26/02/11 17:17:58 INFO Executor: Fetching file:///root/.ivy2/jars/org.apache.hadoop_hadoop-client-api-3.3.4.jar with timestamp 1770830276230
26/02/11 17:17:58 INFO Utils: /root/.ivy2/jars/org.apache.hadoop_hadoop-client-api-3.3.4.jar has been previously copied to /tmp/spark-35beab93-11b7-43c9-adcf-a99ad09825cb/userFiles-a2135cab-4874-4b30-bd66-f17156a99746/org.apache.hadoop_hadoop-client-api-3.3.4.jar
26/02/11 17:17:58 INFO Executor: Fetching file:///root/.ivy2/jars/com.google.code.findbugs_jsr305-3.0.0.jar with timestamp 1770830276230
26/02/11 17:17:58 INFO Utils: /root/.ivy2/jars/com.google.code.findbugs_jsr305-3.0.0.jar has been previously copied to /tmp/spark-35beab93-11b7-43c9-adcf-a99ad09825cb/userFiles-a2135cab-4874-4b30-bd66-f17156a99746/com.google.code.findbugs_jsr305-3.0.0.jar
26/02/11 17:17:58 INFO Executor: Fetching file:///root/.ivy2/jars/org.apache.hadoop_hadoop-client-runtime-3.3.4.jar with timestamp 1770830276230
26/02/11 17:17:58 INFO Utils: /root/.ivy2/jars/org.apache.hadoop_hadoop-client-runtime-3.3.4.jar has been previously copied to /tmp/spark-35beab93-11b7-43c9-adcf-a99ad09825cb/userFiles-a2135cab-4874-4b30-bd66-f17156a99746/org.apache.hadoop_hadoop-client-runtime-3.3.4.jar
26/02/11 17:17:58 INFO Executor: Fetching file:///root/.ivy2/jars/org.xerial.snappy_snappy-java-1.1.10.3.jar with timestamp 1770830276230
26/02/11 17:17:58 INFO Utils: /root/.ivy2/jars/org.xerial.snappy_snappy-java-1.1.10.3.jar has been previously copied to /tmp/spark-35beab93-11b7-43c9-adcf-a99ad09825cb/userFiles-a2135cab-4874-4b30-bd66-f17156a99746/org.xerial.snappy_snappy-java-1.1.10.3.jar
26/02/11 17:17:58 INFO Executor: Fetching file:///root/.ivy2/jars/org.apache.hadoop_hadoop-aws-3.3.4.jar with timestamp 1770830276230
26/02/11 17:17:58 INFO Utils: /root/.ivy2/jars/org.apache.hadoop_hadoop-aws-3.3.4.jar has been previously copied to /tmp/spark-35beab93-11b7-43c9-adcf-a99ad09825cb/userFiles-a2135cab-4874-4b30-bd66-f17156a99746/org.apache.hadoop_hadoop-aws-3.3.4.jar
26/02/11 17:17:58 INFO Executor: Fetching file:///root/.ivy2/jars/org.apache.spark_spark-token-provider-kafka-0-10_2.12-3.5.0.jar with timestamp 1770830276230
26/02/11 17:17:58 INFO Utils: /root/.ivy2/jars/org.apache.spark_spark-token-provider-kafka-0-10_2.12-3.5.0.jar has been previously copied to /tmp/spark-35beab93-11b7-43c9-adcf-a99ad09825cb/userFiles-a2135cab-4874-4b30-bd66-f17156a99746/org.apache.spark_spark-token-provider-kafka-0-10_2.12-3.5.0.jar
26/02/11 17:17:58 INFO Executor: Fetching file:///root/.ivy2/jars/org.slf4j_slf4j-api-2.0.7.jar with timestamp 1770830276230
26/02/11 17:17:58 INFO Utils: /root/.ivy2/jars/org.slf4j_slf4j-api-2.0.7.jar has been previously copied to /tmp/spark-35beab93-11b7-43c9-adcf-a99ad09825cb/userFiles-a2135cab-4874-4b30-bd66-f17156a99746/org.slf4j_slf4j-api-2.0.7.jar
26/02/11 17:17:58 INFO Executor: Fetching file:///root/.ivy2/jars/com.amazonaws_aws-java-sdk-bundle-1.12.262.jar with timestamp 1770830276230
26/02/11 17:17:58 INFO Utils: /root/.ivy2/jars/com.amazonaws_aws-java-sdk-bundle-1.12.262.jar has been previously copied to /tmp/spark-35beab93-11b7-43c9-adcf-a99ad09825cb/userFiles-a2135cab-4874-4b30-bd66-f17156a99746/com.amazonaws_aws-java-sdk-bundle-1.12.262.jar
26/02/11 17:17:58 INFO Executor: Fetching file:///root/.ivy2/jars/org.apache.iceberg_iceberg-spark-runtime-3.5_2.12-1.4.2.jar with timestamp 1770830276230
26/02/11 17:17:58 INFO Utils: /root/.ivy2/jars/org.apache.iceberg_iceberg-spark-runtime-3.5_2.12-1.4.2.jar has been previously copied to /tmp/spark-35beab93-11b7-43c9-adcf-a99ad09825cb/userFiles-a2135cab-4874-4b30-bd66-f17156a99746/org.apache.iceberg_iceberg-spark-runtime-3.5_2.12-1.4.2.jar
26/02/11 17:17:58 INFO Executor: Fetching file:///root/.ivy2/jars/org.apache.commons_commons-pool2-2.11.1.jar with timestamp 1770830276230
26/02/11 17:17:58 INFO Utils: /root/.ivy2/jars/org.apache.commons_commons-pool2-2.11.1.jar has been previously copied to /tmp/spark-35beab93-11b7-43c9-adcf-a99ad09825cb/userFiles-a2135cab-4874-4b30-bd66-f17156a99746/org.apache.commons_commons-pool2-2.11.1.jar
26/02/11 17:17:58 INFO Executor: Fetching file:///root/.ivy2/jars/commons-logging_commons-logging-1.1.3.jar with timestamp 1770830276230
26/02/11 17:17:58 INFO Utils: /root/.ivy2/jars/commons-logging_commons-logging-1.1.3.jar has been previously copied to /tmp/spark-35beab93-11b7-43c9-adcf-a99ad09825cb/userFiles-a2135cab-4874-4b30-bd66-f17156a99746/commons-logging_commons-logging-1.1.3.jar
26/02/11 17:17:58 INFO Executor: Fetching file:///root/.ivy2/jars/org.lz4_lz4-java-1.8.0.jar with timestamp 1770830276230
26/02/11 17:17:58 INFO Utils: /root/.ivy2/jars/org.lz4_lz4-java-1.8.0.jar has been previously copied to /tmp/spark-35beab93-11b7-43c9-adcf-a99ad09825cb/userFiles-a2135cab-4874-4b30-bd66-f17156a99746/org.lz4_lz4-java-1.8.0.jar
26/02/11 17:17:58 INFO Executor: Fetching file:///root/.ivy2/jars/org.apache.kafka_kafka-clients-3.4.1.jar with timestamp 1770830276230
26/02/11 17:17:58 INFO Utils: /root/.ivy2/jars/org.apache.kafka_kafka-clients-3.4.1.jar has been previously copied to /tmp/spark-35beab93-11b7-43c9-adcf-a99ad09825cb/userFiles-a2135cab-4874-4b30-bd66-f17156a99746/org.apache.kafka_kafka-clients-3.4.1.jar
26/02/11 17:17:58 INFO Executor: Fetching file:///root/.ivy2/jars/org.wildfly.openssl_wildfly-openssl-1.0.7.Final.jar with timestamp 1770830276230
26/02/11 17:17:58 INFO Utils: /root/.ivy2/jars/org.wildfly.openssl_wildfly-openssl-1.0.7.Final.jar has been previously copied to /tmp/spark-35beab93-11b7-43c9-adcf-a99ad09825cb/userFiles-a2135cab-4874-4b30-bd66-f17156a99746/org.wildfly.openssl_wildfly-openssl-1.0.7.Final.jar
26/02/11 17:17:58 INFO Executor: Fetching spark://a0cf84f032ea:39429/jars/org.lz4_lz4-java-1.8.0.jar with timestamp 1770830276230
26/02/11 17:17:58 INFO TransportClientFactory: Successfully created connection to a0cf84f032ea/172.22.0.3:39429 after 38 ms (0 ms spent in bootstraps)
26/02/11 17:17:58 INFO Utils: Fetching spark://a0cf84f032ea:39429/jars/org.lz4_lz4-java-1.8.0.jar to /tmp/spark-35beab93-11b7-43c9-adcf-a99ad09825cb/userFiles-a2135cab-4874-4b30-bd66-f17156a99746/fetchFileTemp12066473007831280524.tmp
26/02/11 17:17:58 INFO Utils: /tmp/spark-35beab93-11b7-43c9-adcf-a99ad09825cb/userFiles-a2135cab-4874-4b30-bd66-f17156a99746/fetchFileTemp12066473007831280524.tmp has been previously copied to /tmp/spark-35beab93-11b7-43c9-adcf-a99ad09825cb/userFiles-a2135cab-4874-4b30-bd66-f17156a99746/org.lz4_lz4-java-1.8.0.jar
26/02/11 17:17:58 INFO Executor: Adding file:/tmp/spark-35beab93-11b7-43c9-adcf-a99ad09825cb/userFiles-a2135cab-4874-4b30-bd66-f17156a99746/org.lz4_lz4-java-1.8.0.jar to class loader default
26/02/11 17:17:58 INFO Executor: Fetching spark://a0cf84f032ea:39429/jars/org.apache.hadoop_hadoop-client-api-3.3.4.jar with timestamp 1770830276230
26/02/11 17:17:58 INFO Utils: Fetching spark://a0cf84f032ea:39429/jars/org.apache.hadoop_hadoop-client-api-3.3.4.jar to /tmp/spark-35beab93-11b7-43c9-adcf-a99ad09825cb/userFiles-a2135cab-4874-4b30-bd66-f17156a99746/fetchFileTemp7907347924456840561.tmp
26/02/11 17:17:59 INFO Utils: /tmp/spark-35beab93-11b7-43c9-adcf-a99ad09825cb/userFiles-a2135cab-4874-4b30-bd66-f17156a99746/fetchFileTemp7907347924456840561.tmp has been previously copied to /tmp/spark-35beab93-11b7-43c9-adcf-a99ad09825cb/userFiles-a2135cab-4874-4b30-bd66-f17156a99746/org.apache.hadoop_hadoop-client-api-3.3.4.jar
26/02/11 17:17:59 INFO Executor: Adding file:/tmp/spark-35beab93-11b7-43c9-adcf-a99ad09825cb/userFiles-a2135cab-4874-4b30-bd66-f17156a99746/org.apache.hadoop_hadoop-client-api-3.3.4.jar to class loader default
26/02/11 17:17:59 INFO Executor: Fetching spark://a0cf84f032ea:39429/jars/org.xerial.snappy_snappy-java-1.1.10.3.jar with timestamp 1770830276230
26/02/11 17:17:59 INFO Utils: Fetching spark://a0cf84f032ea:39429/jars/org.xerial.snappy_snappy-java-1.1.10.3.jar to /tmp/spark-35beab93-11b7-43c9-adcf-a99ad09825cb/userFiles-a2135cab-4874-4b30-bd66-f17156a99746/fetchFileTemp8778559683875336625.tmp
26/02/11 17:17:59 INFO Utils: /tmp/spark-35beab93-11b7-43c9-adcf-a99ad09825cb/userFiles-a2135cab-4874-4b30-bd66-f17156a99746/fetchFileTemp8778559683875336625.tmp has been previously copied to /tmp/spark-35beab93-11b7-43c9-adcf-a99ad09825cb/userFiles-a2135cab-4874-4b30-bd66-f17156a99746/org.xerial.snappy_snappy-java-1.1.10.3.jar
26/02/11 17:17:59 INFO Executor: Adding file:/tmp/spark-35beab93-11b7-43c9-adcf-a99ad09825cb/userFiles-a2135cab-4874-4b30-bd66-f17156a99746/org.xerial.snappy_snappy-java-1.1.10.3.jar to class loader default
26/02/11 17:17:59 INFO Executor: Fetching spark://a0cf84f032ea:39429/jars/org.apache.commons_commons-pool2-2.11.1.jar with timestamp 1770830276230
26/02/11 17:17:59 INFO Utils: Fetching spark://a0cf84f032ea:39429/jars/org.apache.commons_commons-pool2-2.11.1.jar to /tmp/spark-35beab93-11b7-43c9-adcf-a99ad09825cb/userFiles-a2135cab-4874-4b30-bd66-f17156a99746/fetchFileTemp14084727174775249248.tmp
26/02/11 17:17:59 INFO Utils: /tmp/spark-35beab93-11b7-43c9-adcf-a99ad09825cb/userFiles-a2135cab-4874-4b30-bd66-f17156a99746/fetchFileTemp14084727174775249248.tmp has been previously copied to /tmp/spark-35beab93-11b7-43c9-adcf-a99ad09825cb/userFiles-a2135cab-4874-4b30-bd66-f17156a99746/org.apache.commons_commons-pool2-2.11.1.jar
26/02/11 17:17:59 INFO Executor: Adding file:/tmp/spark-35beab93-11b7-43c9-adcf-a99ad09825cb/userFiles-a2135cab-4874-4b30-bd66-f17156a99746/org.apache.commons_commons-pool2-2.11.1.jar to class loader default
26/02/11 17:17:59 INFO Executor: Fetching spark://a0cf84f032ea:39429/jars/com.amazonaws_aws-java-sdk-bundle-1.12.262.jar with timestamp 1770830276230
26/02/11 17:17:59 INFO Utils: Fetching spark://a0cf84f032ea:39429/jars/com.amazonaws_aws-java-sdk-bundle-1.12.262.jar to /tmp/spark-35beab93-11b7-43c9-adcf-a99ad09825cb/userFiles-a2135cab-4874-4b30-bd66-f17156a99746/fetchFileTemp13358629538289022370.tmp
26/02/11 17:18:01 INFO Utils: /tmp/spark-35beab93-11b7-43c9-adcf-a99ad09825cb/userFiles-a2135cab-4874-4b30-bd66-f17156a99746/fetchFileTemp13358629538289022370.tmp has been previously copied to /tmp/spark-35beab93-11b7-43c9-adcf-a99ad09825cb/userFiles-a2135cab-4874-4b30-bd66-f17156a99746/com.amazonaws_aws-java-sdk-bundle-1.12.262.jar
26/02/11 17:18:03 INFO Executor: Adding file:/tmp/spark-35beab93-11b7-43c9-adcf-a99ad09825cb/userFiles-a2135cab-4874-4b30-bd66-f17156a99746/com.amazonaws_aws-java-sdk-bundle-1.12.262.jar to class loader default
26/02/11 17:18:03 INFO Executor: Fetching spark://a0cf84f032ea:39429/jars/org.apache.hadoop_hadoop-aws-3.3.4.jar with timestamp 1770830276230
26/02/11 17:18:03 INFO Utils: Fetching spark://a0cf84f032ea:39429/jars/org.apache.hadoop_hadoop-aws-3.3.4.jar to /tmp/spark-35beab93-11b7-43c9-adcf-a99ad09825cb/userFiles-a2135cab-4874-4b30-bd66-f17156a99746/fetchFileTemp10090497303393849213.tmp
26/02/11 17:18:03 INFO Utils: /tmp/spark-35beab93-11b7-43c9-adcf-a99ad09825cb/userFiles-a2135cab-4874-4b30-bd66-f17156a99746/fetchFileTemp10090497303393849213.tmp has been previously copied to /tmp/spark-35beab93-11b7-43c9-adcf-a99ad09825cb/userFiles-a2135cab-4874-4b30-bd66-f17156a99746/org.apache.hadoop_hadoop-aws-3.3.4.jar
26/02/11 17:18:03 INFO Executor: Adding file:/tmp/spark-35beab93-11b7-43c9-adcf-a99ad09825cb/userFiles-a2135cab-4874-4b30-bd66-f17156a99746/org.apache.hadoop_hadoop-aws-3.3.4.jar to class loader default
26/02/11 17:18:03 INFO Executor: Fetching spark://a0cf84f032ea:39429/jars/org.apache.spark_spark-token-provider-kafka-0-10_2.12-3.5.0.jar with timestamp 1770830276230
26/02/11 17:18:03 INFO Utils: Fetching spark://a0cf84f032ea:39429/jars/org.apache.spark_spark-token-provider-kafka-0-10_2.12-3.5.0.jar to /tmp/spark-35beab93-11b7-43c9-adcf-a99ad09825cb/userFiles-a2135cab-4874-4b30-bd66-f17156a99746/fetchFileTemp14590578032621949111.tmp
26/02/11 17:18:03 INFO Utils: /tmp/spark-35beab93-11b7-43c9-adcf-a99ad09825cb/userFiles-a2135cab-4874-4b30-bd66-f17156a99746/fetchFileTemp14590578032621949111.tmp has been previously copied to /tmp/spark-35beab93-11b7-43c9-adcf-a99ad09825cb/userFiles-a2135cab-4874-4b30-bd66-f17156a99746/org.apache.spark_spark-token-provider-kafka-0-10_2.12-3.5.0.jar
26/02/11 17:18:03 INFO Executor: Adding file:/tmp/spark-35beab93-11b7-43c9-adcf-a99ad09825cb/userFiles-a2135cab-4874-4b30-bd66-f17156a99746/org.apache.spark_spark-token-provider-kafka-0-10_2.12-3.5.0.jar to class loader default
26/02/11 17:18:03 INFO Executor: Fetching spark://a0cf84f032ea:39429/jars/org.apache.kafka_kafka-clients-3.4.1.jar with timestamp 1770830276230
26/02/11 17:18:03 INFO Utils: Fetching spark://a0cf84f032ea:39429/jars/org.apache.kafka_kafka-clients-3.4.1.jar to /tmp/spark-35beab93-11b7-43c9-adcf-a99ad09825cb/userFiles-a2135cab-4874-4b30-bd66-f17156a99746/fetchFileTemp6618279093125225671.tmp
26/02/11 17:18:03 INFO Utils: /tmp/spark-35beab93-11b7-43c9-adcf-a99ad09825cb/userFiles-a2135cab-4874-4b30-bd66-f17156a99746/fetchFileTemp6618279093125225671.tmp has been previously copied to /tmp/spark-35beab93-11b7-43c9-adcf-a99ad09825cb/userFiles-a2135cab-4874-4b30-bd66-f17156a99746/org.apache.kafka_kafka-clients-3.4.1.jar
26/02/11 17:18:03 INFO Executor: Adding file:/tmp/spark-35beab93-11b7-43c9-adcf-a99ad09825cb/userFiles-a2135cab-4874-4b30-bd66-f17156a99746/org.apache.kafka_kafka-clients-3.4.1.jar to class loader default
26/02/11 17:18:03 INFO Executor: Fetching spark://a0cf84f032ea:39429/jars/org.wildfly.openssl_wildfly-openssl-1.0.7.Final.jar with timestamp 1770830276230
26/02/11 17:18:03 INFO Utils: Fetching spark://a0cf84f032ea:39429/jars/org.wildfly.openssl_wildfly-openssl-1.0.7.Final.jar to /tmp/spark-35beab93-11b7-43c9-adcf-a99ad09825cb/userFiles-a2135cab-4874-4b30-bd66-f17156a99746/fetchFileTemp14389044784038964007.tmp
26/02/11 17:18:03 INFO Utils: /tmp/spark-35beab93-11b7-43c9-adcf-a99ad09825cb/userFiles-a2135cab-4874-4b30-bd66-f17156a99746/fetchFileTemp14389044784038964007.tmp has been previously copied to /tmp/spark-35beab93-11b7-43c9-adcf-a99ad09825cb/userFiles-a2135cab-4874-4b30-bd66-f17156a99746/org.wildfly.openssl_wildfly-openssl-1.0.7.Final.jar
26/02/11 17:18:03 INFO Executor: Adding file:/tmp/spark-35beab93-11b7-43c9-adcf-a99ad09825cb/userFiles-a2135cab-4874-4b30-bd66-f17156a99746/org.wildfly.openssl_wildfly-openssl-1.0.7.Final.jar to class loader default
26/02/11 17:18:03 INFO Executor: Fetching spark://a0cf84f032ea:39429/jars/org.apache.spark_spark-sql-kafka-0-10_2.12-3.5.0.jar with timestamp 1770830276230
26/02/11 17:18:03 INFO Utils: Fetching spark://a0cf84f032ea:39429/jars/org.apache.spark_spark-sql-kafka-0-10_2.12-3.5.0.jar to /tmp/spark-35beab93-11b7-43c9-adcf-a99ad09825cb/userFiles-a2135cab-4874-4b30-bd66-f17156a99746/fetchFileTemp14109572400994447360.tmp
26/02/11 17:18:03 INFO Utils: /tmp/spark-35beab93-11b7-43c9-adcf-a99ad09825cb/userFiles-a2135cab-4874-4b30-bd66-f17156a99746/fetchFileTemp14109572400994447360.tmp has been previously copied to /tmp/spark-35beab93-11b7-43c9-adcf-a99ad09825cb/userFiles-a2135cab-4874-4b30-bd66-f17156a99746/org.apache.spark_spark-sql-kafka-0-10_2.12-3.5.0.jar
26/02/11 17:18:03 INFO Executor: Adding file:/tmp/spark-35beab93-11b7-43c9-adcf-a99ad09825cb/userFiles-a2135cab-4874-4b30-bd66-f17156a99746/org.apache.spark_spark-sql-kafka-0-10_2.12-3.5.0.jar to class loader default
26/02/11 17:18:03 INFO Executor: Fetching spark://a0cf84f032ea:39429/jars/org.slf4j_slf4j-api-2.0.7.jar with timestamp 1770830276230
26/02/11 17:18:03 INFO Utils: Fetching spark://a0cf84f032ea:39429/jars/org.slf4j_slf4j-api-2.0.7.jar to /tmp/spark-35beab93-11b7-43c9-adcf-a99ad09825cb/userFiles-a2135cab-4874-4b30-bd66-f17156a99746/fetchFileTemp13477255657590268058.tmp
26/02/11 17:18:03 INFO Utils: /tmp/spark-35beab93-11b7-43c9-adcf-a99ad09825cb/userFiles-a2135cab-4874-4b30-bd66-f17156a99746/fetchFileTemp13477255657590268058.tmp has been previously copied to /tmp/spark-35beab93-11b7-43c9-adcf-a99ad09825cb/userFiles-a2135cab-4874-4b30-bd66-f17156a99746/org.slf4j_slf4j-api-2.0.7.jar
26/02/11 17:18:03 INFO Executor: Adding file:/tmp/spark-35beab93-11b7-43c9-adcf-a99ad09825cb/userFiles-a2135cab-4874-4b30-bd66-f17156a99746/org.slf4j_slf4j-api-2.0.7.jar to class loader default
26/02/11 17:18:03 INFO Executor: Fetching spark://a0cf84f032ea:39429/jars/com.google.code.findbugs_jsr305-3.0.0.jar with timestamp 1770830276230
26/02/11 17:18:03 INFO Utils: Fetching spark://a0cf84f032ea:39429/jars/com.google.code.findbugs_jsr305-3.0.0.jar to /tmp/spark-35beab93-11b7-43c9-adcf-a99ad09825cb/userFiles-a2135cab-4874-4b30-bd66-f17156a99746/fetchFileTemp636753904406108858.tmp
26/02/11 17:18:03 INFO Utils: /tmp/spark-35beab93-11b7-43c9-adcf-a99ad09825cb/userFiles-a2135cab-4874-4b30-bd66-f17156a99746/fetchFileTemp636753904406108858.tmp has been previously copied to /tmp/spark-35beab93-11b7-43c9-adcf-a99ad09825cb/userFiles-a2135cab-4874-4b30-bd66-f17156a99746/com.google.code.findbugs_jsr305-3.0.0.jar
26/02/11 17:18:03 INFO Executor: Adding file:/tmp/spark-35beab93-11b7-43c9-adcf-a99ad09825cb/userFiles-a2135cab-4874-4b30-bd66-f17156a99746/com.google.code.findbugs_jsr305-3.0.0.jar to class loader default
26/02/11 17:18:03 INFO Executor: Fetching spark://a0cf84f032ea:39429/jars/commons-logging_commons-logging-1.1.3.jar with timestamp 1770830276230
26/02/11 17:18:03 INFO Utils: Fetching spark://a0cf84f032ea:39429/jars/commons-logging_commons-logging-1.1.3.jar to /tmp/spark-35beab93-11b7-43c9-adcf-a99ad09825cb/userFiles-a2135cab-4874-4b30-bd66-f17156a99746/fetchFileTemp5260638503970914859.tmp
26/02/11 17:18:03 INFO Utils: /tmp/spark-35beab93-11b7-43c9-adcf-a99ad09825cb/userFiles-a2135cab-4874-4b30-bd66-f17156a99746/fetchFileTemp5260638503970914859.tmp has been previously copied to /tmp/spark-35beab93-11b7-43c9-adcf-a99ad09825cb/userFiles-a2135cab-4874-4b30-bd66-f17156a99746/commons-logging_commons-logging-1.1.3.jar
26/02/11 17:18:03 INFO Executor: Adding file:/tmp/spark-35beab93-11b7-43c9-adcf-a99ad09825cb/userFiles-a2135cab-4874-4b30-bd66-f17156a99746/commons-logging_commons-logging-1.1.3.jar to class loader default
26/02/11 17:18:03 INFO Executor: Fetching spark://a0cf84f032ea:39429/jars/org.apache.iceberg_iceberg-spark-runtime-3.5_2.12-1.4.2.jar with timestamp 1770830276230
26/02/11 17:18:03 INFO Utils: Fetching spark://a0cf84f032ea:39429/jars/org.apache.iceberg_iceberg-spark-runtime-3.5_2.12-1.4.2.jar to /tmp/spark-35beab93-11b7-43c9-adcf-a99ad09825cb/userFiles-a2135cab-4874-4b30-bd66-f17156a99746/fetchFileTemp5168336511567810640.tmp
26/02/11 17:18:03 INFO Utils: /tmp/spark-35beab93-11b7-43c9-adcf-a99ad09825cb/userFiles-a2135cab-4874-4b30-bd66-f17156a99746/fetchFileTemp5168336511567810640.tmp has been previously copied to /tmp/spark-35beab93-11b7-43c9-adcf-a99ad09825cb/userFiles-a2135cab-4874-4b30-bd66-f17156a99746/org.apache.iceberg_iceberg-spark-runtime-3.5_2.12-1.4.2.jar
26/02/11 17:18:03 INFO Executor: Adding file:/tmp/spark-35beab93-11b7-43c9-adcf-a99ad09825cb/userFiles-a2135cab-4874-4b30-bd66-f17156a99746/org.apache.iceberg_iceberg-spark-runtime-3.5_2.12-1.4.2.jar to class loader default
26/02/11 17:18:03 INFO Executor: Fetching spark://a0cf84f032ea:39429/jars/org.apache.hadoop_hadoop-client-runtime-3.3.4.jar with timestamp 1770830276230
26/02/11 17:18:03 INFO Utils: Fetching spark://a0cf84f032ea:39429/jars/org.apache.hadoop_hadoop-client-runtime-3.3.4.jar to /tmp/spark-35beab93-11b7-43c9-adcf-a99ad09825cb/userFiles-a2135cab-4874-4b30-bd66-f17156a99746/fetchFileTemp5351246902370477152.tmp
26/02/11 17:18:03 INFO Utils: /tmp/spark-35beab93-11b7-43c9-adcf-a99ad09825cb/userFiles-a2135cab-4874-4b30-bd66-f17156a99746/fetchFileTemp5351246902370477152.tmp has been previously copied to /tmp/spark-35beab93-11b7-43c9-adcf-a99ad09825cb/userFiles-a2135cab-4874-4b30-bd66-f17156a99746/org.apache.hadoop_hadoop-client-runtime-3.3.4.jar
26/02/11 17:18:03 INFO Executor: Adding file:/tmp/spark-35beab93-11b7-43c9-adcf-a99ad09825cb/userFiles-a2135cab-4874-4b30-bd66-f17156a99746/org.apache.hadoop_hadoop-client-runtime-3.3.4.jar to class loader default
26/02/11 17:18:03 INFO Utils: Successfully started service 'org.apache.spark.network.netty.NettyBlockTransferService' on port 35819.
26/02/11 17:18:03 INFO NettyBlockTransferService: Server created on a0cf84f032ea:35819
26/02/11 17:18:03 INFO BlockManager: Using org.apache.spark.storage.RandomBlockReplicationPolicy for block replication policy
26/02/11 17:18:03 INFO BlockManagerMaster: Registering BlockManager BlockManagerId(driver, a0cf84f032ea, 35819, None)
26/02/11 17:18:03 INFO BlockManagerMasterEndpoint: Registering block manager a0cf84f032ea:35819 with 434.4 MiB RAM, BlockManagerId(driver, a0cf84f032ea, 35819, None)
26/02/11 17:18:03 INFO BlockManagerMaster: Registered BlockManager BlockManagerId(driver, a0cf84f032ea, 35819, None)
26/02/11 17:18:03 INFO BlockManager: Initialized BlockManager: BlockManagerId(driver, a0cf84f032ea, 35819, None)
INFO:__main__:Spark Session Created
26/02/11 17:18:04 INFO SharedState: Setting hive.metastore.warehouse.dir ('null') to the value of spark.sql.warehouse.dir.
26/02/11 17:18:04 INFO SharedState: Warehouse path is 'file:/opt/spark/work-dir/spark-warehouse'.
26/02/11 17:18:08 INFO CatalogUtil: Loading custom FileIO implementation: org.apache.iceberg.hadoop.HadoopFileIO
Traceback (most recent call last):
  File "/opt/spark/work-dir/src/processing/streaming/stream_to_bronze.py", line 61, in <module>
    main()
  File "/opt/spark/work-dir/src/processing/streaming/stream_to_bronze.py", line 50, in main
    query = final_df.writeStream \
  File "/opt/spark/python/lib/pyspark.zip/pyspark/sql/streaming/readwriter.py", line 1622, in toTable
  File "/opt/spark/python/lib/py4j-0.10.9.7-src.zip/py4j/java_gateway.py", line 1322, in __call__
  File "/opt/spark/python/lib/pyspark.zip/pyspark/errors/exceptions/captured.py", line 179, in deco
  File "/opt/spark/python/lib/py4j-0.10.9.7-src.zip/py4j/protocol.py", line 326, in get_return_value
py4j.protocol.Py4JJavaError: An error occurred while calling o78.toTable.
: org.apache.iceberg.exceptions.ServiceFailureException: Server error: SdkClientException: Unable to load credentials from any of the providers in the chain AwsCredentialsProviderChain(credentialsProviders=[SystemPropertyCredentialsProvider(), EnvironmentVariableCredentialsProvider(), WebIdentityTokenCredentialsProvider(), ProfileCredentialsProvider(profileName=default, profileFile=ProfileFile(sections=[])), ContainerCredentialsProvider(), InstanceProfileCredentialsProvider()]) : [SystemPropertyCredentialsProvider(): Unable to load credentials from system settings. Access key must be specified either via environment variable (AWS_ACCESS_KEY_ID) or system property (aws.accessKeyId)., EnvironmentVariableCredentialsProvider(): Unable to load credentials from system settings. Access key must be specified either via environment variable (AWS_ACCESS_KEY_ID) or system property (aws.accessKeyId)., WebIdentityTokenCredentialsProvider(): Either the environment variable AWS_WEB_IDENTITY_TOKEN_FILE or the javaproperty aws.webIdentityTokenFile must be set., ProfileCredentialsProvider(profileName=default, profileFile=ProfileFile(sections=[])): Profile file contained no credentials for profile 'default': ProfileFile(sections=[]), ContainerCredentialsProvider(): Cannot fetch credentials from container - neither AWS_CONTAINER_CREDENTIALS_FULL_URI or AWS_CONTAINER_CREDENTIALS_RELATIVE_URI environment variables are set., InstanceProfileCredentialsProvider(): Failed to load credentials from IMDS.]
	at org.apache.iceberg.rest.ErrorHandlers$DefaultErrorHandler.accept(ErrorHandlers.java:162)
	at org.apache.iceberg.rest.ErrorHandlers$TableErrorHandler.accept(ErrorHandlers.java:109)
	at org.apache.iceberg.rest.ErrorHandlers$TableErrorHandler.accept(ErrorHandlers.java:93)
	at org.apache.iceberg.rest.HTTPClient.throwFailure(HTTPClient.java:183)
	at org.apache.iceberg.rest.HTTPClient.execute(HTTPClient.java:292)
	at org.apache.iceberg.rest.HTTPClient.execute(HTTPClient.java:226)
	at org.apache.iceberg.rest.HTTPClient.post(HTTPClient.java:337)
	at org.apache.iceberg.rest.RESTClient.post(RESTClient.java:112)
	at org.apache.iceberg.rest.RESTSessionCatalog$Builder.create(RESTSessionCatalog.java:642)
	at org.apache.iceberg.CachingCatalog$CachingTableBuilder.lambda$create$0(CachingCatalog.java:261)
	at org.apache.iceberg.shaded.com.github.benmanes.caffeine.cache.BoundedLocalCache.lambda$doComputeIfAbsent$14(BoundedLocalCache.java:2406)
	at java.base/java.util.concurrent.ConcurrentHashMap.compute(Unknown Source)
	at org.apache.iceberg.shaded.com.github.benmanes.caffeine.cache.BoundedLocalCache.doComputeIfAbsent(BoundedLocalCache.java:2404)
	at org.apache.iceberg.shaded.com.github.benmanes.caffeine.cache.BoundedLocalCache.computeIfAbsent(BoundedLocalCache.java:2387)
	at org.apache.iceberg.shaded.com.github.benmanes.caffeine.cache.LocalCache.computeIfAbsent(LocalCache.java:108)
	at org.apache.iceberg.shaded.com.github.benmanes.caffeine.cache.LocalManualCache.get(LocalManualCache.java:62)
	at org.apache.iceberg.CachingCatalog$CachingTableBuilder.create(CachingCatalog.java:257)
	at org.apache.iceberg.spark.SparkCatalog.createTable(SparkCatalog.java:236)
	at org.apache.spark.sql.connector.catalog.TableCatalog.createTable(TableCatalog.java:200)
	at org.apache.spark.sql.execution.datasources.v2.CreateTableExec.run(CreateTableExec.scala:44)
	at org.apache.spark.sql.execution.datasources.v2.V2CommandExec.result$lzycompute(V2CommandExec.scala:43)
	at org.apache.spark.sql.execution.datasources.v2.V2CommandExec.result(V2CommandExec.scala:43)
	at org.apache.spark.sql.execution.datasources.v2.V2CommandExec.executeCollect(V2CommandExec.scala:49)
	at org.apache.spark.sql.execution.QueryExecution$$anonfun$eagerlyExecuteCommands$1.$anonfun$applyOrElse$1(QueryExecution.scala:107)
	at org.apache.spark.sql.execution.SQLExecution$.$anonfun$withNewExecutionId$6(SQLExecution.scala:125)
	at org.apache.spark.sql.execution.SQLExecution$.withSQLConfPropagated(SQLExecution.scala:201)
	at org.apache.spark.sql.execution.SQLExecution$.$anonfun$withNewExecutionId$1(SQLExecution.scala:108)
	at org.apache.spark.sql.SparkSession.withActive(SparkSession.scala:900)
	at org.apache.spark.sql.execution.SQLExecution$.withNewExecutionId(SQLExecution.scala:66)
	at org.apache.spark.sql.execution.QueryExecution$$anonfun$eagerlyExecuteCommands$1.applyOrElse(QueryExecution.scala:107)
	at org.apache.spark.sql.execution.QueryExecution$$anonfun$eagerlyExecuteCommands$1.applyOrElse(QueryExecution.scala:98)
	at org.apache.spark.sql.catalyst.trees.TreeNode.$anonfun$transformDownWithPruning$1(TreeNode.scala:461)
	at org.apache.spark.sql.catalyst.trees.CurrentOrigin$.withOrigin(origin.scala:76)
	at org.apache.spark.sql.catalyst.trees.TreeNode.transformDownWithPruning(TreeNode.scala:461)
	at org.apache.spark.sql.catalyst.plans.logical.LogicalPlan.org$apache$spark$sql$catalyst$plans$logical$AnalysisHelper$$super$transformDownWithPruning(LogicalPlan.scala:32)
	at org.apache.spark.sql.catalyst.plans.logical.AnalysisHelper.transformDownWithPruning(AnalysisHelper.scala:267)
	at org.apache.spark.sql.catalyst.plans.logical.AnalysisHelper.transformDownWithPruning$(AnalysisHelper.scala:263)
	at org.apache.spark.sql.catalyst.plans.logical.LogicalPlan.transformDownWithPruning(LogicalPlan.scala:32)
	at org.apache.spark.sql.catalyst.plans.logical.LogicalPlan.transformDownWithPruning(LogicalPlan.scala:32)
	at org.apache.spark.sql.catalyst.trees.TreeNode.transformDown(TreeNode.scala:437)
	at org.apache.spark.sql.execution.QueryExecution.eagerlyExecuteCommands(QueryExecution.scala:98)
	at org.apache.spark.sql.execution.QueryExecution.commandExecuted$lzycompute(QueryExecution.scala:85)
	at org.apache.spark.sql.execution.QueryExecution.commandExecuted(QueryExecution.scala:83)
	at org.apache.spark.sql.Dataset.<init>(Dataset.scala:220)
	at org.apache.spark.sql.Dataset$.$anonfun$ofRows$1(Dataset.scala:92)
	at org.apache.spark.sql.SparkSession.withActive(SparkSession.scala:900)
	at org.apache.spark.sql.Dataset$.ofRows(Dataset.scala:89)
	at org.apache.spark.sql.streaming.DataStreamWriter.toTable(DataStreamWriter.scala:308)
	at java.base/jdk.internal.reflect.NativeMethodAccessorImpl.invoke0(Native Method)
	at java.base/jdk.internal.reflect.NativeMethodAccessorImpl.invoke(Unknown Source)
	at java.base/jdk.internal.reflect.DelegatingMethodAccessorImpl.invoke(Unknown Source)
	at java.base/java.lang.reflect.Method.invoke(Unknown Source)
	at py4j.reflection.MethodInvoker.invoke(MethodInvoker.java:244)
	at py4j.reflection.ReflectionEngine.invoke(ReflectionEngine.java:374)
	at py4j.Gateway.invoke(Gateway.java:282)
	at py4j.commands.AbstractCommand.invokeMethod(AbstractCommand.java:132)
	at py4j.commands.CallCommand.execute(CallCommand.java:79)
	at py4j.ClientServerConnection.waitForCommands(ClientServerConnection.java:182)
	at py4j.ClientServerConnection.run(ClientServerConnection.java:106)
	at java.base/java.lang.Thread.run(Unknown Source)

26/02/11 17:18:12 INFO SparkContext: Invoking stop() from shutdown hook
26/02/11 17:18:12 INFO SparkContext: SparkContext is stopping with exitCode 0.
26/02/11 17:18:12 INFO SparkUI: Stopped Spark web UI at http://a0cf84f032ea:4040
26/02/11 17:18:12 INFO MapOutputTrackerMasterEndpoint: MapOutputTrackerMasterEndpoint stopped!
26/02/11 17:18:12 INFO MemoryStore: MemoryStore cleared
26/02/11 17:18:12 INFO BlockManager: BlockManager stopped
26/02/11 17:18:12 INFO BlockManagerMaster: BlockManagerMaster stopped
26/02/11 17:18:12 INFO OutputCommitCoordinator$OutputCommitCoordinatorEndpoint: OutputCommitCoordinator stopped!
26/02/11 17:18:12 INFO SparkContext: Successfully stopped SparkContext
26/02/11 17:18:12 INFO ShutdownHookManager: Shutdown hook called
26/02/11 17:18:12 INFO ShutdownHookManager: Deleting directory /tmp/spark-35beab93-11b7-43c9-adcf-a99ad09825cb/pyspark-fb09cfcb-5b6e-4956-bee3-99755153821e
26/02/11 17:18:12 INFO ShutdownHookManager: Deleting directory /tmp/spark-96ced670-ffb6-41b2-81f4-18c2bcafb4f8
26/02/11 17:18:12 INFO ShutdownHookManager: Deleting directory /tmp/spark-35beab93-11b7-43c9-adcf-a99ad09825cb
