:: loading settings :: url = jar:file:/opt/spark/jars/ivy-2.5.1.jar!/org/apache/ivy/core/settings/ivysettings.xml
Ivy Default Cache set to: /root/.ivy2/cache
The jars for the packages stored in: /root/.ivy2/jars
org.apache.iceberg#iceberg-spark-runtime-3.5_2.12 added as a dependency
org.apache.hadoop#hadoop-aws added as a dependency
org.apache.spark#spark-sql-kafka-0-10_2.12 added as a dependency
:: resolving dependencies :: org.apache.spark#spark-submit-parent-fc165fec-49c3-4df4-9cbf-01bc50eb96bf;1.0
	confs: [default]
	found org.apache.iceberg#iceberg-spark-runtime-3.5_2.12;1.4.2 in central
	found org.apache.hadoop#hadoop-aws;3.3.4 in central
	found com.amazonaws#aws-java-sdk-bundle;1.12.262 in central
	found org.wildfly.openssl#wildfly-openssl;1.0.7.Final in central
	found org.apache.spark#spark-sql-kafka-0-10_2.12;3.5.0 in central
	found org.apache.spark#spark-token-provider-kafka-0-10_2.12;3.5.0 in central
	found org.apache.kafka#kafka-clients;3.4.1 in central
	found org.lz4#lz4-java;1.8.0 in central
	found org.xerial.snappy#snappy-java;1.1.10.3 in central
	found org.slf4j#slf4j-api;2.0.7 in central
	found org.apache.hadoop#hadoop-client-runtime;3.3.4 in central
	found org.apache.hadoop#hadoop-client-api;3.3.4 in central
	found commons-logging#commons-logging;1.1.3 in central
	found com.google.code.findbugs#jsr305;3.0.0 in central
	found org.apache.commons#commons-pool2;2.11.1 in central
:: resolution report :: resolve 816ms :: artifacts dl 36ms
	:: modules in use:
	com.amazonaws#aws-java-sdk-bundle;1.12.262 from central in [default]
	com.google.code.findbugs#jsr305;3.0.0 from central in [default]
	commons-logging#commons-logging;1.1.3 from central in [default]
	org.apache.commons#commons-pool2;2.11.1 from central in [default]
	org.apache.hadoop#hadoop-aws;3.3.4 from central in [default]
	org.apache.hadoop#hadoop-client-api;3.3.4 from central in [default]
	org.apache.hadoop#hadoop-client-runtime;3.3.4 from central in [default]
	org.apache.iceberg#iceberg-spark-runtime-3.5_2.12;1.4.2 from central in [default]
	org.apache.kafka#kafka-clients;3.4.1 from central in [default]
	org.apache.spark#spark-sql-kafka-0-10_2.12;3.5.0 from central in [default]
	org.apache.spark#spark-token-provider-kafka-0-10_2.12;3.5.0 from central in [default]
	org.lz4#lz4-java;1.8.0 from central in [default]
	org.slf4j#slf4j-api;2.0.7 from central in [default]
	org.wildfly.openssl#wildfly-openssl;1.0.7.Final from central in [default]
	org.xerial.snappy#snappy-java;1.1.10.3 from central in [default]
	---------------------------------------------------------------------
	|                  |            modules            ||   artifacts   |
	|       conf       | number| search|dwnlded|evicted|| number|dwnlded|
	---------------------------------------------------------------------
	|      default     |   15  |   0   |   0   |   0   ||   15  |   0   |
	---------------------------------------------------------------------
:: retrieving :: org.apache.spark#spark-submit-parent-fc165fec-49c3-4df4-9cbf-01bc50eb96bf
	confs: [default]
	0 artifacts copied, 15 already retrieved (0kB/21ms)
26/02/11 17:12:48 WARN NativeCodeLoader: Unable to load native-hadoop library for your platform... using builtin-java classes where applicable
26/02/11 17:12:54 INFO SparkContext: Running Spark version 3.5.0
26/02/11 17:12:54 INFO SparkContext: OS info Linux, 6.6.87.2-microsoft-standard-WSL2, amd64
26/02/11 17:12:54 INFO SparkContext: Java version 11.0.20.1
26/02/11 17:12:54 INFO ResourceUtils: ==============================================================
26/02/11 17:12:54 INFO ResourceUtils: No custom resources configured for spark.driver.
26/02/11 17:12:54 INFO ResourceUtils: ==============================================================
26/02/11 17:12:54 INFO SparkContext: Submitted application: CryptoLake-StreamToBronze
26/02/11 17:12:54 INFO ResourceProfile: Default ResourceProfile created, executor resources: Map(cores -> name: cores, amount: 1, script: , vendor: , memory -> name: memory, amount: 1024, script: , vendor: , offHeap -> name: offHeap, amount: 0, script: , vendor: ), task resources: Map(cpus -> name: cpus, amount: 1.0)
26/02/11 17:12:54 INFO ResourceProfile: Limiting resource is cpu
26/02/11 17:12:54 INFO ResourceProfileManager: Added ResourceProfile id: 0
26/02/11 17:12:54 INFO SecurityManager: Changing view acls to: root
26/02/11 17:12:54 INFO SecurityManager: Changing modify acls to: root
26/02/11 17:12:54 INFO SecurityManager: Changing view acls groups to: 
26/02/11 17:12:54 INFO SecurityManager: Changing modify acls groups to: 
26/02/11 17:12:54 INFO SecurityManager: SecurityManager: authentication disabled; ui acls disabled; users with view permissions: root; groups with view permissions: EMPTY; users with modify permissions: root; groups with modify permissions: EMPTY
26/02/11 17:12:54 INFO Utils: Successfully started service 'sparkDriver' on port 38335.
26/02/11 17:12:54 INFO SparkEnv: Registering MapOutputTracker
26/02/11 17:12:54 INFO SparkEnv: Registering BlockManagerMaster
26/02/11 17:12:54 INFO BlockManagerMasterEndpoint: Using org.apache.spark.storage.DefaultTopologyMapper for getting topology information
26/02/11 17:12:54 INFO BlockManagerMasterEndpoint: BlockManagerMasterEndpoint up
26/02/11 17:12:54 INFO SparkEnv: Registering BlockManagerMasterHeartbeat
26/02/11 17:12:55 INFO DiskBlockManager: Created local directory at /tmp/blockmgr-b22d22a8-2abd-4496-9cce-7514e8d7d76c
26/02/11 17:12:55 INFO MemoryStore: MemoryStore started with capacity 434.4 MiB
26/02/11 17:12:55 INFO SparkEnv: Registering OutputCommitCoordinator
26/02/11 17:12:55 INFO JettyUtils: Start Jetty 0.0.0.0:4040 for SparkUI
26/02/11 17:12:55 INFO Utils: Successfully started service 'SparkUI' on port 4040.
26/02/11 17:12:55 INFO SparkContext: Added JAR file:///root/.ivy2/jars/org.apache.iceberg_iceberg-spark-runtime-3.5_2.12-1.4.2.jar at spark://a0cf84f032ea:38335/jars/org.apache.iceberg_iceberg-spark-runtime-3.5_2.12-1.4.2.jar with timestamp 1770829974325
26/02/11 17:12:55 INFO SparkContext: Added JAR file:///root/.ivy2/jars/org.apache.hadoop_hadoop-aws-3.3.4.jar at spark://a0cf84f032ea:38335/jars/org.apache.hadoop_hadoop-aws-3.3.4.jar with timestamp 1770829974325
26/02/11 17:12:55 INFO SparkContext: Added JAR file:///root/.ivy2/jars/org.apache.spark_spark-sql-kafka-0-10_2.12-3.5.0.jar at spark://a0cf84f032ea:38335/jars/org.apache.spark_spark-sql-kafka-0-10_2.12-3.5.0.jar with timestamp 1770829974325
26/02/11 17:12:55 INFO SparkContext: Added JAR file:///root/.ivy2/jars/com.amazonaws_aws-java-sdk-bundle-1.12.262.jar at spark://a0cf84f032ea:38335/jars/com.amazonaws_aws-java-sdk-bundle-1.12.262.jar with timestamp 1770829974325
26/02/11 17:12:55 INFO SparkContext: Added JAR file:///root/.ivy2/jars/org.wildfly.openssl_wildfly-openssl-1.0.7.Final.jar at spark://a0cf84f032ea:38335/jars/org.wildfly.openssl_wildfly-openssl-1.0.7.Final.jar with timestamp 1770829974325
26/02/11 17:12:55 INFO SparkContext: Added JAR file:///root/.ivy2/jars/org.apache.spark_spark-token-provider-kafka-0-10_2.12-3.5.0.jar at spark://a0cf84f032ea:38335/jars/org.apache.spark_spark-token-provider-kafka-0-10_2.12-3.5.0.jar with timestamp 1770829974325
26/02/11 17:12:55 INFO SparkContext: Added JAR file:///root/.ivy2/jars/org.apache.kafka_kafka-clients-3.4.1.jar at spark://a0cf84f032ea:38335/jars/org.apache.kafka_kafka-clients-3.4.1.jar with timestamp 1770829974325
26/02/11 17:12:55 INFO SparkContext: Added JAR file:///root/.ivy2/jars/com.google.code.findbugs_jsr305-3.0.0.jar at spark://a0cf84f032ea:38335/jars/com.google.code.findbugs_jsr305-3.0.0.jar with timestamp 1770829974325
26/02/11 17:12:55 INFO SparkContext: Added JAR file:///root/.ivy2/jars/org.apache.commons_commons-pool2-2.11.1.jar at spark://a0cf84f032ea:38335/jars/org.apache.commons_commons-pool2-2.11.1.jar with timestamp 1770829974325
26/02/11 17:12:55 INFO SparkContext: Added JAR file:///root/.ivy2/jars/org.apache.hadoop_hadoop-client-runtime-3.3.4.jar at spark://a0cf84f032ea:38335/jars/org.apache.hadoop_hadoop-client-runtime-3.3.4.jar with timestamp 1770829974325
26/02/11 17:12:55 INFO SparkContext: Added JAR file:///root/.ivy2/jars/org.lz4_lz4-java-1.8.0.jar at spark://a0cf84f032ea:38335/jars/org.lz4_lz4-java-1.8.0.jar with timestamp 1770829974325
26/02/11 17:12:55 INFO SparkContext: Added JAR file:///root/.ivy2/jars/org.xerial.snappy_snappy-java-1.1.10.3.jar at spark://a0cf84f032ea:38335/jars/org.xerial.snappy_snappy-java-1.1.10.3.jar with timestamp 1770829974325
26/02/11 17:12:55 INFO SparkContext: Added JAR file:///root/.ivy2/jars/org.slf4j_slf4j-api-2.0.7.jar at spark://a0cf84f032ea:38335/jars/org.slf4j_slf4j-api-2.0.7.jar with timestamp 1770829974325
26/02/11 17:12:55 INFO SparkContext: Added JAR file:///root/.ivy2/jars/org.apache.hadoop_hadoop-client-api-3.3.4.jar at spark://a0cf84f032ea:38335/jars/org.apache.hadoop_hadoop-client-api-3.3.4.jar with timestamp 1770829974325
26/02/11 17:12:55 INFO SparkContext: Added JAR file:///root/.ivy2/jars/commons-logging_commons-logging-1.1.3.jar at spark://a0cf84f032ea:38335/jars/commons-logging_commons-logging-1.1.3.jar with timestamp 1770829974325
26/02/11 17:12:55 INFO SparkContext: Added file file:///root/.ivy2/jars/org.apache.iceberg_iceberg-spark-runtime-3.5_2.12-1.4.2.jar at file:///root/.ivy2/jars/org.apache.iceberg_iceberg-spark-runtime-3.5_2.12-1.4.2.jar with timestamp 1770829974325
26/02/11 17:12:55 INFO Utils: Copying /root/.ivy2/jars/org.apache.iceberg_iceberg-spark-runtime-3.5_2.12-1.4.2.jar to /tmp/spark-c6da3678-a7e7-4802-8321-08caeb49fa24/userFiles-766eb4e4-d13e-4396-89a2-24003ff79723/org.apache.iceberg_iceberg-spark-runtime-3.5_2.12-1.4.2.jar
26/02/11 17:12:55 INFO SparkContext: Added file file:///root/.ivy2/jars/org.apache.hadoop_hadoop-aws-3.3.4.jar at file:///root/.ivy2/jars/org.apache.hadoop_hadoop-aws-3.3.4.jar with timestamp 1770829974325
26/02/11 17:12:55 INFO Utils: Copying /root/.ivy2/jars/org.apache.hadoop_hadoop-aws-3.3.4.jar to /tmp/spark-c6da3678-a7e7-4802-8321-08caeb49fa24/userFiles-766eb4e4-d13e-4396-89a2-24003ff79723/org.apache.hadoop_hadoop-aws-3.3.4.jar
26/02/11 17:12:55 INFO SparkContext: Added file file:///root/.ivy2/jars/org.apache.spark_spark-sql-kafka-0-10_2.12-3.5.0.jar at file:///root/.ivy2/jars/org.apache.spark_spark-sql-kafka-0-10_2.12-3.5.0.jar with timestamp 1770829974325
26/02/11 17:12:55 INFO Utils: Copying /root/.ivy2/jars/org.apache.spark_spark-sql-kafka-0-10_2.12-3.5.0.jar to /tmp/spark-c6da3678-a7e7-4802-8321-08caeb49fa24/userFiles-766eb4e4-d13e-4396-89a2-24003ff79723/org.apache.spark_spark-sql-kafka-0-10_2.12-3.5.0.jar
26/02/11 17:12:55 INFO SparkContext: Added file file:///root/.ivy2/jars/com.amazonaws_aws-java-sdk-bundle-1.12.262.jar at file:///root/.ivy2/jars/com.amazonaws_aws-java-sdk-bundle-1.12.262.jar with timestamp 1770829974325
26/02/11 17:12:55 INFO Utils: Copying /root/.ivy2/jars/com.amazonaws_aws-java-sdk-bundle-1.12.262.jar to /tmp/spark-c6da3678-a7e7-4802-8321-08caeb49fa24/userFiles-766eb4e4-d13e-4396-89a2-24003ff79723/com.amazonaws_aws-java-sdk-bundle-1.12.262.jar
26/02/11 17:12:56 INFO SparkContext: Added file file:///root/.ivy2/jars/org.wildfly.openssl_wildfly-openssl-1.0.7.Final.jar at file:///root/.ivy2/jars/org.wildfly.openssl_wildfly-openssl-1.0.7.Final.jar with timestamp 1770829974325
26/02/11 17:12:56 INFO Utils: Copying /root/.ivy2/jars/org.wildfly.openssl_wildfly-openssl-1.0.7.Final.jar to /tmp/spark-c6da3678-a7e7-4802-8321-08caeb49fa24/userFiles-766eb4e4-d13e-4396-89a2-24003ff79723/org.wildfly.openssl_wildfly-openssl-1.0.7.Final.jar
26/02/11 17:12:56 INFO SparkContext: Added file file:///root/.ivy2/jars/org.apache.spark_spark-token-provider-kafka-0-10_2.12-3.5.0.jar at file:///root/.ivy2/jars/org.apache.spark_spark-token-provider-kafka-0-10_2.12-3.5.0.jar with timestamp 1770829974325
26/02/11 17:12:56 INFO Utils: Copying /root/.ivy2/jars/org.apache.spark_spark-token-provider-kafka-0-10_2.12-3.5.0.jar to /tmp/spark-c6da3678-a7e7-4802-8321-08caeb49fa24/userFiles-766eb4e4-d13e-4396-89a2-24003ff79723/org.apache.spark_spark-token-provider-kafka-0-10_2.12-3.5.0.jar
26/02/11 17:12:56 INFO SparkContext: Added file file:///root/.ivy2/jars/org.apache.kafka_kafka-clients-3.4.1.jar at file:///root/.ivy2/jars/org.apache.kafka_kafka-clients-3.4.1.jar with timestamp 1770829974325
26/02/11 17:12:56 INFO Utils: Copying /root/.ivy2/jars/org.apache.kafka_kafka-clients-3.4.1.jar to /tmp/spark-c6da3678-a7e7-4802-8321-08caeb49fa24/userFiles-766eb4e4-d13e-4396-89a2-24003ff79723/org.apache.kafka_kafka-clients-3.4.1.jar
26/02/11 17:12:56 INFO SparkContext: Added file file:///root/.ivy2/jars/com.google.code.findbugs_jsr305-3.0.0.jar at file:///root/.ivy2/jars/com.google.code.findbugs_jsr305-3.0.0.jar with timestamp 1770829974325
26/02/11 17:12:56 INFO Utils: Copying /root/.ivy2/jars/com.google.code.findbugs_jsr305-3.0.0.jar to /tmp/spark-c6da3678-a7e7-4802-8321-08caeb49fa24/userFiles-766eb4e4-d13e-4396-89a2-24003ff79723/com.google.code.findbugs_jsr305-3.0.0.jar
26/02/11 17:12:56 INFO SparkContext: Added file file:///root/.ivy2/jars/org.apache.commons_commons-pool2-2.11.1.jar at file:///root/.ivy2/jars/org.apache.commons_commons-pool2-2.11.1.jar with timestamp 1770829974325
26/02/11 17:12:56 INFO Utils: Copying /root/.ivy2/jars/org.apache.commons_commons-pool2-2.11.1.jar to /tmp/spark-c6da3678-a7e7-4802-8321-08caeb49fa24/userFiles-766eb4e4-d13e-4396-89a2-24003ff79723/org.apache.commons_commons-pool2-2.11.1.jar
26/02/11 17:12:56 INFO SparkContext: Added file file:///root/.ivy2/jars/org.apache.hadoop_hadoop-client-runtime-3.3.4.jar at file:///root/.ivy2/jars/org.apache.hadoop_hadoop-client-runtime-3.3.4.jar with timestamp 1770829974325
26/02/11 17:12:56 INFO Utils: Copying /root/.ivy2/jars/org.apache.hadoop_hadoop-client-runtime-3.3.4.jar to /tmp/spark-c6da3678-a7e7-4802-8321-08caeb49fa24/userFiles-766eb4e4-d13e-4396-89a2-24003ff79723/org.apache.hadoop_hadoop-client-runtime-3.3.4.jar
26/02/11 17:12:56 INFO SparkContext: Added file file:///root/.ivy2/jars/org.lz4_lz4-java-1.8.0.jar at file:///root/.ivy2/jars/org.lz4_lz4-java-1.8.0.jar with timestamp 1770829974325
26/02/11 17:12:56 INFO Utils: Copying /root/.ivy2/jars/org.lz4_lz4-java-1.8.0.jar to /tmp/spark-c6da3678-a7e7-4802-8321-08caeb49fa24/userFiles-766eb4e4-d13e-4396-89a2-24003ff79723/org.lz4_lz4-java-1.8.0.jar
26/02/11 17:12:56 INFO SparkContext: Added file file:///root/.ivy2/jars/org.xerial.snappy_snappy-java-1.1.10.3.jar at file:///root/.ivy2/jars/org.xerial.snappy_snappy-java-1.1.10.3.jar with timestamp 1770829974325
26/02/11 17:12:56 INFO Utils: Copying /root/.ivy2/jars/org.xerial.snappy_snappy-java-1.1.10.3.jar to /tmp/spark-c6da3678-a7e7-4802-8321-08caeb49fa24/userFiles-766eb4e4-d13e-4396-89a2-24003ff79723/org.xerial.snappy_snappy-java-1.1.10.3.jar
26/02/11 17:12:56 INFO SparkContext: Added file file:///root/.ivy2/jars/org.slf4j_slf4j-api-2.0.7.jar at file:///root/.ivy2/jars/org.slf4j_slf4j-api-2.0.7.jar with timestamp 1770829974325
26/02/11 17:12:56 INFO Utils: Copying /root/.ivy2/jars/org.slf4j_slf4j-api-2.0.7.jar to /tmp/spark-c6da3678-a7e7-4802-8321-08caeb49fa24/userFiles-766eb4e4-d13e-4396-89a2-24003ff79723/org.slf4j_slf4j-api-2.0.7.jar
26/02/11 17:12:56 INFO SparkContext: Added file file:///root/.ivy2/jars/org.apache.hadoop_hadoop-client-api-3.3.4.jar at file:///root/.ivy2/jars/org.apache.hadoop_hadoop-client-api-3.3.4.jar with timestamp 1770829974325
26/02/11 17:12:56 INFO Utils: Copying /root/.ivy2/jars/org.apache.hadoop_hadoop-client-api-3.3.4.jar to /tmp/spark-c6da3678-a7e7-4802-8321-08caeb49fa24/userFiles-766eb4e4-d13e-4396-89a2-24003ff79723/org.apache.hadoop_hadoop-client-api-3.3.4.jar
26/02/11 17:12:56 INFO SparkContext: Added file file:///root/.ivy2/jars/commons-logging_commons-logging-1.1.3.jar at file:///root/.ivy2/jars/commons-logging_commons-logging-1.1.3.jar with timestamp 1770829974325
26/02/11 17:12:56 INFO Utils: Copying /root/.ivy2/jars/commons-logging_commons-logging-1.1.3.jar to /tmp/spark-c6da3678-a7e7-4802-8321-08caeb49fa24/userFiles-766eb4e4-d13e-4396-89a2-24003ff79723/commons-logging_commons-logging-1.1.3.jar
26/02/11 17:12:56 INFO Executor: Starting executor ID driver on host a0cf84f032ea
26/02/11 17:12:56 INFO Executor: OS info Linux, 6.6.87.2-microsoft-standard-WSL2, amd64
26/02/11 17:12:56 INFO Executor: Java version 11.0.20.1
26/02/11 17:12:56 INFO Executor: Starting executor with user classpath (userClassPathFirst = false): ''
26/02/11 17:12:56 INFO Executor: Created or updated repl class loader org.apache.spark.util.MutableURLClassLoader@5afc9728 for default.
26/02/11 17:12:56 INFO Executor: Fetching file:///root/.ivy2/jars/org.apache.spark_spark-sql-kafka-0-10_2.12-3.5.0.jar with timestamp 1770829974325
26/02/11 17:12:56 INFO Utils: /root/.ivy2/jars/org.apache.spark_spark-sql-kafka-0-10_2.12-3.5.0.jar has been previously copied to /tmp/spark-c6da3678-a7e7-4802-8321-08caeb49fa24/userFiles-766eb4e4-d13e-4396-89a2-24003ff79723/org.apache.spark_spark-sql-kafka-0-10_2.12-3.5.0.jar
26/02/11 17:12:56 INFO Executor: Fetching file:///root/.ivy2/jars/org.apache.hadoop_hadoop-client-api-3.3.4.jar with timestamp 1770829974325
26/02/11 17:12:56 INFO Utils: /root/.ivy2/jars/org.apache.hadoop_hadoop-client-api-3.3.4.jar has been previously copied to /tmp/spark-c6da3678-a7e7-4802-8321-08caeb49fa24/userFiles-766eb4e4-d13e-4396-89a2-24003ff79723/org.apache.hadoop_hadoop-client-api-3.3.4.jar
26/02/11 17:12:56 INFO Executor: Fetching file:///root/.ivy2/jars/com.google.code.findbugs_jsr305-3.0.0.jar with timestamp 1770829974325
26/02/11 17:12:56 INFO Utils: /root/.ivy2/jars/com.google.code.findbugs_jsr305-3.0.0.jar has been previously copied to /tmp/spark-c6da3678-a7e7-4802-8321-08caeb49fa24/userFiles-766eb4e4-d13e-4396-89a2-24003ff79723/com.google.code.findbugs_jsr305-3.0.0.jar
26/02/11 17:12:56 INFO Executor: Fetching file:///root/.ivy2/jars/org.apache.hadoop_hadoop-client-runtime-3.3.4.jar with timestamp 1770829974325
26/02/11 17:12:56 INFO Utils: /root/.ivy2/jars/org.apache.hadoop_hadoop-client-runtime-3.3.4.jar has been previously copied to /tmp/spark-c6da3678-a7e7-4802-8321-08caeb49fa24/userFiles-766eb4e4-d13e-4396-89a2-24003ff79723/org.apache.hadoop_hadoop-client-runtime-3.3.4.jar
26/02/11 17:12:56 INFO Executor: Fetching file:///root/.ivy2/jars/org.xerial.snappy_snappy-java-1.1.10.3.jar with timestamp 1770829974325
26/02/11 17:12:56 INFO Utils: /root/.ivy2/jars/org.xerial.snappy_snappy-java-1.1.10.3.jar has been previously copied to /tmp/spark-c6da3678-a7e7-4802-8321-08caeb49fa24/userFiles-766eb4e4-d13e-4396-89a2-24003ff79723/org.xerial.snappy_snappy-java-1.1.10.3.jar
26/02/11 17:12:56 INFO Executor: Fetching file:///root/.ivy2/jars/org.apache.hadoop_hadoop-aws-3.3.4.jar with timestamp 1770829974325
26/02/11 17:12:56 INFO Utils: /root/.ivy2/jars/org.apache.hadoop_hadoop-aws-3.3.4.jar has been previously copied to /tmp/spark-c6da3678-a7e7-4802-8321-08caeb49fa24/userFiles-766eb4e4-d13e-4396-89a2-24003ff79723/org.apache.hadoop_hadoop-aws-3.3.4.jar
26/02/11 17:12:56 INFO Executor: Fetching file:///root/.ivy2/jars/org.apache.spark_spark-token-provider-kafka-0-10_2.12-3.5.0.jar with timestamp 1770829974325
26/02/11 17:12:56 INFO Utils: /root/.ivy2/jars/org.apache.spark_spark-token-provider-kafka-0-10_2.12-3.5.0.jar has been previously copied to /tmp/spark-c6da3678-a7e7-4802-8321-08caeb49fa24/userFiles-766eb4e4-d13e-4396-89a2-24003ff79723/org.apache.spark_spark-token-provider-kafka-0-10_2.12-3.5.0.jar
26/02/11 17:12:56 INFO Executor: Fetching file:///root/.ivy2/jars/org.slf4j_slf4j-api-2.0.7.jar with timestamp 1770829974325
26/02/11 17:12:56 INFO Utils: /root/.ivy2/jars/org.slf4j_slf4j-api-2.0.7.jar has been previously copied to /tmp/spark-c6da3678-a7e7-4802-8321-08caeb49fa24/userFiles-766eb4e4-d13e-4396-89a2-24003ff79723/org.slf4j_slf4j-api-2.0.7.jar
26/02/11 17:12:56 INFO Executor: Fetching file:///root/.ivy2/jars/com.amazonaws_aws-java-sdk-bundle-1.12.262.jar with timestamp 1770829974325
26/02/11 17:12:56 INFO Utils: /root/.ivy2/jars/com.amazonaws_aws-java-sdk-bundle-1.12.262.jar has been previously copied to /tmp/spark-c6da3678-a7e7-4802-8321-08caeb49fa24/userFiles-766eb4e4-d13e-4396-89a2-24003ff79723/com.amazonaws_aws-java-sdk-bundle-1.12.262.jar
26/02/11 17:12:56 INFO Executor: Fetching file:///root/.ivy2/jars/org.apache.iceberg_iceberg-spark-runtime-3.5_2.12-1.4.2.jar with timestamp 1770829974325
26/02/11 17:12:56 INFO Utils: /root/.ivy2/jars/org.apache.iceberg_iceberg-spark-runtime-3.5_2.12-1.4.2.jar has been previously copied to /tmp/spark-c6da3678-a7e7-4802-8321-08caeb49fa24/userFiles-766eb4e4-d13e-4396-89a2-24003ff79723/org.apache.iceberg_iceberg-spark-runtime-3.5_2.12-1.4.2.jar
26/02/11 17:12:56 INFO Executor: Fetching file:///root/.ivy2/jars/org.apache.commons_commons-pool2-2.11.1.jar with timestamp 1770829974325
26/02/11 17:12:56 INFO Utils: /root/.ivy2/jars/org.apache.commons_commons-pool2-2.11.1.jar has been previously copied to /tmp/spark-c6da3678-a7e7-4802-8321-08caeb49fa24/userFiles-766eb4e4-d13e-4396-89a2-24003ff79723/org.apache.commons_commons-pool2-2.11.1.jar
26/02/11 17:12:56 INFO Executor: Fetching file:///root/.ivy2/jars/commons-logging_commons-logging-1.1.3.jar with timestamp 1770829974325
26/02/11 17:12:56 INFO Utils: /root/.ivy2/jars/commons-logging_commons-logging-1.1.3.jar has been previously copied to /tmp/spark-c6da3678-a7e7-4802-8321-08caeb49fa24/userFiles-766eb4e4-d13e-4396-89a2-24003ff79723/commons-logging_commons-logging-1.1.3.jar
26/02/11 17:12:56 INFO Executor: Fetching file:///root/.ivy2/jars/org.lz4_lz4-java-1.8.0.jar with timestamp 1770829974325
26/02/11 17:12:56 INFO Utils: /root/.ivy2/jars/org.lz4_lz4-java-1.8.0.jar has been previously copied to /tmp/spark-c6da3678-a7e7-4802-8321-08caeb49fa24/userFiles-766eb4e4-d13e-4396-89a2-24003ff79723/org.lz4_lz4-java-1.8.0.jar
26/02/11 17:12:56 INFO Executor: Fetching file:///root/.ivy2/jars/org.apache.kafka_kafka-clients-3.4.1.jar with timestamp 1770829974325
26/02/11 17:12:56 INFO Utils: /root/.ivy2/jars/org.apache.kafka_kafka-clients-3.4.1.jar has been previously copied to /tmp/spark-c6da3678-a7e7-4802-8321-08caeb49fa24/userFiles-766eb4e4-d13e-4396-89a2-24003ff79723/org.apache.kafka_kafka-clients-3.4.1.jar
26/02/11 17:12:56 INFO Executor: Fetching file:///root/.ivy2/jars/org.wildfly.openssl_wildfly-openssl-1.0.7.Final.jar with timestamp 1770829974325
26/02/11 17:12:56 INFO Utils: /root/.ivy2/jars/org.wildfly.openssl_wildfly-openssl-1.0.7.Final.jar has been previously copied to /tmp/spark-c6da3678-a7e7-4802-8321-08caeb49fa24/userFiles-766eb4e4-d13e-4396-89a2-24003ff79723/org.wildfly.openssl_wildfly-openssl-1.0.7.Final.jar
26/02/11 17:12:56 INFO Executor: Fetching spark://a0cf84f032ea:38335/jars/org.lz4_lz4-java-1.8.0.jar with timestamp 1770829974325
26/02/11 17:12:56 INFO TransportClientFactory: Successfully created connection to a0cf84f032ea/172.22.0.3:38335 after 38 ms (0 ms spent in bootstraps)
26/02/11 17:12:56 INFO Utils: Fetching spark://a0cf84f032ea:38335/jars/org.lz4_lz4-java-1.8.0.jar to /tmp/spark-c6da3678-a7e7-4802-8321-08caeb49fa24/userFiles-766eb4e4-d13e-4396-89a2-24003ff79723/fetchFileTemp8855188816624411777.tmp
26/02/11 17:12:56 INFO Utils: /tmp/spark-c6da3678-a7e7-4802-8321-08caeb49fa24/userFiles-766eb4e4-d13e-4396-89a2-24003ff79723/fetchFileTemp8855188816624411777.tmp has been previously copied to /tmp/spark-c6da3678-a7e7-4802-8321-08caeb49fa24/userFiles-766eb4e4-d13e-4396-89a2-24003ff79723/org.lz4_lz4-java-1.8.0.jar
26/02/11 17:12:56 INFO Executor: Adding file:/tmp/spark-c6da3678-a7e7-4802-8321-08caeb49fa24/userFiles-766eb4e4-d13e-4396-89a2-24003ff79723/org.lz4_lz4-java-1.8.0.jar to class loader default
26/02/11 17:12:56 INFO Executor: Fetching spark://a0cf84f032ea:38335/jars/org.apache.hadoop_hadoop-aws-3.3.4.jar with timestamp 1770829974325
26/02/11 17:12:56 INFO Utils: Fetching spark://a0cf84f032ea:38335/jars/org.apache.hadoop_hadoop-aws-3.3.4.jar to /tmp/spark-c6da3678-a7e7-4802-8321-08caeb49fa24/userFiles-766eb4e4-d13e-4396-89a2-24003ff79723/fetchFileTemp13395240646108858641.tmp
26/02/11 17:12:56 INFO Utils: /tmp/spark-c6da3678-a7e7-4802-8321-08caeb49fa24/userFiles-766eb4e4-d13e-4396-89a2-24003ff79723/fetchFileTemp13395240646108858641.tmp has been previously copied to /tmp/spark-c6da3678-a7e7-4802-8321-08caeb49fa24/userFiles-766eb4e4-d13e-4396-89a2-24003ff79723/org.apache.hadoop_hadoop-aws-3.3.4.jar
26/02/11 17:12:56 INFO Executor: Adding file:/tmp/spark-c6da3678-a7e7-4802-8321-08caeb49fa24/userFiles-766eb4e4-d13e-4396-89a2-24003ff79723/org.apache.hadoop_hadoop-aws-3.3.4.jar to class loader default
26/02/11 17:12:56 INFO Executor: Fetching spark://a0cf84f032ea:38335/jars/org.apache.hadoop_hadoop-client-runtime-3.3.4.jar with timestamp 1770829974325
26/02/11 17:12:56 INFO Utils: Fetching spark://a0cf84f032ea:38335/jars/org.apache.hadoop_hadoop-client-runtime-3.3.4.jar to /tmp/spark-c6da3678-a7e7-4802-8321-08caeb49fa24/userFiles-766eb4e4-d13e-4396-89a2-24003ff79723/fetchFileTemp11477452807950688164.tmp
26/02/11 17:12:57 INFO Utils: /tmp/spark-c6da3678-a7e7-4802-8321-08caeb49fa24/userFiles-766eb4e4-d13e-4396-89a2-24003ff79723/fetchFileTemp11477452807950688164.tmp has been previously copied to /tmp/spark-c6da3678-a7e7-4802-8321-08caeb49fa24/userFiles-766eb4e4-d13e-4396-89a2-24003ff79723/org.apache.hadoop_hadoop-client-runtime-3.3.4.jar
26/02/11 17:12:57 INFO Executor: Adding file:/tmp/spark-c6da3678-a7e7-4802-8321-08caeb49fa24/userFiles-766eb4e4-d13e-4396-89a2-24003ff79723/org.apache.hadoop_hadoop-client-runtime-3.3.4.jar to class loader default
26/02/11 17:12:57 INFO Executor: Fetching spark://a0cf84f032ea:38335/jars/commons-logging_commons-logging-1.1.3.jar with timestamp 1770829974325
26/02/11 17:12:57 INFO Utils: Fetching spark://a0cf84f032ea:38335/jars/commons-logging_commons-logging-1.1.3.jar to /tmp/spark-c6da3678-a7e7-4802-8321-08caeb49fa24/userFiles-766eb4e4-d13e-4396-89a2-24003ff79723/fetchFileTemp15867143203710777607.tmp
26/02/11 17:12:57 INFO Utils: /tmp/spark-c6da3678-a7e7-4802-8321-08caeb49fa24/userFiles-766eb4e4-d13e-4396-89a2-24003ff79723/fetchFileTemp15867143203710777607.tmp has been previously copied to /tmp/spark-c6da3678-a7e7-4802-8321-08caeb49fa24/userFiles-766eb4e4-d13e-4396-89a2-24003ff79723/commons-logging_commons-logging-1.1.3.jar
26/02/11 17:12:57 INFO Executor: Adding file:/tmp/spark-c6da3678-a7e7-4802-8321-08caeb49fa24/userFiles-766eb4e4-d13e-4396-89a2-24003ff79723/commons-logging_commons-logging-1.1.3.jar to class loader default
26/02/11 17:12:57 INFO Executor: Fetching spark://a0cf84f032ea:38335/jars/com.google.code.findbugs_jsr305-3.0.0.jar with timestamp 1770829974325
26/02/11 17:12:57 INFO Utils: Fetching spark://a0cf84f032ea:38335/jars/com.google.code.findbugs_jsr305-3.0.0.jar to /tmp/spark-c6da3678-a7e7-4802-8321-08caeb49fa24/userFiles-766eb4e4-d13e-4396-89a2-24003ff79723/fetchFileTemp16953107664798186408.tmp
26/02/11 17:12:57 INFO Utils: /tmp/spark-c6da3678-a7e7-4802-8321-08caeb49fa24/userFiles-766eb4e4-d13e-4396-89a2-24003ff79723/fetchFileTemp16953107664798186408.tmp has been previously copied to /tmp/spark-c6da3678-a7e7-4802-8321-08caeb49fa24/userFiles-766eb4e4-d13e-4396-89a2-24003ff79723/com.google.code.findbugs_jsr305-3.0.0.jar
26/02/11 17:12:57 INFO Executor: Adding file:/tmp/spark-c6da3678-a7e7-4802-8321-08caeb49fa24/userFiles-766eb4e4-d13e-4396-89a2-24003ff79723/com.google.code.findbugs_jsr305-3.0.0.jar to class loader default
26/02/11 17:12:57 INFO Executor: Fetching spark://a0cf84f032ea:38335/jars/org.apache.spark_spark-sql-kafka-0-10_2.12-3.5.0.jar with timestamp 1770829974325
26/02/11 17:12:57 INFO Utils: Fetching spark://a0cf84f032ea:38335/jars/org.apache.spark_spark-sql-kafka-0-10_2.12-3.5.0.jar to /tmp/spark-c6da3678-a7e7-4802-8321-08caeb49fa24/userFiles-766eb4e4-d13e-4396-89a2-24003ff79723/fetchFileTemp18383768929382059245.tmp
26/02/11 17:12:57 INFO Utils: /tmp/spark-c6da3678-a7e7-4802-8321-08caeb49fa24/userFiles-766eb4e4-d13e-4396-89a2-24003ff79723/fetchFileTemp18383768929382059245.tmp has been previously copied to /tmp/spark-c6da3678-a7e7-4802-8321-08caeb49fa24/userFiles-766eb4e4-d13e-4396-89a2-24003ff79723/org.apache.spark_spark-sql-kafka-0-10_2.12-3.5.0.jar
26/02/11 17:12:57 INFO Executor: Adding file:/tmp/spark-c6da3678-a7e7-4802-8321-08caeb49fa24/userFiles-766eb4e4-d13e-4396-89a2-24003ff79723/org.apache.spark_spark-sql-kafka-0-10_2.12-3.5.0.jar to class loader default
26/02/11 17:12:57 INFO Executor: Fetching spark://a0cf84f032ea:38335/jars/org.apache.spark_spark-token-provider-kafka-0-10_2.12-3.5.0.jar with timestamp 1770829974325
26/02/11 17:12:57 INFO Utils: Fetching spark://a0cf84f032ea:38335/jars/org.apache.spark_spark-token-provider-kafka-0-10_2.12-3.5.0.jar to /tmp/spark-c6da3678-a7e7-4802-8321-08caeb49fa24/userFiles-766eb4e4-d13e-4396-89a2-24003ff79723/fetchFileTemp16075582971078661077.tmp
26/02/11 17:12:57 INFO Utils: /tmp/spark-c6da3678-a7e7-4802-8321-08caeb49fa24/userFiles-766eb4e4-d13e-4396-89a2-24003ff79723/fetchFileTemp16075582971078661077.tmp has been previously copied to /tmp/spark-c6da3678-a7e7-4802-8321-08caeb49fa24/userFiles-766eb4e4-d13e-4396-89a2-24003ff79723/org.apache.spark_spark-token-provider-kafka-0-10_2.12-3.5.0.jar
26/02/11 17:12:57 INFO Executor: Adding file:/tmp/spark-c6da3678-a7e7-4802-8321-08caeb49fa24/userFiles-766eb4e4-d13e-4396-89a2-24003ff79723/org.apache.spark_spark-token-provider-kafka-0-10_2.12-3.5.0.jar to class loader default
26/02/11 17:12:57 INFO Executor: Fetching spark://a0cf84f032ea:38335/jars/com.amazonaws_aws-java-sdk-bundle-1.12.262.jar with timestamp 1770829974325
26/02/11 17:12:57 INFO Utils: Fetching spark://a0cf84f032ea:38335/jars/com.amazonaws_aws-java-sdk-bundle-1.12.262.jar to /tmp/spark-c6da3678-a7e7-4802-8321-08caeb49fa24/userFiles-766eb4e4-d13e-4396-89a2-24003ff79723/fetchFileTemp14705104406944166324.tmp
26/02/11 17:12:59 INFO Utils: /tmp/spark-c6da3678-a7e7-4802-8321-08caeb49fa24/userFiles-766eb4e4-d13e-4396-89a2-24003ff79723/fetchFileTemp14705104406944166324.tmp has been previously copied to /tmp/spark-c6da3678-a7e7-4802-8321-08caeb49fa24/userFiles-766eb4e4-d13e-4396-89a2-24003ff79723/com.amazonaws_aws-java-sdk-bundle-1.12.262.jar
26/02/11 17:12:59 INFO Executor: Adding file:/tmp/spark-c6da3678-a7e7-4802-8321-08caeb49fa24/userFiles-766eb4e4-d13e-4396-89a2-24003ff79723/com.amazonaws_aws-java-sdk-bundle-1.12.262.jar to class loader default
26/02/11 17:12:59 INFO Executor: Fetching spark://a0cf84f032ea:38335/jars/org.apache.kafka_kafka-clients-3.4.1.jar with timestamp 1770829974325
26/02/11 17:12:59 INFO Utils: Fetching spark://a0cf84f032ea:38335/jars/org.apache.kafka_kafka-clients-3.4.1.jar to /tmp/spark-c6da3678-a7e7-4802-8321-08caeb49fa24/userFiles-766eb4e4-d13e-4396-89a2-24003ff79723/fetchFileTemp3125644656942416439.tmp
26/02/11 17:12:59 INFO Utils: /tmp/spark-c6da3678-a7e7-4802-8321-08caeb49fa24/userFiles-766eb4e4-d13e-4396-89a2-24003ff79723/fetchFileTemp3125644656942416439.tmp has been previously copied to /tmp/spark-c6da3678-a7e7-4802-8321-08caeb49fa24/userFiles-766eb4e4-d13e-4396-89a2-24003ff79723/org.apache.kafka_kafka-clients-3.4.1.jar
26/02/11 17:12:59 INFO Executor: Adding file:/tmp/spark-c6da3678-a7e7-4802-8321-08caeb49fa24/userFiles-766eb4e4-d13e-4396-89a2-24003ff79723/org.apache.kafka_kafka-clients-3.4.1.jar to class loader default
26/02/11 17:12:59 INFO Executor: Fetching spark://a0cf84f032ea:38335/jars/org.apache.iceberg_iceberg-spark-runtime-3.5_2.12-1.4.2.jar with timestamp 1770829974325
26/02/11 17:12:59 INFO Utils: Fetching spark://a0cf84f032ea:38335/jars/org.apache.iceberg_iceberg-spark-runtime-3.5_2.12-1.4.2.jar to /tmp/spark-c6da3678-a7e7-4802-8321-08caeb49fa24/userFiles-766eb4e4-d13e-4396-89a2-24003ff79723/fetchFileTemp15406496627505857120.tmp
26/02/11 17:12:59 INFO Utils: /tmp/spark-c6da3678-a7e7-4802-8321-08caeb49fa24/userFiles-766eb4e4-d13e-4396-89a2-24003ff79723/fetchFileTemp15406496627505857120.tmp has been previously copied to /tmp/spark-c6da3678-a7e7-4802-8321-08caeb49fa24/userFiles-766eb4e4-d13e-4396-89a2-24003ff79723/org.apache.iceberg_iceberg-spark-runtime-3.5_2.12-1.4.2.jar
26/02/11 17:12:59 INFO Executor: Adding file:/tmp/spark-c6da3678-a7e7-4802-8321-08caeb49fa24/userFiles-766eb4e4-d13e-4396-89a2-24003ff79723/org.apache.iceberg_iceberg-spark-runtime-3.5_2.12-1.4.2.jar to class loader default
26/02/11 17:12:59 INFO Executor: Fetching spark://a0cf84f032ea:38335/jars/org.apache.commons_commons-pool2-2.11.1.jar with timestamp 1770829974325
26/02/11 17:12:59 INFO Utils: Fetching spark://a0cf84f032ea:38335/jars/org.apache.commons_commons-pool2-2.11.1.jar to /tmp/spark-c6da3678-a7e7-4802-8321-08caeb49fa24/userFiles-766eb4e4-d13e-4396-89a2-24003ff79723/fetchFileTemp7662965449536959631.tmp
26/02/11 17:12:59 INFO Utils: /tmp/spark-c6da3678-a7e7-4802-8321-08caeb49fa24/userFiles-766eb4e4-d13e-4396-89a2-24003ff79723/fetchFileTemp7662965449536959631.tmp has been previously copied to /tmp/spark-c6da3678-a7e7-4802-8321-08caeb49fa24/userFiles-766eb4e4-d13e-4396-89a2-24003ff79723/org.apache.commons_commons-pool2-2.11.1.jar
26/02/11 17:12:59 INFO Executor: Adding file:/tmp/spark-c6da3678-a7e7-4802-8321-08caeb49fa24/userFiles-766eb4e4-d13e-4396-89a2-24003ff79723/org.apache.commons_commons-pool2-2.11.1.jar to class loader default
26/02/11 17:12:59 INFO Executor: Fetching spark://a0cf84f032ea:38335/jars/org.xerial.snappy_snappy-java-1.1.10.3.jar with timestamp 1770829974325
26/02/11 17:12:59 INFO Utils: Fetching spark://a0cf84f032ea:38335/jars/org.xerial.snappy_snappy-java-1.1.10.3.jar to /tmp/spark-c6da3678-a7e7-4802-8321-08caeb49fa24/userFiles-766eb4e4-d13e-4396-89a2-24003ff79723/fetchFileTemp6958973159373691879.tmp
26/02/11 17:12:59 INFO Utils: /tmp/spark-c6da3678-a7e7-4802-8321-08caeb49fa24/userFiles-766eb4e4-d13e-4396-89a2-24003ff79723/fetchFileTemp6958973159373691879.tmp has been previously copied to /tmp/spark-c6da3678-a7e7-4802-8321-08caeb49fa24/userFiles-766eb4e4-d13e-4396-89a2-24003ff79723/org.xerial.snappy_snappy-java-1.1.10.3.jar
26/02/11 17:12:59 INFO Executor: Adding file:/tmp/spark-c6da3678-a7e7-4802-8321-08caeb49fa24/userFiles-766eb4e4-d13e-4396-89a2-24003ff79723/org.xerial.snappy_snappy-java-1.1.10.3.jar to class loader default
26/02/11 17:12:59 INFO Executor: Fetching spark://a0cf84f032ea:38335/jars/org.slf4j_slf4j-api-2.0.7.jar with timestamp 1770829974325
26/02/11 17:12:59 INFO Utils: Fetching spark://a0cf84f032ea:38335/jars/org.slf4j_slf4j-api-2.0.7.jar to /tmp/spark-c6da3678-a7e7-4802-8321-08caeb49fa24/userFiles-766eb4e4-d13e-4396-89a2-24003ff79723/fetchFileTemp7083397215379747176.tmp
26/02/11 17:12:59 INFO Utils: /tmp/spark-c6da3678-a7e7-4802-8321-08caeb49fa24/userFiles-766eb4e4-d13e-4396-89a2-24003ff79723/fetchFileTemp7083397215379747176.tmp has been previously copied to /tmp/spark-c6da3678-a7e7-4802-8321-08caeb49fa24/userFiles-766eb4e4-d13e-4396-89a2-24003ff79723/org.slf4j_slf4j-api-2.0.7.jar
26/02/11 17:12:59 INFO Executor: Adding file:/tmp/spark-c6da3678-a7e7-4802-8321-08caeb49fa24/userFiles-766eb4e4-d13e-4396-89a2-24003ff79723/org.slf4j_slf4j-api-2.0.7.jar to class loader default
26/02/11 17:12:59 INFO Executor: Fetching spark://a0cf84f032ea:38335/jars/org.wildfly.openssl_wildfly-openssl-1.0.7.Final.jar with timestamp 1770829974325
26/02/11 17:12:59 INFO Utils: Fetching spark://a0cf84f032ea:38335/jars/org.wildfly.openssl_wildfly-openssl-1.0.7.Final.jar to /tmp/spark-c6da3678-a7e7-4802-8321-08caeb49fa24/userFiles-766eb4e4-d13e-4396-89a2-24003ff79723/fetchFileTemp9122046868339637884.tmp
26/02/11 17:12:59 INFO Utils: /tmp/spark-c6da3678-a7e7-4802-8321-08caeb49fa24/userFiles-766eb4e4-d13e-4396-89a2-24003ff79723/fetchFileTemp9122046868339637884.tmp has been previously copied to /tmp/spark-c6da3678-a7e7-4802-8321-08caeb49fa24/userFiles-766eb4e4-d13e-4396-89a2-24003ff79723/org.wildfly.openssl_wildfly-openssl-1.0.7.Final.jar
26/02/11 17:12:59 INFO Executor: Adding file:/tmp/spark-c6da3678-a7e7-4802-8321-08caeb49fa24/userFiles-766eb4e4-d13e-4396-89a2-24003ff79723/org.wildfly.openssl_wildfly-openssl-1.0.7.Final.jar to class loader default
26/02/11 17:12:59 INFO Executor: Fetching spark://a0cf84f032ea:38335/jars/org.apache.hadoop_hadoop-client-api-3.3.4.jar with timestamp 1770829974325
26/02/11 17:12:59 INFO Utils: Fetching spark://a0cf84f032ea:38335/jars/org.apache.hadoop_hadoop-client-api-3.3.4.jar to /tmp/spark-c6da3678-a7e7-4802-8321-08caeb49fa24/userFiles-766eb4e4-d13e-4396-89a2-24003ff79723/fetchFileTemp13306814181282990618.tmp
26/02/11 17:12:59 INFO Utils: /tmp/spark-c6da3678-a7e7-4802-8321-08caeb49fa24/userFiles-766eb4e4-d13e-4396-89a2-24003ff79723/fetchFileTemp13306814181282990618.tmp has been previously copied to /tmp/spark-c6da3678-a7e7-4802-8321-08caeb49fa24/userFiles-766eb4e4-d13e-4396-89a2-24003ff79723/org.apache.hadoop_hadoop-client-api-3.3.4.jar
26/02/11 17:13:00 INFO Executor: Adding file:/tmp/spark-c6da3678-a7e7-4802-8321-08caeb49fa24/userFiles-766eb4e4-d13e-4396-89a2-24003ff79723/org.apache.hadoop_hadoop-client-api-3.3.4.jar to class loader default
26/02/11 17:13:00 INFO Utils: Successfully started service 'org.apache.spark.network.netty.NettyBlockTransferService' on port 46103.
26/02/11 17:13:00 INFO NettyBlockTransferService: Server created on a0cf84f032ea:46103
26/02/11 17:13:00 INFO BlockManager: Using org.apache.spark.storage.RandomBlockReplicationPolicy for block replication policy
26/02/11 17:13:00 INFO BlockManagerMaster: Registering BlockManager BlockManagerId(driver, a0cf84f032ea, 46103, None)
26/02/11 17:13:00 INFO BlockManagerMasterEndpoint: Registering block manager a0cf84f032ea:46103 with 434.4 MiB RAM, BlockManagerId(driver, a0cf84f032ea, 46103, None)
26/02/11 17:13:00 INFO BlockManagerMaster: Registered BlockManager BlockManagerId(driver, a0cf84f032ea, 46103, None)
26/02/11 17:13:00 INFO BlockManager: Initialized BlockManager: BlockManagerId(driver, a0cf84f032ea, 46103, None)
INFO:__main__:Spark Session Created
26/02/11 17:13:01 INFO SharedState: Setting hive.metastore.warehouse.dir ('null') to the value of spark.sql.warehouse.dir.
26/02/11 17:13:01 INFO SharedState: Warehouse path is 'file:/opt/spark/work-dir/spark-warehouse'.
26/02/11 17:13:05 INFO CatalogUtil: Loading custom FileIO implementation: org.apache.iceberg.aws.s3.S3FileIO
Traceback (most recent call last):
  File "/opt/spark/work-dir/src/processing/streaming/stream_to_bronze.py", line 60, in <module>
    main()
  File "/opt/spark/work-dir/src/processing/streaming/stream_to_bronze.py", line 46, in main
    spark.sql("CREATE DATABASE IF NOT EXISTS cryptolake.bronze")
  File "/opt/spark/python/lib/pyspark.zip/pyspark/sql/session.py", line 1631, in sql
  File "/opt/spark/python/lib/py4j-0.10.9.7-src.zip/py4j/java_gateway.py", line 1322, in __call__
  File "/opt/spark/python/lib/pyspark.zip/pyspark/errors/exceptions/captured.py", line 185, in deco
pyspark.errors.exceptions.captured.IllegalArgumentException: Cannot initialize FileIO, missing no-arg constructor: org.apache.iceberg.aws.s3.S3FileIO
26/02/11 17:13:05 INFO SparkContext: Invoking stop() from shutdown hook
26/02/11 17:13:05 INFO SparkContext: SparkContext is stopping with exitCode 0.
26/02/11 17:13:05 INFO SparkUI: Stopped Spark web UI at http://a0cf84f032ea:4040
26/02/11 17:13:05 INFO MapOutputTrackerMasterEndpoint: MapOutputTrackerMasterEndpoint stopped!
26/02/11 17:13:05 INFO MemoryStore: MemoryStore cleared
26/02/11 17:13:05 INFO BlockManager: BlockManager stopped
26/02/11 17:13:05 INFO BlockManagerMaster: BlockManagerMaster stopped
26/02/11 17:13:05 INFO OutputCommitCoordinator$OutputCommitCoordinatorEndpoint: OutputCommitCoordinator stopped!
26/02/11 17:13:05 INFO SparkContext: Successfully stopped SparkContext
26/02/11 17:13:05 INFO ShutdownHookManager: Shutdown hook called
26/02/11 17:13:05 INFO ShutdownHookManager: Deleting directory /tmp/spark-c6da3678-a7e7-4802-8321-08caeb49fa24
26/02/11 17:13:05 INFO ShutdownHookManager: Deleting directory /tmp/spark-a700277a-3c97-4c98-a490-0a3c24862366
26/02/11 17:13:05 INFO ShutdownHookManager: Deleting directory /tmp/spark-c6da3678-a7e7-4802-8321-08caeb49fa24/pyspark-36d15ff4-cb87-40f1-9aa1-3990de3427ea
