:: loading settings :: url = jar:file:/opt/spark/jars/ivy-2.5.1.jar!/org/apache/ivy/core/settings/ivysettings.xml
Ivy Default Cache set to: /root/.ivy2/cache
The jars for the packages stored in: /root/.ivy2/jars
org.apache.iceberg#iceberg-spark-runtime-3.5_2.12 added as a dependency
org.apache.hadoop#hadoop-aws added as a dependency
org.apache.spark#spark-sql-kafka-0-10_2.12 added as a dependency
:: resolving dependencies :: org.apache.spark#spark-submit-parent-9bce7537-2734-473f-b819-53dcb6793a34;1.0
	confs: [default]
	found org.apache.iceberg#iceberg-spark-runtime-3.5_2.12;1.4.2 in central
	found org.apache.hadoop#hadoop-aws;3.3.4 in central
	found com.amazonaws#aws-java-sdk-bundle;1.12.262 in central
	found org.wildfly.openssl#wildfly-openssl;1.0.7.Final in central
	found org.apache.spark#spark-sql-kafka-0-10_2.12;3.5.0 in central
	found org.apache.spark#spark-token-provider-kafka-0-10_2.12;3.5.0 in central
	found org.apache.kafka#kafka-clients;3.4.1 in central
	found org.lz4#lz4-java;1.8.0 in central
	found org.xerial.snappy#snappy-java;1.1.10.3 in central
	found org.slf4j#slf4j-api;2.0.7 in central
	found org.apache.hadoop#hadoop-client-runtime;3.3.4 in central
	found org.apache.hadoop#hadoop-client-api;3.3.4 in central
	found commons-logging#commons-logging;1.1.3 in central
	found com.google.code.findbugs#jsr305;3.0.0 in central
	found org.apache.commons#commons-pool2;2.11.1 in central
:: resolution report :: resolve 1007ms :: artifacts dl 46ms
	:: modules in use:
	com.amazonaws#aws-java-sdk-bundle;1.12.262 from central in [default]
	com.google.code.findbugs#jsr305;3.0.0 from central in [default]
	commons-logging#commons-logging;1.1.3 from central in [default]
	org.apache.commons#commons-pool2;2.11.1 from central in [default]
	org.apache.hadoop#hadoop-aws;3.3.4 from central in [default]
	org.apache.hadoop#hadoop-client-api;3.3.4 from central in [default]
	org.apache.hadoop#hadoop-client-runtime;3.3.4 from central in [default]
	org.apache.iceberg#iceberg-spark-runtime-3.5_2.12;1.4.2 from central in [default]
	org.apache.kafka#kafka-clients;3.4.1 from central in [default]
	org.apache.spark#spark-sql-kafka-0-10_2.12;3.5.0 from central in [default]
	org.apache.spark#spark-token-provider-kafka-0-10_2.12;3.5.0 from central in [default]
	org.lz4#lz4-java;1.8.0 from central in [default]
	org.slf4j#slf4j-api;2.0.7 from central in [default]
	org.wildfly.openssl#wildfly-openssl;1.0.7.Final from central in [default]
	org.xerial.snappy#snappy-java;1.1.10.3 from central in [default]
	---------------------------------------------------------------------
	|                  |            modules            ||   artifacts   |
	|       conf       | number| search|dwnlded|evicted|| number|dwnlded|
	---------------------------------------------------------------------
	|      default     |   15  |   0   |   0   |   0   ||   15  |   0   |
	---------------------------------------------------------------------
:: retrieving :: org.apache.spark#spark-submit-parent-9bce7537-2734-473f-b819-53dcb6793a34
	confs: [default]
	0 artifacts copied, 15 already retrieved (0kB/19ms)
26/02/11 17:34:28 WARN NativeCodeLoader: Unable to load native-hadoop library for your platform... using builtin-java classes where applicable
26/02/11 17:34:34 INFO SparkContext: Running Spark version 3.5.0
26/02/11 17:34:34 INFO SparkContext: OS info Linux, 6.6.87.2-microsoft-standard-WSL2, amd64
26/02/11 17:34:34 INFO SparkContext: Java version 11.0.20.1
26/02/11 17:34:34 INFO ResourceUtils: ==============================================================
26/02/11 17:34:34 INFO ResourceUtils: No custom resources configured for spark.driver.
26/02/11 17:34:34 INFO ResourceUtils: ==============================================================
26/02/11 17:34:34 INFO SparkContext: Submitted application: CryptoLake-StreamToBronze
26/02/11 17:34:34 INFO ResourceProfile: Default ResourceProfile created, executor resources: Map(cores -> name: cores, amount: 1, script: , vendor: , memory -> name: memory, amount: 1024, script: , vendor: , offHeap -> name: offHeap, amount: 0, script: , vendor: ), task resources: Map(cpus -> name: cpus, amount: 1.0)
26/02/11 17:34:34 INFO ResourceProfile: Limiting resource is cpu
26/02/11 17:34:34 INFO ResourceProfileManager: Added ResourceProfile id: 0
26/02/11 17:34:34 INFO SecurityManager: Changing view acls to: root
26/02/11 17:34:34 INFO SecurityManager: Changing modify acls to: root
26/02/11 17:34:34 INFO SecurityManager: Changing view acls groups to: 
26/02/11 17:34:34 INFO SecurityManager: Changing modify acls groups to: 
26/02/11 17:34:34 INFO SecurityManager: SecurityManager: authentication disabled; ui acls disabled; users with view permissions: root; groups with view permissions: EMPTY; users with modify permissions: root; groups with modify permissions: EMPTY
26/02/11 17:34:34 INFO Utils: Successfully started service 'sparkDriver' on port 35713.
26/02/11 17:34:34 INFO SparkEnv: Registering MapOutputTracker
26/02/11 17:34:34 INFO SparkEnv: Registering BlockManagerMaster
26/02/11 17:34:34 INFO BlockManagerMasterEndpoint: Using org.apache.spark.storage.DefaultTopologyMapper for getting topology information
26/02/11 17:34:34 INFO BlockManagerMasterEndpoint: BlockManagerMasterEndpoint up
26/02/11 17:34:34 INFO SparkEnv: Registering BlockManagerMasterHeartbeat
26/02/11 17:34:34 INFO DiskBlockManager: Created local directory at /tmp/blockmgr-468bd2b7-cbe9-4447-8c97-a1882be2ae3b
26/02/11 17:34:34 INFO MemoryStore: MemoryStore started with capacity 434.4 MiB
26/02/11 17:34:34 INFO SparkEnv: Registering OutputCommitCoordinator
26/02/11 17:34:35 INFO JettyUtils: Start Jetty 0.0.0.0:4040 for SparkUI
26/02/11 17:34:35 INFO Utils: Successfully started service 'SparkUI' on port 4040.
26/02/11 17:34:35 INFO SparkContext: Added JAR file:///root/.ivy2/jars/org.apache.iceberg_iceberg-spark-runtime-3.5_2.12-1.4.2.jar at spark://a0cf84f032ea:35713/jars/org.apache.iceberg_iceberg-spark-runtime-3.5_2.12-1.4.2.jar with timestamp 1770831274100
26/02/11 17:34:35 INFO SparkContext: Added JAR file:///root/.ivy2/jars/org.apache.hadoop_hadoop-aws-3.3.4.jar at spark://a0cf84f032ea:35713/jars/org.apache.hadoop_hadoop-aws-3.3.4.jar with timestamp 1770831274100
26/02/11 17:34:35 INFO SparkContext: Added JAR file:///root/.ivy2/jars/org.apache.spark_spark-sql-kafka-0-10_2.12-3.5.0.jar at spark://a0cf84f032ea:35713/jars/org.apache.spark_spark-sql-kafka-0-10_2.12-3.5.0.jar with timestamp 1770831274100
26/02/11 17:34:35 INFO SparkContext: Added JAR file:///root/.ivy2/jars/com.amazonaws_aws-java-sdk-bundle-1.12.262.jar at spark://a0cf84f032ea:35713/jars/com.amazonaws_aws-java-sdk-bundle-1.12.262.jar with timestamp 1770831274100
26/02/11 17:34:35 INFO SparkContext: Added JAR file:///root/.ivy2/jars/org.wildfly.openssl_wildfly-openssl-1.0.7.Final.jar at spark://a0cf84f032ea:35713/jars/org.wildfly.openssl_wildfly-openssl-1.0.7.Final.jar with timestamp 1770831274100
26/02/11 17:34:35 INFO SparkContext: Added JAR file:///root/.ivy2/jars/org.apache.spark_spark-token-provider-kafka-0-10_2.12-3.5.0.jar at spark://a0cf84f032ea:35713/jars/org.apache.spark_spark-token-provider-kafka-0-10_2.12-3.5.0.jar with timestamp 1770831274100
26/02/11 17:34:35 INFO SparkContext: Added JAR file:///root/.ivy2/jars/org.apache.kafka_kafka-clients-3.4.1.jar at spark://a0cf84f032ea:35713/jars/org.apache.kafka_kafka-clients-3.4.1.jar with timestamp 1770831274100
26/02/11 17:34:35 INFO SparkContext: Added JAR file:///root/.ivy2/jars/com.google.code.findbugs_jsr305-3.0.0.jar at spark://a0cf84f032ea:35713/jars/com.google.code.findbugs_jsr305-3.0.0.jar with timestamp 1770831274100
26/02/11 17:34:35 INFO SparkContext: Added JAR file:///root/.ivy2/jars/org.apache.commons_commons-pool2-2.11.1.jar at spark://a0cf84f032ea:35713/jars/org.apache.commons_commons-pool2-2.11.1.jar with timestamp 1770831274100
26/02/11 17:34:35 INFO SparkContext: Added JAR file:///root/.ivy2/jars/org.apache.hadoop_hadoop-client-runtime-3.3.4.jar at spark://a0cf84f032ea:35713/jars/org.apache.hadoop_hadoop-client-runtime-3.3.4.jar with timestamp 1770831274100
26/02/11 17:34:35 INFO SparkContext: Added JAR file:///root/.ivy2/jars/org.lz4_lz4-java-1.8.0.jar at spark://a0cf84f032ea:35713/jars/org.lz4_lz4-java-1.8.0.jar with timestamp 1770831274100
26/02/11 17:34:35 INFO SparkContext: Added JAR file:///root/.ivy2/jars/org.xerial.snappy_snappy-java-1.1.10.3.jar at spark://a0cf84f032ea:35713/jars/org.xerial.snappy_snappy-java-1.1.10.3.jar with timestamp 1770831274100
26/02/11 17:34:35 INFO SparkContext: Added JAR file:///root/.ivy2/jars/org.slf4j_slf4j-api-2.0.7.jar at spark://a0cf84f032ea:35713/jars/org.slf4j_slf4j-api-2.0.7.jar with timestamp 1770831274100
26/02/11 17:34:35 INFO SparkContext: Added JAR file:///root/.ivy2/jars/org.apache.hadoop_hadoop-client-api-3.3.4.jar at spark://a0cf84f032ea:35713/jars/org.apache.hadoop_hadoop-client-api-3.3.4.jar with timestamp 1770831274100
26/02/11 17:34:35 INFO SparkContext: Added JAR file:///root/.ivy2/jars/commons-logging_commons-logging-1.1.3.jar at spark://a0cf84f032ea:35713/jars/commons-logging_commons-logging-1.1.3.jar with timestamp 1770831274100
26/02/11 17:34:35 INFO SparkContext: Added file file:///root/.ivy2/jars/org.apache.iceberg_iceberg-spark-runtime-3.5_2.12-1.4.2.jar at file:///root/.ivy2/jars/org.apache.iceberg_iceberg-spark-runtime-3.5_2.12-1.4.2.jar with timestamp 1770831274100
26/02/11 17:34:35 INFO Utils: Copying /root/.ivy2/jars/org.apache.iceberg_iceberg-spark-runtime-3.5_2.12-1.4.2.jar to /tmp/spark-a043e9b5-4677-406f-a2b0-4832e9c1d7b2/userFiles-3576f23d-b167-400d-9cf1-96940b896ae9/org.apache.iceberg_iceberg-spark-runtime-3.5_2.12-1.4.2.jar
26/02/11 17:34:35 INFO SparkContext: Added file file:///root/.ivy2/jars/org.apache.hadoop_hadoop-aws-3.3.4.jar at file:///root/.ivy2/jars/org.apache.hadoop_hadoop-aws-3.3.4.jar with timestamp 1770831274100
26/02/11 17:34:35 INFO Utils: Copying /root/.ivy2/jars/org.apache.hadoop_hadoop-aws-3.3.4.jar to /tmp/spark-a043e9b5-4677-406f-a2b0-4832e9c1d7b2/userFiles-3576f23d-b167-400d-9cf1-96940b896ae9/org.apache.hadoop_hadoop-aws-3.3.4.jar
26/02/11 17:34:35 INFO SparkContext: Added file file:///root/.ivy2/jars/org.apache.spark_spark-sql-kafka-0-10_2.12-3.5.0.jar at file:///root/.ivy2/jars/org.apache.spark_spark-sql-kafka-0-10_2.12-3.5.0.jar with timestamp 1770831274100
26/02/11 17:34:35 INFO Utils: Copying /root/.ivy2/jars/org.apache.spark_spark-sql-kafka-0-10_2.12-3.5.0.jar to /tmp/spark-a043e9b5-4677-406f-a2b0-4832e9c1d7b2/userFiles-3576f23d-b167-400d-9cf1-96940b896ae9/org.apache.spark_spark-sql-kafka-0-10_2.12-3.5.0.jar
26/02/11 17:34:35 INFO SparkContext: Added file file:///root/.ivy2/jars/com.amazonaws_aws-java-sdk-bundle-1.12.262.jar at file:///root/.ivy2/jars/com.amazonaws_aws-java-sdk-bundle-1.12.262.jar with timestamp 1770831274100
26/02/11 17:34:35 INFO Utils: Copying /root/.ivy2/jars/com.amazonaws_aws-java-sdk-bundle-1.12.262.jar to /tmp/spark-a043e9b5-4677-406f-a2b0-4832e9c1d7b2/userFiles-3576f23d-b167-400d-9cf1-96940b896ae9/com.amazonaws_aws-java-sdk-bundle-1.12.262.jar
26/02/11 17:34:36 INFO SparkContext: Added file file:///root/.ivy2/jars/org.wildfly.openssl_wildfly-openssl-1.0.7.Final.jar at file:///root/.ivy2/jars/org.wildfly.openssl_wildfly-openssl-1.0.7.Final.jar with timestamp 1770831274100
26/02/11 17:34:36 INFO Utils: Copying /root/.ivy2/jars/org.wildfly.openssl_wildfly-openssl-1.0.7.Final.jar to /tmp/spark-a043e9b5-4677-406f-a2b0-4832e9c1d7b2/userFiles-3576f23d-b167-400d-9cf1-96940b896ae9/org.wildfly.openssl_wildfly-openssl-1.0.7.Final.jar
26/02/11 17:34:36 INFO SparkContext: Added file file:///root/.ivy2/jars/org.apache.spark_spark-token-provider-kafka-0-10_2.12-3.5.0.jar at file:///root/.ivy2/jars/org.apache.spark_spark-token-provider-kafka-0-10_2.12-3.5.0.jar with timestamp 1770831274100
26/02/11 17:34:36 INFO Utils: Copying /root/.ivy2/jars/org.apache.spark_spark-token-provider-kafka-0-10_2.12-3.5.0.jar to /tmp/spark-a043e9b5-4677-406f-a2b0-4832e9c1d7b2/userFiles-3576f23d-b167-400d-9cf1-96940b896ae9/org.apache.spark_spark-token-provider-kafka-0-10_2.12-3.5.0.jar
26/02/11 17:34:36 INFO SparkContext: Added file file:///root/.ivy2/jars/org.apache.kafka_kafka-clients-3.4.1.jar at file:///root/.ivy2/jars/org.apache.kafka_kafka-clients-3.4.1.jar with timestamp 1770831274100
26/02/11 17:34:36 INFO Utils: Copying /root/.ivy2/jars/org.apache.kafka_kafka-clients-3.4.1.jar to /tmp/spark-a043e9b5-4677-406f-a2b0-4832e9c1d7b2/userFiles-3576f23d-b167-400d-9cf1-96940b896ae9/org.apache.kafka_kafka-clients-3.4.1.jar
26/02/11 17:34:36 INFO SparkContext: Added file file:///root/.ivy2/jars/com.google.code.findbugs_jsr305-3.0.0.jar at file:///root/.ivy2/jars/com.google.code.findbugs_jsr305-3.0.0.jar with timestamp 1770831274100
26/02/11 17:34:36 INFO Utils: Copying /root/.ivy2/jars/com.google.code.findbugs_jsr305-3.0.0.jar to /tmp/spark-a043e9b5-4677-406f-a2b0-4832e9c1d7b2/userFiles-3576f23d-b167-400d-9cf1-96940b896ae9/com.google.code.findbugs_jsr305-3.0.0.jar
26/02/11 17:34:36 INFO SparkContext: Added file file:///root/.ivy2/jars/org.apache.commons_commons-pool2-2.11.1.jar at file:///root/.ivy2/jars/org.apache.commons_commons-pool2-2.11.1.jar with timestamp 1770831274100
26/02/11 17:34:36 INFO Utils: Copying /root/.ivy2/jars/org.apache.commons_commons-pool2-2.11.1.jar to /tmp/spark-a043e9b5-4677-406f-a2b0-4832e9c1d7b2/userFiles-3576f23d-b167-400d-9cf1-96940b896ae9/org.apache.commons_commons-pool2-2.11.1.jar
26/02/11 17:34:36 INFO SparkContext: Added file file:///root/.ivy2/jars/org.apache.hadoop_hadoop-client-runtime-3.3.4.jar at file:///root/.ivy2/jars/org.apache.hadoop_hadoop-client-runtime-3.3.4.jar with timestamp 1770831274100
26/02/11 17:34:36 INFO Utils: Copying /root/.ivy2/jars/org.apache.hadoop_hadoop-client-runtime-3.3.4.jar to /tmp/spark-a043e9b5-4677-406f-a2b0-4832e9c1d7b2/userFiles-3576f23d-b167-400d-9cf1-96940b896ae9/org.apache.hadoop_hadoop-client-runtime-3.3.4.jar
26/02/11 17:34:36 INFO SparkContext: Added file file:///root/.ivy2/jars/org.lz4_lz4-java-1.8.0.jar at file:///root/.ivy2/jars/org.lz4_lz4-java-1.8.0.jar with timestamp 1770831274100
26/02/11 17:34:36 INFO Utils: Copying /root/.ivy2/jars/org.lz4_lz4-java-1.8.0.jar to /tmp/spark-a043e9b5-4677-406f-a2b0-4832e9c1d7b2/userFiles-3576f23d-b167-400d-9cf1-96940b896ae9/org.lz4_lz4-java-1.8.0.jar
26/02/11 17:34:36 INFO SparkContext: Added file file:///root/.ivy2/jars/org.xerial.snappy_snappy-java-1.1.10.3.jar at file:///root/.ivy2/jars/org.xerial.snappy_snappy-java-1.1.10.3.jar with timestamp 1770831274100
26/02/11 17:34:36 INFO Utils: Copying /root/.ivy2/jars/org.xerial.snappy_snappy-java-1.1.10.3.jar to /tmp/spark-a043e9b5-4677-406f-a2b0-4832e9c1d7b2/userFiles-3576f23d-b167-400d-9cf1-96940b896ae9/org.xerial.snappy_snappy-java-1.1.10.3.jar
26/02/11 17:34:36 INFO SparkContext: Added file file:///root/.ivy2/jars/org.slf4j_slf4j-api-2.0.7.jar at file:///root/.ivy2/jars/org.slf4j_slf4j-api-2.0.7.jar with timestamp 1770831274100
26/02/11 17:34:36 INFO Utils: Copying /root/.ivy2/jars/org.slf4j_slf4j-api-2.0.7.jar to /tmp/spark-a043e9b5-4677-406f-a2b0-4832e9c1d7b2/userFiles-3576f23d-b167-400d-9cf1-96940b896ae9/org.slf4j_slf4j-api-2.0.7.jar
26/02/11 17:34:36 INFO SparkContext: Added file file:///root/.ivy2/jars/org.apache.hadoop_hadoop-client-api-3.3.4.jar at file:///root/.ivy2/jars/org.apache.hadoop_hadoop-client-api-3.3.4.jar with timestamp 1770831274100
26/02/11 17:34:36 INFO Utils: Copying /root/.ivy2/jars/org.apache.hadoop_hadoop-client-api-3.3.4.jar to /tmp/spark-a043e9b5-4677-406f-a2b0-4832e9c1d7b2/userFiles-3576f23d-b167-400d-9cf1-96940b896ae9/org.apache.hadoop_hadoop-client-api-3.3.4.jar
26/02/11 17:34:36 INFO SparkContext: Added file file:///root/.ivy2/jars/commons-logging_commons-logging-1.1.3.jar at file:///root/.ivy2/jars/commons-logging_commons-logging-1.1.3.jar with timestamp 1770831274100
26/02/11 17:34:36 INFO Utils: Copying /root/.ivy2/jars/commons-logging_commons-logging-1.1.3.jar to /tmp/spark-a043e9b5-4677-406f-a2b0-4832e9c1d7b2/userFiles-3576f23d-b167-400d-9cf1-96940b896ae9/commons-logging_commons-logging-1.1.3.jar
26/02/11 17:34:36 INFO Executor: Starting executor ID driver on host a0cf84f032ea
26/02/11 17:34:36 INFO Executor: OS info Linux, 6.6.87.2-microsoft-standard-WSL2, amd64
26/02/11 17:34:36 INFO Executor: Java version 11.0.20.1
26/02/11 17:34:36 INFO Executor: Starting executor with user classpath (userClassPathFirst = false): ''
26/02/11 17:34:36 INFO Executor: Created or updated repl class loader org.apache.spark.util.MutableURLClassLoader@7490ed5e for default.
26/02/11 17:34:36 INFO Executor: Fetching file:///root/.ivy2/jars/org.apache.spark_spark-sql-kafka-0-10_2.12-3.5.0.jar with timestamp 1770831274100
26/02/11 17:34:36 INFO Utils: /root/.ivy2/jars/org.apache.spark_spark-sql-kafka-0-10_2.12-3.5.0.jar has been previously copied to /tmp/spark-a043e9b5-4677-406f-a2b0-4832e9c1d7b2/userFiles-3576f23d-b167-400d-9cf1-96940b896ae9/org.apache.spark_spark-sql-kafka-0-10_2.12-3.5.0.jar
26/02/11 17:34:36 INFO Executor: Fetching file:///root/.ivy2/jars/org.apache.hadoop_hadoop-client-api-3.3.4.jar with timestamp 1770831274100
26/02/11 17:34:36 INFO Utils: /root/.ivy2/jars/org.apache.hadoop_hadoop-client-api-3.3.4.jar has been previously copied to /tmp/spark-a043e9b5-4677-406f-a2b0-4832e9c1d7b2/userFiles-3576f23d-b167-400d-9cf1-96940b896ae9/org.apache.hadoop_hadoop-client-api-3.3.4.jar
26/02/11 17:34:36 INFO Executor: Fetching file:///root/.ivy2/jars/com.google.code.findbugs_jsr305-3.0.0.jar with timestamp 1770831274100
26/02/11 17:34:36 INFO Utils: /root/.ivy2/jars/com.google.code.findbugs_jsr305-3.0.0.jar has been previously copied to /tmp/spark-a043e9b5-4677-406f-a2b0-4832e9c1d7b2/userFiles-3576f23d-b167-400d-9cf1-96940b896ae9/com.google.code.findbugs_jsr305-3.0.0.jar
26/02/11 17:34:36 INFO Executor: Fetching file:///root/.ivy2/jars/org.apache.hadoop_hadoop-client-runtime-3.3.4.jar with timestamp 1770831274100
26/02/11 17:34:36 INFO Utils: /root/.ivy2/jars/org.apache.hadoop_hadoop-client-runtime-3.3.4.jar has been previously copied to /tmp/spark-a043e9b5-4677-406f-a2b0-4832e9c1d7b2/userFiles-3576f23d-b167-400d-9cf1-96940b896ae9/org.apache.hadoop_hadoop-client-runtime-3.3.4.jar
26/02/11 17:34:36 INFO Executor: Fetching file:///root/.ivy2/jars/org.xerial.snappy_snappy-java-1.1.10.3.jar with timestamp 1770831274100
26/02/11 17:34:36 INFO Utils: /root/.ivy2/jars/org.xerial.snappy_snappy-java-1.1.10.3.jar has been previously copied to /tmp/spark-a043e9b5-4677-406f-a2b0-4832e9c1d7b2/userFiles-3576f23d-b167-400d-9cf1-96940b896ae9/org.xerial.snappy_snappy-java-1.1.10.3.jar
26/02/11 17:34:36 INFO Executor: Fetching file:///root/.ivy2/jars/org.apache.hadoop_hadoop-aws-3.3.4.jar with timestamp 1770831274100
26/02/11 17:34:36 INFO Utils: /root/.ivy2/jars/org.apache.hadoop_hadoop-aws-3.3.4.jar has been previously copied to /tmp/spark-a043e9b5-4677-406f-a2b0-4832e9c1d7b2/userFiles-3576f23d-b167-400d-9cf1-96940b896ae9/org.apache.hadoop_hadoop-aws-3.3.4.jar
26/02/11 17:34:36 INFO Executor: Fetching file:///root/.ivy2/jars/org.apache.spark_spark-token-provider-kafka-0-10_2.12-3.5.0.jar with timestamp 1770831274100
26/02/11 17:34:36 INFO Utils: /root/.ivy2/jars/org.apache.spark_spark-token-provider-kafka-0-10_2.12-3.5.0.jar has been previously copied to /tmp/spark-a043e9b5-4677-406f-a2b0-4832e9c1d7b2/userFiles-3576f23d-b167-400d-9cf1-96940b896ae9/org.apache.spark_spark-token-provider-kafka-0-10_2.12-3.5.0.jar
26/02/11 17:34:36 INFO Executor: Fetching file:///root/.ivy2/jars/org.slf4j_slf4j-api-2.0.7.jar with timestamp 1770831274100
26/02/11 17:34:36 INFO Utils: /root/.ivy2/jars/org.slf4j_slf4j-api-2.0.7.jar has been previously copied to /tmp/spark-a043e9b5-4677-406f-a2b0-4832e9c1d7b2/userFiles-3576f23d-b167-400d-9cf1-96940b896ae9/org.slf4j_slf4j-api-2.0.7.jar
26/02/11 17:34:36 INFO Executor: Fetching file:///root/.ivy2/jars/com.amazonaws_aws-java-sdk-bundle-1.12.262.jar with timestamp 1770831274100
26/02/11 17:34:37 INFO Utils: /root/.ivy2/jars/com.amazonaws_aws-java-sdk-bundle-1.12.262.jar has been previously copied to /tmp/spark-a043e9b5-4677-406f-a2b0-4832e9c1d7b2/userFiles-3576f23d-b167-400d-9cf1-96940b896ae9/com.amazonaws_aws-java-sdk-bundle-1.12.262.jar
26/02/11 17:34:37 INFO Executor: Fetching file:///root/.ivy2/jars/org.apache.iceberg_iceberg-spark-runtime-3.5_2.12-1.4.2.jar with timestamp 1770831274100
26/02/11 17:34:37 INFO Utils: /root/.ivy2/jars/org.apache.iceberg_iceberg-spark-runtime-3.5_2.12-1.4.2.jar has been previously copied to /tmp/spark-a043e9b5-4677-406f-a2b0-4832e9c1d7b2/userFiles-3576f23d-b167-400d-9cf1-96940b896ae9/org.apache.iceberg_iceberg-spark-runtime-3.5_2.12-1.4.2.jar
26/02/11 17:34:37 INFO Executor: Fetching file:///root/.ivy2/jars/org.apache.commons_commons-pool2-2.11.1.jar with timestamp 1770831274100
26/02/11 17:34:37 INFO Utils: /root/.ivy2/jars/org.apache.commons_commons-pool2-2.11.1.jar has been previously copied to /tmp/spark-a043e9b5-4677-406f-a2b0-4832e9c1d7b2/userFiles-3576f23d-b167-400d-9cf1-96940b896ae9/org.apache.commons_commons-pool2-2.11.1.jar
26/02/11 17:34:37 INFO Executor: Fetching file:///root/.ivy2/jars/commons-logging_commons-logging-1.1.3.jar with timestamp 1770831274100
26/02/11 17:34:37 INFO Utils: /root/.ivy2/jars/commons-logging_commons-logging-1.1.3.jar has been previously copied to /tmp/spark-a043e9b5-4677-406f-a2b0-4832e9c1d7b2/userFiles-3576f23d-b167-400d-9cf1-96940b896ae9/commons-logging_commons-logging-1.1.3.jar
26/02/11 17:34:37 INFO Executor: Fetching file:///root/.ivy2/jars/org.lz4_lz4-java-1.8.0.jar with timestamp 1770831274100
26/02/11 17:34:37 INFO Utils: /root/.ivy2/jars/org.lz4_lz4-java-1.8.0.jar has been previously copied to /tmp/spark-a043e9b5-4677-406f-a2b0-4832e9c1d7b2/userFiles-3576f23d-b167-400d-9cf1-96940b896ae9/org.lz4_lz4-java-1.8.0.jar
26/02/11 17:34:37 INFO Executor: Fetching file:///root/.ivy2/jars/org.apache.kafka_kafka-clients-3.4.1.jar with timestamp 1770831274100
26/02/11 17:34:37 INFO Utils: /root/.ivy2/jars/org.apache.kafka_kafka-clients-3.4.1.jar has been previously copied to /tmp/spark-a043e9b5-4677-406f-a2b0-4832e9c1d7b2/userFiles-3576f23d-b167-400d-9cf1-96940b896ae9/org.apache.kafka_kafka-clients-3.4.1.jar
26/02/11 17:34:37 INFO Executor: Fetching file:///root/.ivy2/jars/org.wildfly.openssl_wildfly-openssl-1.0.7.Final.jar with timestamp 1770831274100
26/02/11 17:34:37 INFO Utils: /root/.ivy2/jars/org.wildfly.openssl_wildfly-openssl-1.0.7.Final.jar has been previously copied to /tmp/spark-a043e9b5-4677-406f-a2b0-4832e9c1d7b2/userFiles-3576f23d-b167-400d-9cf1-96940b896ae9/org.wildfly.openssl_wildfly-openssl-1.0.7.Final.jar
26/02/11 17:34:37 INFO Executor: Fetching spark://a0cf84f032ea:35713/jars/org.xerial.snappy_snappy-java-1.1.10.3.jar with timestamp 1770831274100
26/02/11 17:34:37 INFO TransportClientFactory: Successfully created connection to a0cf84f032ea/172.22.0.3:35713 after 68 ms (0 ms spent in bootstraps)
26/02/11 17:34:37 INFO Utils: Fetching spark://a0cf84f032ea:35713/jars/org.xerial.snappy_snappy-java-1.1.10.3.jar to /tmp/spark-a043e9b5-4677-406f-a2b0-4832e9c1d7b2/userFiles-3576f23d-b167-400d-9cf1-96940b896ae9/fetchFileTemp1937731103580128557.tmp
26/02/11 17:34:37 INFO Utils: /tmp/spark-a043e9b5-4677-406f-a2b0-4832e9c1d7b2/userFiles-3576f23d-b167-400d-9cf1-96940b896ae9/fetchFileTemp1937731103580128557.tmp has been previously copied to /tmp/spark-a043e9b5-4677-406f-a2b0-4832e9c1d7b2/userFiles-3576f23d-b167-400d-9cf1-96940b896ae9/org.xerial.snappy_snappy-java-1.1.10.3.jar
26/02/11 17:34:37 INFO Executor: Adding file:/tmp/spark-a043e9b5-4677-406f-a2b0-4832e9c1d7b2/userFiles-3576f23d-b167-400d-9cf1-96940b896ae9/org.xerial.snappy_snappy-java-1.1.10.3.jar to class loader default
26/02/11 17:34:37 INFO Executor: Fetching spark://a0cf84f032ea:35713/jars/org.apache.spark_spark-sql-kafka-0-10_2.12-3.5.0.jar with timestamp 1770831274100
26/02/11 17:34:37 INFO Utils: Fetching spark://a0cf84f032ea:35713/jars/org.apache.spark_spark-sql-kafka-0-10_2.12-3.5.0.jar to /tmp/spark-a043e9b5-4677-406f-a2b0-4832e9c1d7b2/userFiles-3576f23d-b167-400d-9cf1-96940b896ae9/fetchFileTemp13205104007024401485.tmp
26/02/11 17:34:37 INFO Utils: /tmp/spark-a043e9b5-4677-406f-a2b0-4832e9c1d7b2/userFiles-3576f23d-b167-400d-9cf1-96940b896ae9/fetchFileTemp13205104007024401485.tmp has been previously copied to /tmp/spark-a043e9b5-4677-406f-a2b0-4832e9c1d7b2/userFiles-3576f23d-b167-400d-9cf1-96940b896ae9/org.apache.spark_spark-sql-kafka-0-10_2.12-3.5.0.jar
26/02/11 17:34:37 INFO Executor: Adding file:/tmp/spark-a043e9b5-4677-406f-a2b0-4832e9c1d7b2/userFiles-3576f23d-b167-400d-9cf1-96940b896ae9/org.apache.spark_spark-sql-kafka-0-10_2.12-3.5.0.jar to class loader default
26/02/11 17:34:37 INFO Executor: Fetching spark://a0cf84f032ea:35713/jars/com.google.code.findbugs_jsr305-3.0.0.jar with timestamp 1770831274100
26/02/11 17:34:37 INFO Utils: Fetching spark://a0cf84f032ea:35713/jars/com.google.code.findbugs_jsr305-3.0.0.jar to /tmp/spark-a043e9b5-4677-406f-a2b0-4832e9c1d7b2/userFiles-3576f23d-b167-400d-9cf1-96940b896ae9/fetchFileTemp2564159267218568150.tmp
26/02/11 17:34:37 INFO Utils: /tmp/spark-a043e9b5-4677-406f-a2b0-4832e9c1d7b2/userFiles-3576f23d-b167-400d-9cf1-96940b896ae9/fetchFileTemp2564159267218568150.tmp has been previously copied to /tmp/spark-a043e9b5-4677-406f-a2b0-4832e9c1d7b2/userFiles-3576f23d-b167-400d-9cf1-96940b896ae9/com.google.code.findbugs_jsr305-3.0.0.jar
26/02/11 17:34:37 INFO Executor: Adding file:/tmp/spark-a043e9b5-4677-406f-a2b0-4832e9c1d7b2/userFiles-3576f23d-b167-400d-9cf1-96940b896ae9/com.google.code.findbugs_jsr305-3.0.0.jar to class loader default
26/02/11 17:34:37 INFO Executor: Fetching spark://a0cf84f032ea:35713/jars/org.apache.kafka_kafka-clients-3.4.1.jar with timestamp 1770831274100
26/02/11 17:34:37 INFO Utils: Fetching spark://a0cf84f032ea:35713/jars/org.apache.kafka_kafka-clients-3.4.1.jar to /tmp/spark-a043e9b5-4677-406f-a2b0-4832e9c1d7b2/userFiles-3576f23d-b167-400d-9cf1-96940b896ae9/fetchFileTemp8220936394235634322.tmp
26/02/11 17:34:37 INFO Utils: /tmp/spark-a043e9b5-4677-406f-a2b0-4832e9c1d7b2/userFiles-3576f23d-b167-400d-9cf1-96940b896ae9/fetchFileTemp8220936394235634322.tmp has been previously copied to /tmp/spark-a043e9b5-4677-406f-a2b0-4832e9c1d7b2/userFiles-3576f23d-b167-400d-9cf1-96940b896ae9/org.apache.kafka_kafka-clients-3.4.1.jar
26/02/11 17:34:37 INFO Executor: Adding file:/tmp/spark-a043e9b5-4677-406f-a2b0-4832e9c1d7b2/userFiles-3576f23d-b167-400d-9cf1-96940b896ae9/org.apache.kafka_kafka-clients-3.4.1.jar to class loader default
26/02/11 17:34:37 INFO Executor: Fetching spark://a0cf84f032ea:35713/jars/org.slf4j_slf4j-api-2.0.7.jar with timestamp 1770831274100
26/02/11 17:34:37 INFO Utils: Fetching spark://a0cf84f032ea:35713/jars/org.slf4j_slf4j-api-2.0.7.jar to /tmp/spark-a043e9b5-4677-406f-a2b0-4832e9c1d7b2/userFiles-3576f23d-b167-400d-9cf1-96940b896ae9/fetchFileTemp9689084180826801770.tmp
26/02/11 17:34:37 INFO Utils: /tmp/spark-a043e9b5-4677-406f-a2b0-4832e9c1d7b2/userFiles-3576f23d-b167-400d-9cf1-96940b896ae9/fetchFileTemp9689084180826801770.tmp has been previously copied to /tmp/spark-a043e9b5-4677-406f-a2b0-4832e9c1d7b2/userFiles-3576f23d-b167-400d-9cf1-96940b896ae9/org.slf4j_slf4j-api-2.0.7.jar
26/02/11 17:34:37 INFO Executor: Adding file:/tmp/spark-a043e9b5-4677-406f-a2b0-4832e9c1d7b2/userFiles-3576f23d-b167-400d-9cf1-96940b896ae9/org.slf4j_slf4j-api-2.0.7.jar to class loader default
26/02/11 17:34:37 INFO Executor: Fetching spark://a0cf84f032ea:35713/jars/commons-logging_commons-logging-1.1.3.jar with timestamp 1770831274100
26/02/11 17:34:37 INFO Utils: Fetching spark://a0cf84f032ea:35713/jars/commons-logging_commons-logging-1.1.3.jar to /tmp/spark-a043e9b5-4677-406f-a2b0-4832e9c1d7b2/userFiles-3576f23d-b167-400d-9cf1-96940b896ae9/fetchFileTemp9344974137721787089.tmp
26/02/11 17:34:37 INFO Utils: /tmp/spark-a043e9b5-4677-406f-a2b0-4832e9c1d7b2/userFiles-3576f23d-b167-400d-9cf1-96940b896ae9/fetchFileTemp9344974137721787089.tmp has been previously copied to /tmp/spark-a043e9b5-4677-406f-a2b0-4832e9c1d7b2/userFiles-3576f23d-b167-400d-9cf1-96940b896ae9/commons-logging_commons-logging-1.1.3.jar
26/02/11 17:34:37 INFO Executor: Adding file:/tmp/spark-a043e9b5-4677-406f-a2b0-4832e9c1d7b2/userFiles-3576f23d-b167-400d-9cf1-96940b896ae9/commons-logging_commons-logging-1.1.3.jar to class loader default
26/02/11 17:34:37 INFO Executor: Fetching spark://a0cf84f032ea:35713/jars/org.apache.spark_spark-token-provider-kafka-0-10_2.12-3.5.0.jar with timestamp 1770831274100
26/02/11 17:34:37 INFO Utils: Fetching spark://a0cf84f032ea:35713/jars/org.apache.spark_spark-token-provider-kafka-0-10_2.12-3.5.0.jar to /tmp/spark-a043e9b5-4677-406f-a2b0-4832e9c1d7b2/userFiles-3576f23d-b167-400d-9cf1-96940b896ae9/fetchFileTemp221183943388625995.tmp
26/02/11 17:34:37 INFO Utils: /tmp/spark-a043e9b5-4677-406f-a2b0-4832e9c1d7b2/userFiles-3576f23d-b167-400d-9cf1-96940b896ae9/fetchFileTemp221183943388625995.tmp has been previously copied to /tmp/spark-a043e9b5-4677-406f-a2b0-4832e9c1d7b2/userFiles-3576f23d-b167-400d-9cf1-96940b896ae9/org.apache.spark_spark-token-provider-kafka-0-10_2.12-3.5.0.jar
26/02/11 17:34:37 INFO Executor: Adding file:/tmp/spark-a043e9b5-4677-406f-a2b0-4832e9c1d7b2/userFiles-3576f23d-b167-400d-9cf1-96940b896ae9/org.apache.spark_spark-token-provider-kafka-0-10_2.12-3.5.0.jar to class loader default
26/02/11 17:34:37 INFO Executor: Fetching spark://a0cf84f032ea:35713/jars/org.apache.hadoop_hadoop-aws-3.3.4.jar with timestamp 1770831274100
26/02/11 17:34:37 INFO Utils: Fetching spark://a0cf84f032ea:35713/jars/org.apache.hadoop_hadoop-aws-3.3.4.jar to /tmp/spark-a043e9b5-4677-406f-a2b0-4832e9c1d7b2/userFiles-3576f23d-b167-400d-9cf1-96940b896ae9/fetchFileTemp5096154809443783662.tmp
26/02/11 17:34:37 INFO Utils: /tmp/spark-a043e9b5-4677-406f-a2b0-4832e9c1d7b2/userFiles-3576f23d-b167-400d-9cf1-96940b896ae9/fetchFileTemp5096154809443783662.tmp has been previously copied to /tmp/spark-a043e9b5-4677-406f-a2b0-4832e9c1d7b2/userFiles-3576f23d-b167-400d-9cf1-96940b896ae9/org.apache.hadoop_hadoop-aws-3.3.4.jar
26/02/11 17:34:37 INFO Executor: Adding file:/tmp/spark-a043e9b5-4677-406f-a2b0-4832e9c1d7b2/userFiles-3576f23d-b167-400d-9cf1-96940b896ae9/org.apache.hadoop_hadoop-aws-3.3.4.jar to class loader default
26/02/11 17:34:37 INFO Executor: Fetching spark://a0cf84f032ea:35713/jars/org.lz4_lz4-java-1.8.0.jar with timestamp 1770831274100
26/02/11 17:34:37 INFO Utils: Fetching spark://a0cf84f032ea:35713/jars/org.lz4_lz4-java-1.8.0.jar to /tmp/spark-a043e9b5-4677-406f-a2b0-4832e9c1d7b2/userFiles-3576f23d-b167-400d-9cf1-96940b896ae9/fetchFileTemp15216438490243366386.tmp
26/02/11 17:34:37 INFO Utils: /tmp/spark-a043e9b5-4677-406f-a2b0-4832e9c1d7b2/userFiles-3576f23d-b167-400d-9cf1-96940b896ae9/fetchFileTemp15216438490243366386.tmp has been previously copied to /tmp/spark-a043e9b5-4677-406f-a2b0-4832e9c1d7b2/userFiles-3576f23d-b167-400d-9cf1-96940b896ae9/org.lz4_lz4-java-1.8.0.jar
26/02/11 17:34:37 INFO Executor: Adding file:/tmp/spark-a043e9b5-4677-406f-a2b0-4832e9c1d7b2/userFiles-3576f23d-b167-400d-9cf1-96940b896ae9/org.lz4_lz4-java-1.8.0.jar to class loader default
26/02/11 17:34:37 INFO Executor: Fetching spark://a0cf84f032ea:35713/jars/org.wildfly.openssl_wildfly-openssl-1.0.7.Final.jar with timestamp 1770831274100
26/02/11 17:34:37 INFO Utils: Fetching spark://a0cf84f032ea:35713/jars/org.wildfly.openssl_wildfly-openssl-1.0.7.Final.jar to /tmp/spark-a043e9b5-4677-406f-a2b0-4832e9c1d7b2/userFiles-3576f23d-b167-400d-9cf1-96940b896ae9/fetchFileTemp15992954402403534175.tmp
26/02/11 17:34:37 INFO Utils: /tmp/spark-a043e9b5-4677-406f-a2b0-4832e9c1d7b2/userFiles-3576f23d-b167-400d-9cf1-96940b896ae9/fetchFileTemp15992954402403534175.tmp has been previously copied to /tmp/spark-a043e9b5-4677-406f-a2b0-4832e9c1d7b2/userFiles-3576f23d-b167-400d-9cf1-96940b896ae9/org.wildfly.openssl_wildfly-openssl-1.0.7.Final.jar
26/02/11 17:34:37 INFO Executor: Adding file:/tmp/spark-a043e9b5-4677-406f-a2b0-4832e9c1d7b2/userFiles-3576f23d-b167-400d-9cf1-96940b896ae9/org.wildfly.openssl_wildfly-openssl-1.0.7.Final.jar to class loader default
26/02/11 17:34:37 INFO Executor: Fetching spark://a0cf84f032ea:35713/jars/org.apache.iceberg_iceberg-spark-runtime-3.5_2.12-1.4.2.jar with timestamp 1770831274100
26/02/11 17:34:37 INFO Utils: Fetching spark://a0cf84f032ea:35713/jars/org.apache.iceberg_iceberg-spark-runtime-3.5_2.12-1.4.2.jar to /tmp/spark-a043e9b5-4677-406f-a2b0-4832e9c1d7b2/userFiles-3576f23d-b167-400d-9cf1-96940b896ae9/fetchFileTemp9959637117832319965.tmp
26/02/11 17:34:37 INFO Utils: /tmp/spark-a043e9b5-4677-406f-a2b0-4832e9c1d7b2/userFiles-3576f23d-b167-400d-9cf1-96940b896ae9/fetchFileTemp9959637117832319965.tmp has been previously copied to /tmp/spark-a043e9b5-4677-406f-a2b0-4832e9c1d7b2/userFiles-3576f23d-b167-400d-9cf1-96940b896ae9/org.apache.iceberg_iceberg-spark-runtime-3.5_2.12-1.4.2.jar
26/02/11 17:34:38 INFO Executor: Adding file:/tmp/spark-a043e9b5-4677-406f-a2b0-4832e9c1d7b2/userFiles-3576f23d-b167-400d-9cf1-96940b896ae9/org.apache.iceberg_iceberg-spark-runtime-3.5_2.12-1.4.2.jar to class loader default
26/02/11 17:34:38 INFO Executor: Fetching spark://a0cf84f032ea:35713/jars/com.amazonaws_aws-java-sdk-bundle-1.12.262.jar with timestamp 1770831274100
26/02/11 17:34:38 INFO Utils: Fetching spark://a0cf84f032ea:35713/jars/com.amazonaws_aws-java-sdk-bundle-1.12.262.jar to /tmp/spark-a043e9b5-4677-406f-a2b0-4832e9c1d7b2/userFiles-3576f23d-b167-400d-9cf1-96940b896ae9/fetchFileTemp10462867653696880975.tmp
26/02/11 17:34:47 INFO Utils: /tmp/spark-a043e9b5-4677-406f-a2b0-4832e9c1d7b2/userFiles-3576f23d-b167-400d-9cf1-96940b896ae9/fetchFileTemp10462867653696880975.tmp has been previously copied to /tmp/spark-a043e9b5-4677-406f-a2b0-4832e9c1d7b2/userFiles-3576f23d-b167-400d-9cf1-96940b896ae9/com.amazonaws_aws-java-sdk-bundle-1.12.262.jar
26/02/11 17:34:47 INFO Executor: Adding file:/tmp/spark-a043e9b5-4677-406f-a2b0-4832e9c1d7b2/userFiles-3576f23d-b167-400d-9cf1-96940b896ae9/com.amazonaws_aws-java-sdk-bundle-1.12.262.jar to class loader default
26/02/11 17:34:47 INFO Executor: Fetching spark://a0cf84f032ea:35713/jars/org.apache.hadoop_hadoop-client-runtime-3.3.4.jar with timestamp 1770831274100
26/02/11 17:34:47 INFO Utils: Fetching spark://a0cf84f032ea:35713/jars/org.apache.hadoop_hadoop-client-runtime-3.3.4.jar to /tmp/spark-a043e9b5-4677-406f-a2b0-4832e9c1d7b2/userFiles-3576f23d-b167-400d-9cf1-96940b896ae9/fetchFileTemp7412059313506168540.tmp
26/02/11 17:34:47 INFO Utils: /tmp/spark-a043e9b5-4677-406f-a2b0-4832e9c1d7b2/userFiles-3576f23d-b167-400d-9cf1-96940b896ae9/fetchFileTemp7412059313506168540.tmp has been previously copied to /tmp/spark-a043e9b5-4677-406f-a2b0-4832e9c1d7b2/userFiles-3576f23d-b167-400d-9cf1-96940b896ae9/org.apache.hadoop_hadoop-client-runtime-3.3.4.jar
26/02/11 17:34:47 INFO Executor: Adding file:/tmp/spark-a043e9b5-4677-406f-a2b0-4832e9c1d7b2/userFiles-3576f23d-b167-400d-9cf1-96940b896ae9/org.apache.hadoop_hadoop-client-runtime-3.3.4.jar to class loader default
26/02/11 17:34:47 INFO Executor: Fetching spark://a0cf84f032ea:35713/jars/org.apache.hadoop_hadoop-client-api-3.3.4.jar with timestamp 1770831274100
26/02/11 17:34:47 INFO Utils: Fetching spark://a0cf84f032ea:35713/jars/org.apache.hadoop_hadoop-client-api-3.3.4.jar to /tmp/spark-a043e9b5-4677-406f-a2b0-4832e9c1d7b2/userFiles-3576f23d-b167-400d-9cf1-96940b896ae9/fetchFileTemp1516661293863705520.tmp
26/02/11 17:34:48 INFO Utils: /tmp/spark-a043e9b5-4677-406f-a2b0-4832e9c1d7b2/userFiles-3576f23d-b167-400d-9cf1-96940b896ae9/fetchFileTemp1516661293863705520.tmp has been previously copied to /tmp/spark-a043e9b5-4677-406f-a2b0-4832e9c1d7b2/userFiles-3576f23d-b167-400d-9cf1-96940b896ae9/org.apache.hadoop_hadoop-client-api-3.3.4.jar
26/02/11 17:34:48 INFO Executor: Adding file:/tmp/spark-a043e9b5-4677-406f-a2b0-4832e9c1d7b2/userFiles-3576f23d-b167-400d-9cf1-96940b896ae9/org.apache.hadoop_hadoop-client-api-3.3.4.jar to class loader default
26/02/11 17:34:48 INFO Executor: Fetching spark://a0cf84f032ea:35713/jars/org.apache.commons_commons-pool2-2.11.1.jar with timestamp 1770831274100
26/02/11 17:34:48 INFO Utils: Fetching spark://a0cf84f032ea:35713/jars/org.apache.commons_commons-pool2-2.11.1.jar to /tmp/spark-a043e9b5-4677-406f-a2b0-4832e9c1d7b2/userFiles-3576f23d-b167-400d-9cf1-96940b896ae9/fetchFileTemp3843201112869608051.tmp
26/02/11 17:34:48 INFO Utils: /tmp/spark-a043e9b5-4677-406f-a2b0-4832e9c1d7b2/userFiles-3576f23d-b167-400d-9cf1-96940b896ae9/fetchFileTemp3843201112869608051.tmp has been previously copied to /tmp/spark-a043e9b5-4677-406f-a2b0-4832e9c1d7b2/userFiles-3576f23d-b167-400d-9cf1-96940b896ae9/org.apache.commons_commons-pool2-2.11.1.jar
26/02/11 17:34:48 INFO Executor: Adding file:/tmp/spark-a043e9b5-4677-406f-a2b0-4832e9c1d7b2/userFiles-3576f23d-b167-400d-9cf1-96940b896ae9/org.apache.commons_commons-pool2-2.11.1.jar to class loader default
26/02/11 17:34:48 INFO Utils: Successfully started service 'org.apache.spark.network.netty.NettyBlockTransferService' on port 41775.
26/02/11 17:34:48 INFO NettyBlockTransferService: Server created on a0cf84f032ea:41775
26/02/11 17:34:48 INFO BlockManager: Using org.apache.spark.storage.RandomBlockReplicationPolicy for block replication policy
26/02/11 17:34:48 INFO BlockManagerMaster: Registering BlockManager BlockManagerId(driver, a0cf84f032ea, 41775, None)
26/02/11 17:34:48 INFO BlockManagerMasterEndpoint: Registering block manager a0cf84f032ea:41775 with 434.4 MiB RAM, BlockManagerId(driver, a0cf84f032ea, 41775, None)
26/02/11 17:34:48 INFO BlockManagerMaster: Registered BlockManager BlockManagerId(driver, a0cf84f032ea, 41775, None)
26/02/11 17:34:48 INFO BlockManager: Initialized BlockManager: BlockManagerId(driver, a0cf84f032ea, 41775, None)
INFO:__main__:Spark Session Created
26/02/11 17:34:49 INFO SharedState: Setting hive.metastore.warehouse.dir ('null') to the value of spark.sql.warehouse.dir.
26/02/11 17:34:49 INFO SharedState: Warehouse path is 'file:/opt/spark/work-dir/spark-warehouse'.
26/02/11 17:34:52 INFO CatalogUtil: Loading custom FileIO implementation: org.apache.iceberg.hadoop.HadoopFileIO
26/02/11 17:34:57 INFO StateStoreCoordinatorRef: Registered StateStoreCoordinator endpoint
26/02/11 17:34:57 WARN MetricsConfig: Cannot locate configuration: tried hadoop-metrics2-s3a-file-system.properties,hadoop-metrics2.properties
26/02/11 17:34:57 INFO MetricsSystemImpl: Scheduled Metric snapshot period at 10 second(s).
26/02/11 17:34:57 INFO MetricsSystemImpl: s3a-file-system metrics system started
