26/02/11 17:42:27 INFO SparkContext: Running Spark version 3.5.0
26/02/11 17:42:27 INFO SparkContext: OS info Linux, 6.6.87.2-microsoft-standard-WSL2, amd64
26/02/11 17:42:27 INFO SparkContext: Java version 11.0.20.1
26/02/11 17:42:28 WARN NativeCodeLoader: Unable to load native-hadoop library for your platform... using builtin-java classes where applicable
26/02/11 17:42:28 INFO ResourceUtils: ==============================================================
26/02/11 17:42:28 INFO ResourceUtils: No custom resources configured for spark.driver.
26/02/11 17:42:28 INFO ResourceUtils: ==============================================================
26/02/11 17:42:28 INFO SparkContext: Submitted application: CryptoLake-StreamToBronze
26/02/11 17:42:28 INFO ResourceProfile: Default ResourceProfile created, executor resources: Map(cores -> name: cores, amount: 1, script: , vendor: , memory -> name: memory, amount: 1024, script: , vendor: , offHeap -> name: offHeap, amount: 0, script: , vendor: ), task resources: Map(cpus -> name: cpus, amount: 1.0)
26/02/11 17:42:28 INFO ResourceProfile: Limiting resource is cpu
26/02/11 17:42:28 INFO ResourceProfileManager: Added ResourceProfile id: 0
26/02/11 17:42:28 INFO SecurityManager: Changing view acls to: root
26/02/11 17:42:28 INFO SecurityManager: Changing modify acls to: root
26/02/11 17:42:28 INFO SecurityManager: Changing view acls groups to: 
26/02/11 17:42:28 INFO SecurityManager: Changing modify acls groups to: 
26/02/11 17:42:28 INFO SecurityManager: SecurityManager: authentication disabled; ui acls disabled; users with view permissions: root; groups with view permissions: EMPTY; users with modify permissions: root; groups with modify permissions: EMPTY
26/02/11 17:42:28 INFO Utils: Successfully started service 'sparkDriver' on port 40207.
26/02/11 17:42:28 INFO SparkEnv: Registering MapOutputTracker
26/02/11 17:42:28 INFO SparkEnv: Registering BlockManagerMaster
26/02/11 17:42:28 INFO BlockManagerMasterEndpoint: Using org.apache.spark.storage.DefaultTopologyMapper for getting topology information
26/02/11 17:42:28 INFO BlockManagerMasterEndpoint: BlockManagerMasterEndpoint up
26/02/11 17:42:28 INFO SparkEnv: Registering BlockManagerMasterHeartbeat
26/02/11 17:42:28 INFO DiskBlockManager: Created local directory at /tmp/blockmgr-abf17295-ba38-4dea-9975-e892ae644270
26/02/11 17:42:28 INFO MemoryStore: MemoryStore started with capacity 434.4 MiB
26/02/11 17:42:28 INFO SparkEnv: Registering OutputCommitCoordinator
26/02/11 17:42:29 INFO JettyUtils: Start Jetty 0.0.0.0:4040 for SparkUI
26/02/11 17:42:29 INFO Utils: Successfully started service 'SparkUI' on port 4040.
26/02/11 17:42:29 INFO Executor: Starting executor ID driver on host a0cf84f032ea
26/02/11 17:42:29 INFO Executor: OS info Linux, 6.6.87.2-microsoft-standard-WSL2, amd64
26/02/11 17:42:29 INFO Executor: Java version 11.0.20.1
26/02/11 17:42:29 INFO Executor: Starting executor with user classpath (userClassPathFirst = false): ''
26/02/11 17:42:29 INFO Executor: Created or updated repl class loader org.apache.spark.util.MutableURLClassLoader@174f78c for default.
26/02/11 17:42:29 INFO Utils: Successfully started service 'org.apache.spark.network.netty.NettyBlockTransferService' on port 42939.
26/02/11 17:42:29 INFO NettyBlockTransferService: Server created on a0cf84f032ea:42939
26/02/11 17:42:29 INFO BlockManager: Using org.apache.spark.storage.RandomBlockReplicationPolicy for block replication policy
26/02/11 17:42:29 INFO BlockManagerMaster: Registering BlockManager BlockManagerId(driver, a0cf84f032ea, 42939, None)
26/02/11 17:42:29 INFO BlockManagerMasterEndpoint: Registering block manager a0cf84f032ea:42939 with 434.4 MiB RAM, BlockManagerId(driver, a0cf84f032ea, 42939, None)
26/02/11 17:42:29 INFO BlockManagerMaster: Registered BlockManager BlockManagerId(driver, a0cf84f032ea, 42939, None)
26/02/11 17:42:29 INFO BlockManager: Initialized BlockManager: BlockManagerId(driver, a0cf84f032ea, 42939, None)
INFO:__main__:Spark Session Created
26/02/11 17:42:30 INFO SharedState: Setting hive.metastore.warehouse.dir ('null') to the value of spark.sql.warehouse.dir.
26/02/11 17:42:30 INFO SharedState: Warehouse path is 'file:/opt/spark/work-dir/spark-warehouse'.
26/02/11 17:42:33 WARN MetricsConfig: Cannot locate configuration: tried hadoop-metrics2-s3a-file-system.properties,hadoop-metrics2.properties
26/02/11 17:42:33 INFO MetricsSystemImpl: Scheduled Metric snapshot period at 10 second(s).
26/02/11 17:42:33 INFO MetricsSystemImpl: s3a-file-system metrics system started
26/02/11 17:42:34 INFO CatalogUtil: Loading custom FileIO implementation: org.apache.iceberg.hadoop.HadoopFileIO
26/02/11 17:42:35 INFO BaseMetastoreCatalog: Table loaded by catalog: cryptolake.bronze.realtime_prices
26/02/11 17:42:36 INFO StateStoreCoordinatorRef: Registered StateStoreCoordinator endpoint
26/02/11 17:42:36 INFO ResolveWriteToStream: Checkpoint root s3a://cryptolake-bronze/checkpoints/bronze/binance_futures resolved to s3a://cryptolake-bronze/checkpoints/bronze/binance_futures.
26/02/11 17:42:36 WARN ResolveWriteToStream: spark.sql.adaptive.enabled is not supported in streaming DataFrames/Datasets and will be disabled.
26/02/11 17:42:36 INFO deprecation: org.apache.hadoop.shaded.io.bytes.per.checksum is deprecated. Instead, use dfs.bytes-per-checksum
26/02/11 17:42:36 INFO MicroBatchExecution: Starting [id = 3a08e7be-d562-4307-8d87-295d8d7f4856, runId = ff866d7f-779c-408b-b9f9-3fb5592a698e]. Use s3a://cryptolake-bronze/checkpoints/bronze/binance_futures to store the query checkpoint.
INFO:__main__:Streaming query started to table cryptolake.bronze.realtime_prices...
26/02/11 17:42:36 INFO MicroBatchExecution: Reading table [org.apache.spark.sql.kafka010.KafkaSourceProvider$KafkaTable@648f6b72] from DataSourceV2 named 'kafka' [org.apache.spark.sql.kafka010.KafkaSourceProvider@7d404fa2]
26/02/11 17:42:36 ERROR MicroBatchExecution: Query [id = 3a08e7be-d562-4307-8d87-295d8d7f4856, runId = ff866d7f-779c-408b-b9f9-3fb5592a698e] terminated with error
java.lang.NoClassDefFoundError: org/apache/spark/kafka010/KafkaConfigUpdater
	at org.apache.spark.sql.kafka010.KafkaSourceProvider$.kafkaParamsForDriver(KafkaSourceProvider.scala:645)
	at org.apache.spark.sql.kafka010.KafkaSourceProvider$KafkaScan.toMicroBatchStream(KafkaSourceProvider.scala:482)
	at org.apache.spark.sql.execution.streaming.MicroBatchExecution$$anonfun$1.$anonfun$applyOrElse$4(MicroBatchExecution.scala:107)
	at scala.collection.mutable.HashMap.getOrElseUpdate(HashMap.scala:86)
	at org.apache.spark.sql.execution.streaming.MicroBatchExecution$$anonfun$1.applyOrElse(MicroBatchExecution.scala:100)
	at org.apache.spark.sql.execution.streaming.MicroBatchExecution$$anonfun$1.applyOrElse(MicroBatchExecution.scala:84)
	at org.apache.spark.sql.catalyst.trees.TreeNode.$anonfun$transformDownWithPruning$1(TreeNode.scala:461)
	at org.apache.spark.sql.catalyst.trees.CurrentOrigin$.withOrigin(origin.scala:76)
	at org.apache.spark.sql.catalyst.trees.TreeNode.transformDownWithPruning(TreeNode.scala:461)
	at org.apache.spark.sql.catalyst.plans.logical.LogicalPlan.org$apache$spark$sql$catalyst$plans$logical$AnalysisHelper$$super$transformDownWithPruning(LogicalPlan.scala:32)
	at org.apache.spark.sql.catalyst.plans.logical.AnalysisHelper.transformDownWithPruning(AnalysisHelper.scala:267)
	at org.apache.spark.sql.catalyst.plans.logical.AnalysisHelper.transformDownWithPruning$(AnalysisHelper.scala:263)
	at org.apache.spark.sql.catalyst.plans.logical.LogicalPlan.transformDownWithPruning(LogicalPlan.scala:32)
	at org.apache.spark.sql.catalyst.plans.logical.LogicalPlan.transformDownWithPruning(LogicalPlan.scala:32)
	at org.apache.spark.sql.catalyst.trees.TreeNode.$anonfun$transformDownWithPruning$3(TreeNode.scala:466)
	at org.apache.spark.sql.catalyst.trees.UnaryLike.mapChildren(TreeNode.scala:1215)
	at org.apache.spark.sql.catalyst.trees.UnaryLike.mapChildren$(TreeNode.scala:1214)
	at org.apache.spark.sql.catalyst.plans.logical.Project.mapChildren(basicLogicalOperators.scala:71)
	at org.apache.spark.sql.catalyst.trees.TreeNode.transformDownWithPruning(TreeNode.scala:466)
	at org.apache.spark.sql.catalyst.plans.logical.LogicalPlan.org$apache$spark$sql$catalyst$plans$logical$AnalysisHelper$$super$transformDownWithPruning(LogicalPlan.scala:32)
	at org.apache.spark.sql.catalyst.plans.logical.AnalysisHelper.transformDownWithPruning(AnalysisHelper.scala:267)
	at org.apache.spark.sql.catalyst.plans.logical.AnalysisHelper.transformDownWithPruning$(AnalysisHelper.scala:263)
	at org.apache.spark.sql.catalyst.plans.logical.LogicalPlan.transformDownWithPruning(LogicalPlan.scala:32)
	at org.apache.spark.sql.catalyst.plans.logical.LogicalPlan.transformDownWithPruning(LogicalPlan.scala:32)
	at org.apache.spark.sql.catalyst.trees.TreeNode.$anonfun$transformDownWithPruning$3(TreeNode.scala:466)
	at org.apache.spark.sql.catalyst.trees.UnaryLike.mapChildren(TreeNode.scala:1215)
	at org.apache.spark.sql.catalyst.trees.UnaryLike.mapChildren$(TreeNode.scala:1214)
	at org.apache.spark.sql.catalyst.plans.logical.Project.mapChildren(basicLogicalOperators.scala:71)
	at org.apache.spark.sql.catalyst.trees.TreeNode.transformDownWithPruning(TreeNode.scala:466)
	at org.apache.spark.sql.catalyst.plans.logical.LogicalPlan.org$apache$spark$sql$catalyst$plans$logical$AnalysisHelper$$super$transformDownWithPruning(LogicalPlan.scala:32)
	at org.apache.spark.sql.catalyst.plans.logical.AnalysisHelper.transformDownWithPruning(AnalysisHelper.scala:267)
	at org.apache.spark.sql.catalyst.plans.logical.AnalysisHelper.transformDownWithPruning$(AnalysisHelper.scala:263)
	at org.apache.spark.sql.catalyst.plans.logical.LogicalPlan.transformDownWithPruning(LogicalPlan.scala:32)
	at org.apache.spark.sql.catalyst.plans.logical.LogicalPlan.transformDownWithPruning(LogicalPlan.scala:32)
	at org.apache.spark.sql.catalyst.trees.TreeNode.$anonfun$transformDownWithPruning$3(TreeNode.scala:466)
	at org.apache.spark.sql.catalyst.trees.UnaryLike.mapChildren(TreeNode.scala:1215)
	at org.apache.spark.sql.catalyst.trees.UnaryLike.mapChildren$(TreeNode.scala:1214)
	at org.apache.spark.sql.catalyst.plans.logical.Project.mapChildren(basicLogicalOperators.scala:71)
	at org.apache.spark.sql.catalyst.trees.TreeNode.transformDownWithPruning(TreeNode.scala:466)
	at org.apache.spark.sql.catalyst.plans.logical.LogicalPlan.org$apache$spark$sql$catalyst$plans$logical$AnalysisHelper$$super$transformDownWithPruning(LogicalPlan.scala:32)
	at org.apache.spark.sql.catalyst.plans.logical.AnalysisHelper.transformDownWithPruning(AnalysisHelper.scala:267)
	at org.apache.spark.sql.catalyst.plans.logical.AnalysisHelper.transformDownWithPruning$(AnalysisHelper.scala:263)
	at org.apache.spark.sql.catalyst.plans.logical.LogicalPlan.transformDownWithPruning(LogicalPlan.scala:32)
	at org.apache.spark.sql.catalyst.plans.logical.LogicalPlan.transformDownWithPruning(LogicalPlan.scala:32)
	at org.apache.spark.sql.catalyst.trees.TreeNode.transformDown(TreeNode.scala:437)
	at org.apache.spark.sql.catalyst.trees.TreeNode.transform(TreeNode.scala:405)
	at org.apache.spark.sql.execution.streaming.MicroBatchExecution.logicalPlan$lzycompute(MicroBatchExecution.scala:84)
	at org.apache.spark.sql.execution.streaming.MicroBatchExecution.logicalPlan(MicroBatchExecution.scala:64)
	at org.apache.spark.sql.execution.streaming.StreamExecution.$anonfun$runStream$1(StreamExecution.scala:303)
	at scala.runtime.java8.JFunction0$mcV$sp.apply(JFunction0$mcV$sp.java:23)
	at org.apache.spark.sql.SparkSession.withActive(SparkSession.scala:900)
	at org.apache.spark.sql.execution.streaming.StreamExecution.org$apache$spark$sql$execution$streaming$StreamExecution$$runStream(StreamExecution.scala:289)
	at org.apache.spark.sql.execution.streaming.StreamExecution$$anon$1.$anonfun$run$1(StreamExecution.scala:211)
	at scala.runtime.java8.JFunction0$mcV$sp.apply(JFunction0$mcV$sp.java:23)
	at org.apache.spark.JobArtifactSet$.withActiveJobArtifactState(JobArtifactSet.scala:94)
	at org.apache.spark.sql.execution.streaming.StreamExecution$$anon$1.run(StreamExecution.scala:211)
Caused by: java.lang.ClassNotFoundException: org.apache.spark.kafka010.KafkaConfigUpdater
	at java.base/jdk.internal.loader.BuiltinClassLoader.loadClass(Unknown Source)
	at java.base/jdk.internal.loader.ClassLoaders$AppClassLoader.loadClass(Unknown Source)
	at java.base/java.lang.ClassLoader.loadClass(Unknown Source)
	... 56 more
26/02/11 17:42:36 INFO MicroBatchExecution: Async log purge executor pool for query [id = 3a08e7be-d562-4307-8d87-295d8d7f4856, runId = ff866d7f-779c-408b-b9f9-3fb5592a698e] has been shutdown
Exception in thread "stream execution thread for [id = 3a08e7be-d562-4307-8d87-295d8d7f4856, runId = ff866d7f-779c-408b-b9f9-3fb5592a698e]" java.lang.NoClassDefFoundError: org/apache/spark/kafka010/KafkaConfigUpdater
	at org.apache.spark.sql.kafka010.KafkaSourceProvider$.kafkaParamsForDriver(KafkaSourceProvider.scala:645)
	at org.apache.spark.sql.kafka010.KafkaSourceProvider$KafkaScan.toMicroBatchStream(KafkaSourceProvider.scala:482)
	at org.apache.spark.sql.execution.streaming.MicroBatchExecution$$anonfun$1.$anonfun$applyOrElse$4(MicroBatchExecution.scala:107)
	at scala.collection.mutable.HashMap.getOrElseUpdate(HashMap.scala:86)
	at org.apache.spark.sql.execution.streaming.MicroBatchExecution$$anonfun$1.applyOrElse(MicroBatchExecution.scala:100)
	at org.apache.spark.sql.execution.streaming.MicroBatchExecution$$anonfun$1.applyOrElse(MicroBatchExecution.scala:84)
	at org.apache.spark.sql.catalyst.trees.TreeNode.$anonfun$transformDownWithPruning$1(TreeNode.scala:461)
	at org.apache.spark.sql.catalyst.trees.CurrentOrigin$.withOrigin(origin.scala:76)
	at org.apache.spark.sql.catalyst.trees.TreeNode.transformDownWithPruning(TreeNode.scala:461)
	at org.apache.spark.sql.catalyst.plans.logical.LogicalPlan.org$apache$spark$sql$catalyst$plans$logical$AnalysisHelper$$super$transformDownWithPruning(LogicalPlan.scala:32)
	at org.apache.spark.sql.catalyst.plans.logical.AnalysisHelper.transformDownWithPruning(AnalysisHelper.scala:267)
	at org.apache.spark.sql.catalyst.plans.logical.AnalysisHelper.transformDownWithPruning$(AnalysisHelper.scala:263)
	at org.apache.spark.sql.catalyst.plans.logical.LogicalPlan.transformDownWithPruning(LogicalPlan.scala:32)
	at org.apache.spark.sql.catalyst.plans.logical.LogicalPlan.transformDownWithPruning(LogicalPlan.scala:32)
	at org.apache.spark.sql.catalyst.trees.TreeNode.$anonfun$transformDownWithPruning$3(TreeNode.scala:466)
	at org.apache.spark.sql.catalyst.trees.UnaryLike.mapChildren(TreeNode.scala:1215)
	at org.apache.spark.sql.catalyst.trees.UnaryLike.mapChildren$(TreeNode.scala:1214)
	at org.apache.spark.sql.catalyst.plans.logical.Project.mapChildren(basicLogicalOperators.scala:71)
	at org.apache.spark.sql.catalyst.trees.TreeNode.transformDownWithPruning(TreeNode.scala:466)
	at org.apache.spark.sql.catalyst.plans.logical.LogicalPlan.org$apache$spark$sql$catalyst$plans$logical$AnalysisHelper$$super$transformDownWithPruning(LogicalPlan.scala:32)
	at org.apache.spark.sql.catalyst.plans.logical.AnalysisHelper.transformDownWithPruning(AnalysisHelper.scala:267)
	at org.apache.spark.sql.catalyst.plans.logical.AnalysisHelper.transformDownWithPruning$(AnalysisHelper.scala:263)
	at org.apache.spark.sql.catalyst.plans.logical.LogicalPlan.transformDownWithPruning(LogicalPlan.scala:32)
	at org.apache.spark.sql.catalyst.plans.logical.LogicalPlan.transformDownWithPruning(LogicalPlan.scala:32)
	at org.apache.spark.sql.catalyst.trees.TreeNode.$anonfun$transformDownWithPruning$3(TreeNode.scala:466)
	at org.apache.spark.sql.catalyst.trees.UnaryLike.mapChildren(TreeNode.scala:1215)
	at org.apache.spark.sql.catalyst.trees.UnaryLike.mapChildren$(TreeNode.scala:1214)
	at org.apache.spark.sql.catalyst.plans.logical.Project.mapChildren(basicLogicalOperators.scala:71)
	at org.apache.spark.sql.catalyst.trees.TreeNode.transformDownWithPruning(TreeNode.scala:466)
	at org.apache.spark.sql.catalyst.plans.logical.LogicalPlan.org$apache$spark$sql$catalyst$plans$logical$AnalysisHelper$$super$transformDownWithPruning(LogicalPlan.scala:32)
	at org.apache.spark.sql.catalyst.plans.logical.AnalysisHelper.transformDownWithPruning(AnalysisHelper.scala:267)
	at org.apache.spark.sql.catalyst.plans.logical.AnalysisHelper.transformDownWithPruning$(AnalysisHelper.scala:263)
	at org.apache.spark.sql.catalyst.plans.logical.LogicalPlan.transformDownWithPruning(LogicalPlan.scala:32)
	at org.apache.spark.sql.catalyst.plans.logical.LogicalPlan.transformDownWithPruning(LogicalPlan.scala:32)
	at org.apache.spark.sql.catalyst.trees.TreeNode.$anonfun$transformDownWithPruning$3(TreeNode.scala:466)
	at org.apache.spark.sql.catalyst.trees.UnaryLike.mapChildren(TreeNode.scala:1215)
	at org.apache.spark.sql.catalyst.trees.UnaryLike.mapChildren$(TreeNode.scala:1214)
	at org.apache.spark.sql.catalyst.plans.logical.Project.mapChildren(basicLogicalOperators.scala:71)
	at org.apache.spark.sql.catalyst.trees.TreeNode.transformDownWithPruning(TreeNode.scala:466)
	at org.apache.spark.sql.catalyst.plans.logical.LogicalPlan.org$apache$spark$sql$catalyst$plans$logical$AnalysisHelper$$super$transformDownWithPruning(LogicalPlan.scala:32)
	at org.apache.spark.sql.catalyst.plans.logical.AnalysisHelper.transformDownWithPruning(AnalysisHelper.scala:267)
	at org.apache.spark.sql.catalyst.plans.logical.AnalysisHelper.transformDownWithPruning$(AnalysisHelper.scala:263)
	at org.apache.spark.sql.catalyst.plans.logical.LogicalPlan.transformDownWithPruning(LogicalPlan.scala:32)
	at org.apache.spark.sql.catalyst.plans.logical.LogicalPlan.transformDownWithPruning(LogicalPlan.scala:32)
	at org.apache.spark.sql.catalyst.trees.TreeNode.transformDown(TreeNode.scala:437)
	at org.apache.spark.sql.catalyst.trees.TreeNode.transform(TreeNode.scala:405)
	at org.apache.spark.sql.execution.streaming.MicroBatchExecution.logicalPlan$lzycompute(MicroBatchExecution.scala:84)
	at org.apache.spark.sql.execution.streaming.MicroBatchExecution.logicalPlan(MicroBatchExecution.scala:64)
	at org.apache.spark.sql.execution.streaming.StreamExecution.$anonfun$runStream$1(StreamExecution.scala:303)
	at scala.runtime.java8.JFunction0$mcV$sp.apply(JFunction0$mcV$sp.java:23)
	at org.apache.spark.sql.SparkSession.withActive(SparkSession.scala:900)
	at org.apache.spark.sql.execution.streaming.StreamExecution.org$apache$spark$sql$execution$streaming$StreamExecution$$runStream(StreamExecution.scala:289)
	at org.apache.spark.sql.execution.streaming.StreamExecution$$anon$1.$anonfun$run$1(StreamExecution.scala:211)
	at scala.runtime.java8.JFunction0$mcV$sp.apply(JFunction0$mcV$sp.java:23)
	at org.apache.spark.JobArtifactSet$.withActiveJobArtifactState(JobArtifactSet.scala:94)
	at org.apache.spark.sql.execution.streaming.StreamExecution$$anon$1.run(StreamExecution.scala:211)
Caused by: java.lang.ClassNotFoundException: org.apache.spark.kafka010.KafkaConfigUpdater
	at java.base/jdk.internal.loader.BuiltinClassLoader.loadClass(Unknown Source)
	at java.base/jdk.internal.loader.ClassLoaders$AppClassLoader.loadClass(Unknown Source)
	at java.base/java.lang.ClassLoader.loadClass(Unknown Source)
	... 56 more
Traceback (most recent call last):
  File "/opt/spark/work-dir/src/processing/streaming/stream_to_bronze.py", line 61, in <module>
    main()
  File "/opt/spark/work-dir/src/processing/streaming/stream_to_bronze.py", line 58, in main
    query.awaitTermination()
  File "/opt/spark/python/lib/pyspark.zip/pyspark/sql/streaming/query.py", line 221, in awaitTermination
  File "/opt/spark/python/lib/py4j-0.10.9.7-src.zip/py4j/java_gateway.py", line 1322, in __call__
  File "/opt/spark/python/lib/pyspark.zip/pyspark/errors/exceptions/captured.py", line 185, in deco
pyspark.errors.exceptions.captured.StreamingQueryException: [STREAM_FAILED] Query [id = 3a08e7be-d562-4307-8d87-295d8d7f4856, runId = ff866d7f-779c-408b-b9f9-3fb5592a698e] terminated with exception: org/apache/spark/kafka010/KafkaConfigUpdater
26/02/11 17:42:36 INFO SparkContext: Invoking stop() from shutdown hook
26/02/11 17:42:36 INFO SparkContext: SparkContext is stopping with exitCode 0.
26/02/11 17:42:36 INFO SparkUI: Stopped Spark web UI at http://a0cf84f032ea:4040
26/02/11 17:42:36 INFO MapOutputTrackerMasterEndpoint: MapOutputTrackerMasterEndpoint stopped!
26/02/11 17:42:37 INFO MemoryStore: MemoryStore cleared
26/02/11 17:42:37 INFO BlockManager: BlockManager stopped
26/02/11 17:42:37 INFO BlockManagerMaster: BlockManagerMaster stopped
26/02/11 17:42:37 INFO OutputCommitCoordinator$OutputCommitCoordinatorEndpoint: OutputCommitCoordinator stopped!
26/02/11 17:42:37 INFO SparkContext: Successfully stopped SparkContext
26/02/11 17:42:37 INFO ShutdownHookManager: Shutdown hook called
26/02/11 17:42:37 INFO ShutdownHookManager: Deleting directory /tmp/spark-54fd0031-51f4-49ad-816b-cf9d394801b8
26/02/11 17:42:37 INFO ShutdownHookManager: Deleting directory /tmp/spark-54fd0031-51f4-49ad-816b-cf9d394801b8/pyspark-053100fc-2269-4598-aafe-207e004925e0
26/02/11 17:42:37 INFO ShutdownHookManager: Deleting directory /tmp/spark-e5f15553-d7ff-41b1-8229-fb1b8a6809d3
